ARM GAS  C:\Users\narking\AppData\Local\Temp\cc0jUrJe.s 			page 1


   1              		.syntax unified
   2              		.cpu cortex-m3
   3              		.fpu softvfp
   4              		.eabi_attribute 20, 1
   5              		.eabi_attribute 21, 1
   6              		.eabi_attribute 23, 3
   7              		.eabi_attribute 24, 1
   8              		.eabi_attribute 25, 1
   9              		.eabi_attribute 26, 1
  10              		.eabi_attribute 30, 1
  11              		.eabi_attribute 34, 1
  12              		.eabi_attribute 18, 4
  13              		.thumb
  14              		.syntax unified
  15              		.file	"cymetadata.c"
  16              		.text
  17              	.Ltext0:
  18              		.cfi_sections	.debug_frame
  19              		.global	cy_metadata
  20              		.global	cy_meta_flashprotect
  21              		.global	cy_meta_wonvl
  22              		.global	cy_meta_custnvl
  23              		.global	cy_meta_configecc
  24              		.section	.cyconfigecc,"a",%progbits
  25              		.align	2
  26              		.type	cy_meta_configecc, %object
  27              		.size	cy_meta_configecc, 640
  28              	cy_meta_configecc:
  29 0000 01       		.byte	1
  30 0001 52       		.byte	82
  31 0002 00       		.byte	0
  32 0003 40       		.byte	64
  33 0004 02       		.byte	2
  34 0005 64       		.byte	100
  35 0006 00       		.byte	0
  36 0007 40       		.byte	64
  37 0008 42       		.byte	66
  38 0009 02       		.byte	2
  39 000a 01       		.byte	1
  40 000b 40       		.byte	64
  41 000c 1C       		.byte	28
  42 000d 03       		.byte	3
  43 000e 01       		.byte	1
  44 000f 40       		.byte	64
  45 0010 0F       		.byte	15
  46 0011 04       		.byte	4
  47 0012 01       		.byte	1
  48 0013 40       		.byte	64
  49 0014 13       		.byte	19
  50 0015 05       		.byte	5
  51 0016 01       		.byte	1
  52 0017 40       		.byte	64
  53 0018 39       		.byte	57
  54 0019 06       		.byte	6
  55 001a 01       		.byte	1
  56 001b 40       		.byte	64
  57 001c 32       		.byte	50
ARM GAS  C:\Users\narking\AppData\Local\Temp\cc0jUrJe.s 			page 2


  58 001d 07       		.byte	7
  59 001e 01       		.byte	1
  60 001f 40       		.byte	64
  61 0020 01       		.byte	1
  62 0021 09       		.byte	9
  63 0022 01       		.byte	1
  64 0023 40       		.byte	64
  65 0024 04       		.byte	4
  66 0025 0A       		.byte	10
  67 0026 01       		.byte	1
  68 0027 40       		.byte	64
  69 0028 01       		.byte	1
  70 0029 0B       		.byte	11
  71 002a 01       		.byte	1
  72 002b 40       		.byte	64
  73 002c 02       		.byte	2
  74 002d 17       		.byte	23
  75 002e 01       		.byte	1
  76 002f 40       		.byte	64
  77 0030 02       		.byte	2
  78 0031 40       		.byte	64
  79 0032 01       		.byte	1
  80 0033 40       		.byte	64
  81 0034 05       		.byte	5
  82 0035 41       		.byte	65
  83 0036 01       		.byte	1
  84 0037 40       		.byte	64
  85 0038 06       		.byte	6
  86 0039 42       		.byte	66
  87 003a 01       		.byte	1
  88 003b 40       		.byte	64
  89 003c 02       		.byte	2
  90 003d 43       		.byte	67
  91 003e 01       		.byte	1
  92 003f 40       		.byte	64
  93 0040 04       		.byte	4
  94 0041 48       		.byte	72
  95 0042 01       		.byte	1
  96 0043 40       		.byte	64
  97 0044 03       		.byte	3
  98 0045 50       		.byte	80
  99 0046 01       		.byte	1
 100 0047 40       		.byte	64
 101 0048 01       		.byte	1
 102 0049 51       		.byte	81
 103 004a 01       		.byte	1
 104 004b 40       		.byte	64
 105 004c 00       		.byte	0
 106 004d 02       		.byte	2
 107 004e 83       		.byte	-125
 108 004f 0D       		.byte	13
 109 0050 87       		.byte	-121
 110 0051 67       		.byte	103
 111 0052 40       		.byte	64
 112 0053 35       		.byte	53
 113 0054 41       		.byte	65
 114 0055 04       		.byte	4
ARM GAS  C:\Users\narking\AppData\Local\Temp\cc0jUrJe.s 			page 3


 115 0056 49       		.byte	73
 116 0057 FF       		.byte	-1
 117 0058 4A       		.byte	74
 118 0059 FF       		.byte	-1
 119 005a 4B       		.byte	75
 120 005b FF       		.byte	-1
 121 005c 4F       		.byte	79
 122 005d 01       		.byte	1
 123 005e 50       		.byte	80
 124 005f 18       		.byte	24
 125 0060 52       		.byte	82
 126 0061 01       		.byte	1
 127 0062 53       		.byte	83
 128 0063 01       		.byte	1
 129 0064 56       		.byte	86
 130 0065 10       		.byte	16
 131 0066 5A       		.byte	90
 132 0067 04       		.byte	4
 133 0068 5B       		.byte	91
 134 0069 04       		.byte	4
 135 006a 5D       		.byte	93
 136 006b 01       		.byte	1
 137 006c 5F       		.byte	95
 138 006d 01       		.byte	1
 139 006e 60       		.byte	96
 140 006f 40       		.byte	64
 141 0070 62       		.byte	98
 142 0071 40       		.byte	64
 143 0072 64       		.byte	100
 144 0073 40       		.byte	64
 145 0074 65       		.byte	101
 146 0075 40       		.byte	64
 147 0076 66       		.byte	102
 148 0077 80       		.byte	-128
 149 0078 68       		.byte	104
 150 0079 80       		.byte	-128
 151 007a 6A       		.byte	106
 152 007b 80       		.byte	-128
 153 007c 6C       		.byte	108
 154 007d 80       		.byte	-128
 155 007e 6E       		.byte	110
 156 007f 80       		.byte	-128
 157 0080 81       		.byte	-127
 158 0081 38       		.byte	56
 159 0082 83       		.byte	-125
 160 0083 04       		.byte	4
 161 0084 85       		.byte	-123
 162 0085 08       		.byte	8
 163 0086 87       		.byte	-121
 164 0087 02       		.byte	2
 165 0088 8D       		.byte	-115
 166 0089 3E       		.byte	62
 167 008a 95       		.byte	-107
 168 008b 10       		.byte	16
 169 008c 97       		.byte	-105
 170 008d 03       		.byte	3
 171 008e A1       		.byte	-95
ARM GAS  C:\Users\narking\AppData\Local\Temp\cc0jUrJe.s 			page 4


 172 008f 20       		.byte	32
 173 0090 A3       		.byte	-93
 174 0091 03       		.byte	3
 175 0092 AF       		.byte	-81
 176 0093 78       		.byte	120
 177 0094 B1       		.byte	-79
 178 0095 06       		.byte	6
 179 0096 B3       		.byte	-77
 180 0097 40       		.byte	64
 181 0098 B5       		.byte	-75
 182 0099 38       		.byte	56
 183 009a B7       		.byte	-73
 184 009b 01       		.byte	1
 185 009c BF       		.byte	-65
 186 009d 40       		.byte	64
 187 009e C0       		.byte	-64
 188 009f 25       		.byte	37
 189 00a0 C1       		.byte	-63
 190 00a1 04       		.byte	4
 191 00a2 C5       		.byte	-59
 192 00a3 EC       		.byte	-20
 193 00a4 C7       		.byte	-57
 194 00a5 20       		.byte	32
 195 00a6 C8       		.byte	-56
 196 00a7 23       		.byte	35
 197 00a8 C9       		.byte	-55
 198 00a9 FF       		.byte	-1
 199 00aa CA       		.byte	-54
 200 00ab FF       		.byte	-1
 201 00ac CB       		.byte	-53
 202 00ad FF       		.byte	-1
 203 00ae CD       		.byte	-51
 204 00af 83       		.byte	-125
 205 00b0 CE       		.byte	-50
 206 00b1 03       		.byte	3
 207 00b2 CF       		.byte	-49
 208 00b3 01       		.byte	1
 209 00b4 D0       		.byte	-48
 210 00b5 18       		.byte	24
 211 00b6 D4       		.byte	-44
 212 00b7 01       		.byte	1
 213 00b8 D9       		.byte	-39
 214 00b9 04       		.byte	4
 215 00ba DA       		.byte	-38
 216 00bb 04       		.byte	4
 217 00bc DB       		.byte	-37
 218 00bd 04       		.byte	4
 219 00be DC       		.byte	-36
 220 00bf 10       		.byte	16
 221 00c0 DD       		.byte	-35
 222 00c1 11       		.byte	17
 223 00c2 DF       		.byte	-33
 224 00c3 05       		.byte	5
 225 00c4 E0       		.byte	-32
 226 00c5 40       		.byte	64
 227 00c6 E2       		.byte	-30
 228 00c7 40       		.byte	64
ARM GAS  C:\Users\narking\AppData\Local\Temp\cc0jUrJe.s 			page 5


 229 00c8 E4       		.byte	-28
 230 00c9 40       		.byte	64
 231 00ca E5       		.byte	-27
 232 00cb 40       		.byte	64
 233 00cc E6       		.byte	-26
 234 00cd 80       		.byte	-128
 235 00ce E8       		.byte	-24
 236 00cf 80       		.byte	-128
 237 00d0 EA       		.byte	-22
 238 00d1 80       		.byte	-128
 239 00d2 EC       		.byte	-20
 240 00d3 80       		.byte	-128
 241 00d4 EE       		.byte	-18
 242 00d5 80       		.byte	-128
 243 00d6 20       		.byte	32
 244 00d7 04       		.byte	4
 245 00d8 21       		.byte	33
 246 00d9 09       		.byte	9
 247 00da 22       		.byte	34
 248 00db 40       		.byte	64
 249 00dc 23       		.byte	35
 250 00dd 08       		.byte	8
 251 00de 28       		.byte	40
 252 00df 02       		.byte	2
 253 00e0 2A       		.byte	42
 254 00e1 01       		.byte	1
 255 00e2 31       		.byte	49
 256 00e3 08       		.byte	8
 257 00e4 38       		.byte	56
 258 00e5 04       		.byte	4
 259 00e6 39       		.byte	57
 260 00e7 42       		.byte	66
 261 00e8 40       		.byte	64
 262 00e9 04       		.byte	4
 263 00ea 43       		.byte	67
 264 00eb 01       		.byte	1
 265 00ec 47       		.byte	71
 266 00ed 09       		.byte	9
 267 00ee 49       		.byte	73
 268 00ef 05       		.byte	5
 269 00f0 4A       		.byte	74
 270 00f1 02       		.byte	2
 271 00f2 4E       		.byte	78
 272 00f3 02       		.byte	2
 273 00f4 52       		.byte	82
 274 00f5 03       		.byte	3
 275 00f6 59       		.byte	89
 276 00f7 05       		.byte	5
 277 00f8 5A       		.byte	90
 278 00f9 80       		.byte	-128
 279 00fa 6D       		.byte	109
 280 00fb 40       		.byte	64
 281 00fc 6F       		.byte	111
 282 00fd 01       		.byte	1
 283 00fe 79       		.byte	121
 284 00ff 40       		.byte	64
 285 0100 CA       		.byte	-54
ARM GAS  C:\Users\narking\AppData\Local\Temp\cc0jUrJe.s 			page 6


 286 0101 09       		.byte	9
 287 0102 CC       		.byte	-52
 288 0103 02       		.byte	2
 289 0104 CE       		.byte	-50
 290 0105 0B       		.byte	11
 291 0106 D0       		.byte	-48
 292 0107 C5       		.byte	-59
 293 0108 D2       		.byte	-46
 294 0109 18       		.byte	24
 295 010a D6       		.byte	-42
 296 010b 0B       		.byte	11
 297 010c DE       		.byte	-34
 298 010d 08       		.byte	8
 299 010e 01       		.byte	1
 300 010f 01       		.byte	1
 301 0110 02       		.byte	2
 302 0111 03       		.byte	3
 303 0112 08       		.byte	8
 304 0113 01       		.byte	1
 305 0114 31       		.byte	49
 306 0115 01       		.byte	1
 307 0116 32       		.byte	50
 308 0117 02       		.byte	2
 309 0118 36       		.byte	54
 310 0119 01       		.byte	1
 311 011a 3E       		.byte	62
 312 011b 40       		.byte	64
 313 011c 3F       		.byte	63
 314 011d 01       		.byte	1
 315 011e 52       		.byte	82
 316 011f 01       		.byte	1
 317 0120 56       		.byte	86
 318 0121 18       		.byte	24
 319 0122 58       		.byte	88
 320 0123 04       		.byte	4
 321 0124 59       		.byte	89
 322 0125 04       		.byte	4
 323 0126 5B       		.byte	91
 324 0127 04       		.byte	4
 325 0128 5E       		.byte	94
 326 0129 08       		.byte	8
 327 012a 5F       		.byte	95
 328 012b 01       		.byte	1
 329 012c 00       		.byte	0
 330 012d 10       		.byte	16
 331 012e 01       		.byte	1
 332 012f 02       		.byte	2
 333 0130 18       		.byte	24
 334 0131 10       		.byte	16
 335 0132 19       		.byte	25
 336 0133 40       		.byte	64
 337 0134 21       		.byte	33
 338 0135 01       		.byte	1
 339 0136 38       		.byte	56
 340 0137 01       		.byte	1
 341 0138 5B       		.byte	91
 342 0139 80       		.byte	-128
ARM GAS  C:\Users\narking\AppData\Local\Temp\cc0jUrJe.s 			page 7


 343 013a 60       		.byte	96
 344 013b 03       		.byte	3
 345 013c 6A       		.byte	106
 346 013d 40       		.byte	64
 347 013e 7B       		.byte	123
 348 013f 80       		.byte	-128
 349 0140 82       		.byte	-126
 350 0141 40       		.byte	64
 351 0142 9B       		.byte	-101
 352 0143 80       		.byte	-128
 353 0144 9C       		.byte	-100
 354 0145 02       		.byte	2
 355 0146 AF       		.byte	-81
 356 0147 80       		.byte	-128
 357 0148 C0       		.byte	-64
 358 0149 0A       		.byte	10
 359 014a CE       		.byte	-50
 360 014b 01       		.byte	1
 361 014c D6       		.byte	-42
 362 014d 08       		.byte	8
 363 014e D8       		.byte	-40
 364 014f 08       		.byte	8
 365 0150 DE       		.byte	-34
 366 0151 01       		.byte	1
 367 0152 52       		.byte	82
 368 0153 01       		.byte	1
 369 0154 53       		.byte	83
 370 0155 01       		.byte	1
 371 0156 56       		.byte	86
 372 0157 10       		.byte	16
 373 0158 5B       		.byte	91
 374 0159 04       		.byte	4
 375 015a 5F       		.byte	95
 376 015b 01       		.byte	1
 377 015c 80       		.byte	-128
 378 015d 02       		.byte	2
 379 015e 86       		.byte	-122
 380 015f 0C       		.byte	12
 381 0160 8C       		.byte	-116
 382 0161 03       		.byte	3
 383 0162 8D       		.byte	-115
 384 0163 02       		.byte	2
 385 0164 8F       		.byte	-113
 386 0165 01       		.byte	1
 387 0166 91       		.byte	-111
 388 0167 02       		.byte	2
 389 0168 92       		.byte	-110
 390 0169 04       		.byte	4
 391 016a 98       		.byte	-104
 392 016b 04       		.byte	4
 393 016c 9A       		.byte	-102
 394 016d 01       		.byte	1
 395 016e 9C       		.byte	-100
 396 016f 04       		.byte	4
 397 0170 A1       		.byte	-95
 398 0171 01       		.byte	1
 399 0172 A2       		.byte	-94
ARM GAS  C:\Users\narking\AppData\Local\Temp\cc0jUrJe.s 			page 8


 400 0173 12       		.byte	18
 401 0174 B0       		.byte	-80
 402 0175 10       		.byte	16
 403 0176 B2       		.byte	-78
 404 0177 04       		.byte	4
 405 0178 B3       		.byte	-77
 406 0179 01       		.byte	1
 407 017a B4       		.byte	-76
 408 017b 03       		.byte	3
 409 017c B5       		.byte	-75
 410 017d 02       		.byte	2
 411 017e B6       		.byte	-74
 412 017f 08       		.byte	8
 413 0180 B9       		.byte	-71
 414 0181 20       		.byte	32
 415 0182 BE       		.byte	-66
 416 0183 04       		.byte	4
 417 0184 BF       		.byte	-65
 418 0185 14       		.byte	20
 419 0186 C0       		.byte	-64
 420 0187 32       		.byte	50
 421 0188 C1       		.byte	-63
 422 0189 06       		.byte	6
 423 018a C5       		.byte	-59
 424 018b 52       		.byte	82
 425 018c C6       		.byte	-58
 426 018d C0       		.byte	-64
 427 018e C7       		.byte	-57
 428 018f 0E       		.byte	14
 429 0190 C8       		.byte	-56
 430 0191 1F       		.byte	31
 431 0192 C9       		.byte	-55
 432 0193 FF       		.byte	-1
 433 0194 CA       		.byte	-54
 434 0195 FF       		.byte	-1
 435 0196 CB       		.byte	-53
 436 0197 FF       		.byte	-1
 437 0198 CD       		.byte	-51
 438 0199 A0       		.byte	-96
 439 019a CF       		.byte	-49
 440 019b 01       		.byte	1
 441 019c D0       		.byte	-48
 442 019d 18       		.byte	24
 443 019e D2       		.byte	-46
 444 019f 80       		.byte	-128
 445 01a0 D4       		.byte	-44
 446 01a1 07       		.byte	7
 447 01a2 D8       		.byte	-40
 448 01a3 04       		.byte	4
 449 01a4 D9       		.byte	-39
 450 01a5 04       		.byte	4
 451 01a6 DA       		.byte	-38
 452 01a7 04       		.byte	4
 453 01a8 DB       		.byte	-37
 454 01a9 04       		.byte	4
 455 01aa DF       		.byte	-33
 456 01ab 05       		.byte	5
ARM GAS  C:\Users\narking\AppData\Local\Temp\cc0jUrJe.s 			page 9


 457 01ac E0       		.byte	-32
 458 01ad 40       		.byte	64
 459 01ae E2       		.byte	-30
 460 01af 80       		.byte	-128
 461 01b0 E4       		.byte	-28
 462 01b1 40       		.byte	64
 463 01b2 E5       		.byte	-27
 464 01b3 40       		.byte	64
 465 01b4 E6       		.byte	-26
 466 01b5 80       		.byte	-128
 467 01b6 E8       		.byte	-24
 468 01b7 40       		.byte	64
 469 01b8 EA       		.byte	-22
 470 01b9 50       		.byte	80
 471 01ba EB       		.byte	-21
 472 01bb A8       		.byte	-88
 473 01bc EC       		.byte	-20
 474 01bd 40       		.byte	64
 475 01be ED       		.byte	-19
 476 01bf 20       		.byte	32
 477 01c0 EE       		.byte	-18
 478 01c1 50       		.byte	80
 479 01c2 EF       		.byte	-17
 480 01c3 A8       		.byte	-88
 481 01c4 02       		.byte	2
 482 01c5 10       		.byte	16
 483 01c6 03       		.byte	3
 484 01c7 81       		.byte	-127
 485 01c8 09       		.byte	9
 486 01c9 02       		.byte	2
 487 01ca 0A       		.byte	10
 488 01cb 05       		.byte	5
 489 01cc 10       		.byte	16
 490 01cd 80       		.byte	-128
 491 01ce 19       		.byte	25
 492 01cf 01       		.byte	1
 493 01d0 1A       		.byte	26
 494 01d1 15       		.byte	21
 495 01d2 20       		.byte	32
 496 01d3 04       		.byte	4
 497 01d4 22       		.byte	34
 498 01d5 04       		.byte	4
 499 01d6 29       		.byte	41
 500 01d7 01       		.byte	1
 501 01d8 2B       		.byte	43
 502 01d9 80       		.byte	-128
 503 01da 33       		.byte	51
 504 01db 01       		.byte	1
 505 01dc 38       		.byte	56
 506 01dd 80       		.byte	-128
 507 01de 40       		.byte	64
 508 01df 04       		.byte	4
 509 01e0 42       		.byte	66
 510 01e1 10       		.byte	16
 511 01e2 48       		.byte	72
 512 01e3 08       		.byte	8
 513 01e4 49       		.byte	73
ARM GAS  C:\Users\narking\AppData\Local\Temp\cc0jUrJe.s 			page 10


 514 01e5 02       		.byte	2
 515 01e6 4A       		.byte	74
 516 01e7 10       		.byte	16
 517 01e8 50       		.byte	80
 518 01e9 C0       		.byte	-64
 519 01ea 51       		.byte	81
 520 01eb 08       		.byte	8
 521 01ec 52       		.byte	82
 522 01ed 20       		.byte	32
 523 01ee 58       		.byte	88
 524 01ef 20       		.byte	32
 525 01f0 59       		.byte	89
 526 01f1 40       		.byte	64
 527 01f2 5A       		.byte	90
 528 01f3 08       		.byte	8
 529 01f4 5C       		.byte	92
 530 01f5 20       		.byte	32
 531 01f6 5E       		.byte	94
 532 01f7 20       		.byte	32
 533 01f8 61       		.byte	97
 534 01f9 08       		.byte	8
 535 01fa 62       		.byte	98
 536 01fb 20       		.byte	32
 537 01fc 6D       		.byte	109
 538 01fd 40       		.byte	64
 539 01fe 6F       		.byte	111
 540 01ff 01       		.byte	1
 541 0200 71       		.byte	113
 542 0201 02       		.byte	2
 543 0202 79       		.byte	121
 544 0203 40       		.byte	64
 545 0204 99       		.byte	-103
 546 0205 40       		.byte	64
 547 0206 9D       		.byte	-99
 548 0207 02       		.byte	2
 549 0208 A0       		.byte	-96
 550 0209 08       		.byte	8
 551 020a A7       		.byte	-89
 552 020b 80       		.byte	-128
 553 020c A8       		.byte	-88
 554 020d 08       		.byte	8
 555 020e AD       		.byte	-83
 556 020f 01       		.byte	1
 557 0210 C0       		.byte	-64
 558 0211 0D       		.byte	13
 559 0212 C2       		.byte	-62
 560 0213 0B       		.byte	11
 561 0214 C4       		.byte	-60
 562 0215 08       		.byte	8
 563 0216 CA       		.byte	-54
 564 0217 01       		.byte	1
 565 0218 CC       		.byte	-52
 566 0219 01       		.byte	1
 567 021a CE       		.byte	-50
 568 021b 08       		.byte	8
 569 021c D0       		.byte	-48
 570 021d 06       		.byte	6
ARM GAS  C:\Users\narking\AppData\Local\Temp\cc0jUrJe.s 			page 11


 571 021e D2       		.byte	-46
 572 021f 04       		.byte	4
 573 0220 D6       		.byte	-42
 574 0221 0E       		.byte	14
 575 0222 D8       		.byte	-40
 576 0223 06       		.byte	6
 577 0224 DE       		.byte	-34
 578 0225 08       		.byte	8
 579 0226 EA       		.byte	-22
 580 0227 01       		.byte	1
 581 0228 AB       		.byte	-85
 582 0229 80       		.byte	-128
 583 022a B9       		.byte	-71
 584 022b 02       		.byte	2
 585 022c BF       		.byte	-65
 586 022d 01       		.byte	1
 587 022e D9       		.byte	-39
 588 022f 04       		.byte	4
 589 0230 DF       		.byte	-33
 590 0231 01       		.byte	1
 591 0232 27       		.byte	39
 592 0233 80       		.byte	-128
 593 0234 86       		.byte	-122
 594 0235 10       		.byte	16
 595 0236 9E       		.byte	-98
 596 0237 10       		.byte	16
 597 0238 32       		.byte	50
 598 0239 20       		.byte	32
 599 023a CC       		.byte	-52
 600 023b 10       		.byte	16
 601 023c 03       		.byte	3
 602 023d 01       		.byte	1
 603 023e 57       		.byte	87
 604 023f 40       		.byte	64
 605 0240 A6       		.byte	-90
 606 0241 20       		.byte	32
 607 0242 C0       		.byte	-64
 608 0243 40       		.byte	64
 609 0244 D4       		.byte	-44
 610 0245 40       		.byte	64
 611 0246 83       		.byte	-125
 612 0247 40       		.byte	64
 613 0248 A6       		.byte	-90
 614 0249 20       		.byte	32
 615 024a A7       		.byte	-89
 616 024b 40       		.byte	64
 617 024c AF       		.byte	-81
 618 024d 01       		.byte	1
 619 024e E2       		.byte	-30
 620 024f 20       		.byte	32
 621 0250 E8       		.byte	-24
 622 0251 40       		.byte	64
 623 0252 AE       		.byte	-82
 624 0253 20       		.byte	32
 625 0254 EE       		.byte	-18
 626 0255 40       		.byte	64
 627 0256 27       		.byte	39
ARM GAS  C:\Users\narking\AppData\Local\Temp\cc0jUrJe.s 			page 12


 628 0257 20       		.byte	32
 629 0258 87       		.byte	-121
 630 0259 20       		.byte	32
 631 025a C8       		.byte	-56
 632 025b 80       		.byte	-128
 633 025c E0       		.byte	-32
 634 025d 40       		.byte	64
 635 025e 00       		.byte	0
 636 025f 03       		.byte	3
 637 0260 08       		.byte	8
 638 0261 03       		.byte	3
 639 0262 0A       		.byte	10
 640 0263 01       		.byte	1
 641 0264 00       		.byte	0
 642 0265 03       		.byte	3
 643 0266 00       		.byte	0
 644 0267 00       		.byte	0
 645 0268 04       		.byte	4
 646 0269 02       		.byte	2
 647 026a 02       		.byte	2
 648 026b 00       		.byte	0
 649 026c 02       		.byte	2
 650 026d 00       		.byte	0
 651 026e 00       		.byte	0
 652 026f 00       		.byte	0
 653 0270 00       		.byte	0
 654 0271 0B       		.byte	11
 655 0272 0B       		.byte	11
 656 0273 00       		.byte	0
 657 0274 00       		.byte	0
 658 0275 00       		.byte	0
 659 0276 00       		.byte	0
 660 0277 00       		.byte	0
 661 0278 00       		.byte	0
 662 0279 7F       		.byte	127
 663 027a 7F       		.byte	127
 664 027b 00       		.byte	0
 665 027c 00       		.byte	0
 666 027d 00       		.byte	0
 667 027e 00       		.byte	0
 668 027f 00       		.byte	0
 669              		.section	.cywolatch,"a",%progbits
 670              		.align	2
 671              		.type	cy_meta_wonvl, %object
 672              		.size	cy_meta_wonvl, 4
 673              	cy_meta_wonvl:
 674 0000 BC       		.byte	-68
 675 0001 90       		.byte	-112
 676 0002 AC       		.byte	-84
 677 0003 AF       		.byte	-81
 678              		.section	.cycustnvl,"a",%progbits
 679              		.align	2
 680              		.type	cy_meta_custnvl, %object
 681              		.size	cy_meta_custnvl, 4
 682              	cy_meta_custnvl:
 683 0000 00       		.byte	0
 684 0001 00       		.byte	0
ARM GAS  C:\Users\narking\AppData\Local\Temp\cc0jUrJe.s 			page 13


 685 0002 40       		.byte	64
 686 0003 05       		.byte	5
 687              		.section	.cymeta,"a",%progbits
 688              		.align	2
 689              		.type	cy_metadata, %object
 690              		.size	cy_metadata, 12
 691              	cy_metadata:
 692 0000 00       		.byte	0
 693 0001 01       		.byte	1
 694 0002 2E       		.byte	46
 695 0003 16       		.byte	22
 696 0004 10       		.byte	16
 697 0005 69       		.byte	105
 698 0006 00       		.byte	0
 699 0007 01       		.byte	1
 700 0008 00       		.byte	0
 701 0009 00       		.byte	0
 702 000a 00       		.byte	0
 703 000b 00       		.byte	0
 704              		.section	.cyflashprotect,"a",%progbits
 705              		.align	2
 706              		.type	cy_meta_flashprotect, %object
 707              		.size	cy_meta_flashprotect, 256
 708              	cy_meta_flashprotect:
 709 0000 00000000 		.space	256
 709      00000000 
 709      00000000 
 709      00000000 
 709      00000000 
 710              		.text
 711              	.Letext0:
 712              		.file 1 "c:\\program files (x86)\\cypress\\psoc creator\\4.2\\psoc creator\\import\\gnu\\arm\\5.4.
 713              		.file 2 "c:\\program files (x86)\\cypress\\psoc creator\\4.2\\psoc creator\\import\\gnu\\arm\\5.4.
 714              		.file 3 "Generated_Source\\PSoC5\\cymetadata.c"
 715              		.section	.debug_info,"",%progbits
 716              	.Ldebug_info0:
 717 0000 31010000 		.4byte	0x131
 718 0004 0400     		.2byte	0x4
 719 0006 00000000 		.4byte	.Ldebug_abbrev0
 720 000a 04       		.byte	0x4
 721 000b 01       		.uleb128 0x1
 722 000c 24000000 		.4byte	.LASF17
 723 0010 0C       		.byte	0xc
 724 0011 D2010000 		.4byte	.LASF18
 725 0015 3A010000 		.4byte	.LASF19
 726 0019 00000000 		.4byte	.Ldebug_line0
 727 001d 02       		.uleb128 0x2
 728 001e 01       		.byte	0x1
 729 001f 06       		.byte	0x6
 730 0020 C6010000 		.4byte	.LASF0
 731 0024 03       		.uleb128 0x3
 732 0025 00000000 		.4byte	.LASF9
 733 0029 01       		.byte	0x1
 734 002a 1D       		.byte	0x1d
 735 002b 2F000000 		.4byte	0x2f
 736 002f 02       		.uleb128 0x2
 737 0030 01       		.byte	0x1
ARM GAS  C:\Users\narking\AppData\Local\Temp\cc0jUrJe.s 			page 14


 738 0031 08       		.byte	0x8
 739 0032 16000000 		.4byte	.LASF1
 740 0036 02       		.uleb128 0x2
 741 0037 02       		.byte	0x2
 742 0038 05       		.byte	0x5
 743 0039 B3010000 		.4byte	.LASF2
 744 003d 02       		.uleb128 0x2
 745 003e 02       		.byte	0x2
 746 003f 07       		.byte	0x7
 747 0040 C4000000 		.4byte	.LASF3
 748 0044 02       		.uleb128 0x2
 749 0045 04       		.byte	0x4
 750 0046 05       		.byte	0x5
 751 0047 BD010000 		.4byte	.LASF4
 752 004b 02       		.uleb128 0x2
 753 004c 04       		.byte	0x4
 754 004d 07       		.byte	0x7
 755 004e B2000000 		.4byte	.LASF5
 756 0052 02       		.uleb128 0x2
 757 0053 08       		.byte	0x8
 758 0054 05       		.byte	0x5
 759 0055 97010000 		.4byte	.LASF6
 760 0059 02       		.uleb128 0x2
 761 005a 08       		.byte	0x8
 762 005b 07       		.byte	0x7
 763 005c 06010000 		.4byte	.LASF7
 764 0060 04       		.uleb128 0x4
 765 0061 04       		.byte	0x4
 766 0062 05       		.byte	0x5
 767 0063 696E7400 		.ascii	"int\000"
 768 0067 02       		.uleb128 0x2
 769 0068 04       		.byte	0x4
 770 0069 07       		.byte	0x7
 771 006a F9000000 		.4byte	.LASF8
 772 006e 03       		.uleb128 0x3
 773 006f 1D010000 		.4byte	.LASF10
 774 0073 02       		.byte	0x2
 775 0074 18       		.byte	0x18
 776 0075 24000000 		.4byte	0x24
 777 0079 05       		.uleb128 0x5
 778 007a 91000000 		.4byte	0x91
 779 007e 8A000000 		.4byte	0x8a
 780 0082 06       		.uleb128 0x6
 781 0083 8A000000 		.4byte	0x8a
 782 0087 7F02     		.2byte	0x27f
 783 0089 00       		.byte	0
 784 008a 02       		.uleb128 0x2
 785 008b 04       		.byte	0x4
 786 008c 07       		.byte	0x7
 787 008d 8E010000 		.4byte	.LASF11
 788 0091 07       		.uleb128 0x7
 789 0092 6E000000 		.4byte	0x6e
 790 0096 08       		.uleb128 0x8
 791 0097 E7000000 		.4byte	.LASF12
 792 009b 03       		.byte	0x3
 793 009c 1F       		.byte	0x1f
 794 009d A7000000 		.4byte	0xa7
ARM GAS  C:\Users\narking\AppData\Local\Temp\cc0jUrJe.s 			page 15


 795 00a1 05       		.uleb128 0x5
 796 00a2 03       		.byte	0x3
 797 00a3 00000000 		.4byte	cy_meta_configecc
 798 00a7 07       		.uleb128 0x7
 799 00a8 79000000 		.4byte	0x79
 800 00ac 05       		.uleb128 0x5
 801 00ad 91000000 		.4byte	0x91
 802 00b1 BC000000 		.4byte	0xbc
 803 00b5 09       		.uleb128 0x9
 804 00b6 8A000000 		.4byte	0x8a
 805 00ba 03       		.byte	0x3
 806 00bb 00       		.byte	0
 807 00bc 08       		.uleb128 0x8
 808 00bd D7000000 		.4byte	.LASF13
 809 00c1 03       		.byte	0x3
 810 00c2 7C       		.byte	0x7c
 811 00c3 CD000000 		.4byte	0xcd
 812 00c7 05       		.uleb128 0x5
 813 00c8 03       		.byte	0x3
 814 00c9 00000000 		.4byte	cy_meta_custnvl
 815 00cd 07       		.uleb128 0x7
 816 00ce AC000000 		.4byte	0xac
 817 00d2 08       		.uleb128 0x8
 818 00d3 A5010000 		.4byte	.LASF14
 819 00d7 03       		.byte	0x3
 820 00d8 8A       		.byte	0x8a
 821 00d9 E3000000 		.4byte	0xe3
 822 00dd 05       		.uleb128 0x5
 823 00de 03       		.byte	0x3
 824 00df 00000000 		.4byte	cy_meta_wonvl
 825 00e3 07       		.uleb128 0x7
 826 00e4 AC000000 		.4byte	0xac
 827 00e8 05       		.uleb128 0x5
 828 00e9 91000000 		.4byte	0x91
 829 00ed F8000000 		.4byte	0xf8
 830 00f1 09       		.uleb128 0x9
 831 00f2 8A000000 		.4byte	0x8a
 832 00f6 FF       		.byte	0xff
 833 00f7 00       		.byte	0
 834 00f8 08       		.uleb128 0x8
 835 00f9 25010000 		.4byte	.LASF15
 836 00fd 03       		.byte	0x3
 837 00fe 98       		.byte	0x98
 838 00ff 09010000 		.4byte	0x109
 839 0103 05       		.uleb128 0x5
 840 0104 03       		.byte	0x3
 841 0105 00000000 		.4byte	cy_meta_flashprotect
 842 0109 07       		.uleb128 0x7
 843 010a E8000000 		.4byte	0xe8
 844 010e 05       		.uleb128 0x5
 845 010f 91000000 		.4byte	0x91
 846 0113 1E010000 		.4byte	0x11e
 847 0117 09       		.uleb128 0x9
 848 0118 8A000000 		.4byte	0x8a
 849 011c 0B       		.byte	0xb
 850 011d 00       		.byte	0
 851 011e 08       		.uleb128 0x8
ARM GAS  C:\Users\narking\AppData\Local\Temp\cc0jUrJe.s 			page 16


 852 011f 0A000000 		.4byte	.LASF16
 853 0123 03       		.byte	0x3
 854 0124 C5       		.byte	0xc5
 855 0125 2F010000 		.4byte	0x12f
 856 0129 05       		.uleb128 0x5
 857 012a 03       		.byte	0x3
 858 012b 00000000 		.4byte	cy_metadata
 859 012f 07       		.uleb128 0x7
 860 0130 0E010000 		.4byte	0x10e
 861 0134 00       		.byte	0
 862              		.section	.debug_abbrev,"",%progbits
 863              	.Ldebug_abbrev0:
 864 0000 01       		.uleb128 0x1
 865 0001 11       		.uleb128 0x11
 866 0002 01       		.byte	0x1
 867 0003 25       		.uleb128 0x25
 868 0004 0E       		.uleb128 0xe
 869 0005 13       		.uleb128 0x13
 870 0006 0B       		.uleb128 0xb
 871 0007 03       		.uleb128 0x3
 872 0008 0E       		.uleb128 0xe
 873 0009 1B       		.uleb128 0x1b
 874 000a 0E       		.uleb128 0xe
 875 000b 10       		.uleb128 0x10
 876 000c 17       		.uleb128 0x17
 877 000d 00       		.byte	0
 878 000e 00       		.byte	0
 879 000f 02       		.uleb128 0x2
 880 0010 24       		.uleb128 0x24
 881 0011 00       		.byte	0
 882 0012 0B       		.uleb128 0xb
 883 0013 0B       		.uleb128 0xb
 884 0014 3E       		.uleb128 0x3e
 885 0015 0B       		.uleb128 0xb
 886 0016 03       		.uleb128 0x3
 887 0017 0E       		.uleb128 0xe
 888 0018 00       		.byte	0
 889 0019 00       		.byte	0
 890 001a 03       		.uleb128 0x3
 891 001b 16       		.uleb128 0x16
 892 001c 00       		.byte	0
 893 001d 03       		.uleb128 0x3
 894 001e 0E       		.uleb128 0xe
 895 001f 3A       		.uleb128 0x3a
 896 0020 0B       		.uleb128 0xb
 897 0021 3B       		.uleb128 0x3b
 898 0022 0B       		.uleb128 0xb
 899 0023 49       		.uleb128 0x49
 900 0024 13       		.uleb128 0x13
 901 0025 00       		.byte	0
 902 0026 00       		.byte	0
 903 0027 04       		.uleb128 0x4
 904 0028 24       		.uleb128 0x24
 905 0029 00       		.byte	0
 906 002a 0B       		.uleb128 0xb
 907 002b 0B       		.uleb128 0xb
 908 002c 3E       		.uleb128 0x3e
ARM GAS  C:\Users\narking\AppData\Local\Temp\cc0jUrJe.s 			page 17


 909 002d 0B       		.uleb128 0xb
 910 002e 03       		.uleb128 0x3
 911 002f 08       		.uleb128 0x8
 912 0030 00       		.byte	0
 913 0031 00       		.byte	0
 914 0032 05       		.uleb128 0x5
 915 0033 01       		.uleb128 0x1
 916 0034 01       		.byte	0x1
 917 0035 49       		.uleb128 0x49
 918 0036 13       		.uleb128 0x13
 919 0037 01       		.uleb128 0x1
 920 0038 13       		.uleb128 0x13
 921 0039 00       		.byte	0
 922 003a 00       		.byte	0
 923 003b 06       		.uleb128 0x6
 924 003c 21       		.uleb128 0x21
 925 003d 00       		.byte	0
 926 003e 49       		.uleb128 0x49
 927 003f 13       		.uleb128 0x13
 928 0040 2F       		.uleb128 0x2f
 929 0041 05       		.uleb128 0x5
 930 0042 00       		.byte	0
 931 0043 00       		.byte	0
 932 0044 07       		.uleb128 0x7
 933 0045 26       		.uleb128 0x26
 934 0046 00       		.byte	0
 935 0047 49       		.uleb128 0x49
 936 0048 13       		.uleb128 0x13
 937 0049 00       		.byte	0
 938 004a 00       		.byte	0
 939 004b 08       		.uleb128 0x8
 940 004c 34       		.uleb128 0x34
 941 004d 00       		.byte	0
 942 004e 03       		.uleb128 0x3
 943 004f 0E       		.uleb128 0xe
 944 0050 3A       		.uleb128 0x3a
 945 0051 0B       		.uleb128 0xb
 946 0052 3B       		.uleb128 0x3b
 947 0053 0B       		.uleb128 0xb
 948 0054 49       		.uleb128 0x49
 949 0055 13       		.uleb128 0x13
 950 0056 3F       		.uleb128 0x3f
 951 0057 19       		.uleb128 0x19
 952 0058 02       		.uleb128 0x2
 953 0059 18       		.uleb128 0x18
 954 005a 00       		.byte	0
 955 005b 00       		.byte	0
 956 005c 09       		.uleb128 0x9
 957 005d 21       		.uleb128 0x21
 958 005e 00       		.byte	0
 959 005f 49       		.uleb128 0x49
 960 0060 13       		.uleb128 0x13
 961 0061 2F       		.uleb128 0x2f
 962 0062 0B       		.uleb128 0xb
 963 0063 00       		.byte	0
 964 0064 00       		.byte	0
 965 0065 00       		.byte	0
ARM GAS  C:\Users\narking\AppData\Local\Temp\cc0jUrJe.s 			page 18


 966              		.section	.debug_aranges,"",%progbits
 967 0000 14000000 		.4byte	0x14
 968 0004 0200     		.2byte	0x2
 969 0006 00000000 		.4byte	.Ldebug_info0
 970 000a 04       		.byte	0x4
 971 000b 00       		.byte	0
 972 000c 0000     		.2byte	0
 973 000e 0000     		.2byte	0
 974 0010 00000000 		.4byte	0
 975 0014 00000000 		.4byte	0
 976              		.section	.debug_line,"",%progbits
 977              	.Ldebug_line0:
 978 0000 3D010000 		.section	.debug_str,"MS",%progbits,1
 978      02003701 
 978      00000201 
 978      FB0E0D00 
 978      01010101 
 979              	.LASF9:
 980 0000 5F5F7569 		.ascii	"__uint8_t\000"
 980      6E74385F 
 980      7400
 981              	.LASF16:
 982 000a 63795F6D 		.ascii	"cy_metadata\000"
 982      65746164 
 982      61746100 
 983              	.LASF1:
 984 0016 756E7369 		.ascii	"unsigned char\000"
 984      676E6564 
 984      20636861 
 984      7200
 985              	.LASF17:
 986 0024 474E5520 		.ascii	"GNU C11 5.4.1 20160609 (release) [ARM/embedded-5-br"
 986      43313120 
 986      352E342E 
 986      31203230 
 986      31363036 
 987 0057 616E6368 		.ascii	"anch revision 237715] -mcpu=cortex-m3 -mthumb -g -O"
 987      20726576 
 987      6973696F 
 987      6E203233 
 987      37373135 
 988 008a 67202D66 		.ascii	"g -ffunction-sections -ffat-lto-objects\000"
 988      66756E63 
 988      74696F6E 
 988      2D736563 
 988      74696F6E 
 989              	.LASF5:
 990 00b2 6C6F6E67 		.ascii	"long unsigned int\000"
 990      20756E73 
 990      69676E65 
 990      6420696E 
 990      7400
 991              	.LASF3:
 992 00c4 73686F72 		.ascii	"short unsigned int\000"
 992      7420756E 
 992      7369676E 
 992      65642069 
ARM GAS  C:\Users\narking\AppData\Local\Temp\cc0jUrJe.s 			page 19


 992      6E7400
 993              	.LASF13:
 994 00d7 63795F6D 		.ascii	"cy_meta_custnvl\000"
 994      6574615F 
 994      63757374 
 994      6E766C00 
 995              	.LASF12:
 996 00e7 63795F6D 		.ascii	"cy_meta_configecc\000"
 996      6574615F 
 996      636F6E66 
 996      69676563 
 996      6300
 997              	.LASF8:
 998 00f9 756E7369 		.ascii	"unsigned int\000"
 998      676E6564 
 998      20696E74 
 998      00
 999              	.LASF7:
 1000 0106 6C6F6E67 		.ascii	"long long unsigned int\000"
 1000      206C6F6E 
 1000      6720756E 
 1000      7369676E 
 1000      65642069 
 1001              	.LASF10:
 1002 011d 75696E74 		.ascii	"uint8_t\000"
 1002      385F7400 
 1003              	.LASF15:
 1004 0125 63795F6D 		.ascii	"cy_meta_flashprotect\000"
 1004      6574615F 
 1004      666C6173 
 1004      6870726F 
 1004      74656374 
 1005              	.LASF19:
 1006 013a 433A5C55 		.ascii	"C:\\Users\\narking\\Desktop\\CE121\\narking\\labs\\"
 1006      73657273 
 1006      5C6E6172 
 1006      6B696E67 
 1006      5C446573 
 1007 0166 6C616231 		.ascii	"lab1\\design\\WorkspaceLab01\\part2a.cydsn\000"
 1007      5C646573 
 1007      69676E5C 
 1007      576F726B 
 1007      73706163 
 1008              	.LASF11:
 1009 018e 73697A65 		.ascii	"sizetype\000"
 1009      74797065 
 1009      00
 1010              	.LASF6:
 1011 0197 6C6F6E67 		.ascii	"long long int\000"
 1011      206C6F6E 
 1011      6720696E 
 1011      7400
 1012              	.LASF14:
 1013 01a5 63795F6D 		.ascii	"cy_meta_wonvl\000"
 1013      6574615F 
 1013      776F6E76 
 1013      6C00
ARM GAS  C:\Users\narking\AppData\Local\Temp\cc0jUrJe.s 			page 20


 1014              	.LASF2:
 1015 01b3 73686F72 		.ascii	"short int\000"
 1015      7420696E 
 1015      7400
 1016              	.LASF4:
 1017 01bd 6C6F6E67 		.ascii	"long int\000"
 1017      20696E74 
 1017      00
 1018              	.LASF0:
 1019 01c6 7369676E 		.ascii	"signed char\000"
 1019      65642063 
 1019      68617200 
 1020              	.LASF18:
 1021 01d2 47656E65 		.ascii	"Generated_Source\\PSoC5\\cymetadata.c\000"
 1021      72617465 
 1021      645F536F 
 1021      75726365 
 1021      5C50536F 
 1022              		.ident	"GCC: (GNU Tools for ARM Embedded Processors) 5.4.1 20160609 (release) [ARM/embedded-5-bran
