ARM GAS  C:\Users\narking\AppData\Local\Temp\cc8agiTm.s 			page 1


   1              		.syntax unified
   2              		.cpu cortex-m3
   3              		.fpu softvfp
   4              		.eabi_attribute 20, 1
   5              		.eabi_attribute 21, 1
   6              		.eabi_attribute 23, 3
   7              		.eabi_attribute 24, 1
   8              		.eabi_attribute 25, 1
   9              		.eabi_attribute 26, 1
  10              		.eabi_attribute 30, 1
  11              		.eabi_attribute 34, 1
  12              		.eabi_attribute 18, 4
  13              		.thumb
  14              		.syntax unified
  15              		.file	"cymetadata.c"
  16              		.text
  17              	.Ltext0:
  18              		.cfi_sections	.debug_frame
  19              		.global	cy_metadata
  20              		.global	cy_meta_flashprotect
  21              		.global	cy_meta_wonvl
  22              		.global	cy_meta_custnvl
  23              		.global	cy_meta_configecc
  24              		.section	.cyconfigecc,"a",%progbits
  25              		.align	2
  26              		.type	cy_meta_configecc, %object
  27              		.size	cy_meta_configecc, 944
  28              	cy_meta_configecc:
  29 0000 01       		.byte	1
  30 0001 52       		.byte	82
  31 0002 00       		.byte	0
  32 0003 40       		.byte	64
  33 0004 03       		.byte	3
  34 0005 64       		.byte	100
  35 0006 00       		.byte	0
  36 0007 40       		.byte	64
  37 0008 54       		.byte	84
  38 0009 00       		.byte	0
  39 000a 01       		.byte	1
  40 000b 40       		.byte	64
  41 000c 30       		.byte	48
  42 000d 01       		.byte	1
  43 000e 01       		.byte	1
  44 000f 40       		.byte	64
  45 0010 44       		.byte	68
  46 0011 02       		.byte	2
  47 0012 01       		.byte	1
  48 0013 40       		.byte	64
  49 0014 33       		.byte	51
  50 0015 03       		.byte	3
  51 0016 01       		.byte	1
  52 0017 40       		.byte	64
  53 0018 3E       		.byte	62
  54 0019 04       		.byte	4
  55 001a 01       		.byte	1
  56 001b 40       		.byte	64
  57 001c 32       		.byte	50
ARM GAS  C:\Users\narking\AppData\Local\Temp\cc8agiTm.s 			page 2


  58 001d 05       		.byte	5
  59 001e 01       		.byte	1
  60 001f 40       		.byte	64
  61 0020 03       		.byte	3
  62 0021 07       		.byte	7
  63 0022 01       		.byte	1
  64 0023 40       		.byte	64
  65 0024 01       		.byte	1
  66 0025 15       		.byte	21
  67 0026 01       		.byte	1
  68 0027 40       		.byte	64
  69 0028 03       		.byte	3
  70 0029 17       		.byte	23
  71 002a 01       		.byte	1
  72 002b 40       		.byte	64
  73 002c 04       		.byte	4
  74 002d 18       		.byte	24
  75 002e 01       		.byte	1
  76 002f 40       		.byte	64
  77 0030 01       		.byte	1
  78 0031 19       		.byte	25
  79 0032 01       		.byte	1
  80 0033 40       		.byte	64
  81 0034 02       		.byte	2
  82 0035 1B       		.byte	27
  83 0036 01       		.byte	1
  84 0037 40       		.byte	64
  85 0038 05       		.byte	5
  86 0039 40       		.byte	64
  87 003a 01       		.byte	1
  88 003b 40       		.byte	64
  89 003c 08       		.byte	8
  90 003d 41       		.byte	65
  91 003e 01       		.byte	1
  92 003f 40       		.byte	64
  93 0040 08       		.byte	8
  94 0041 42       		.byte	66
  95 0042 01       		.byte	1
  96 0043 40       		.byte	64
  97 0044 06       		.byte	6
  98 0045 43       		.byte	67
  99 0046 01       		.byte	1
 100 0047 40       		.byte	64
 101 0048 06       		.byte	6
 102 0049 48       		.byte	72
 103 004a 01       		.byte	1
 104 004b 40       		.byte	64
 105 004c 03       		.byte	3
 106 004d 50       		.byte	80
 107 004e 01       		.byte	1
 108 004f 40       		.byte	64
 109 0050 01       		.byte	1
 110 0051 51       		.byte	81
 111 0052 01       		.byte	1
 112 0053 40       		.byte	64
 113 0054 00       		.byte	0
 114 0055 08       		.byte	8
ARM GAS  C:\Users\narking\AppData\Local\Temp\cc8agiTm.s 			page 3


 115 0056 81       		.byte	-127
 116 0057 67       		.byte	103
 117 0058 83       		.byte	-125
 118 0059 67       		.byte	103
 119 005a 84       		.byte	-124
 120 005b 0D       		.byte	13
 121 005c 0D       		.byte	13
 122 005d 01       		.byte	1
 123 005e 11       		.byte	17
 124 005f 01       		.byte	1
 125 0060 35       		.byte	53
 126 0061 01       		.byte	1
 127 0062 39       		.byte	57
 128 0063 20       		.byte	32
 129 0064 3F       		.byte	63
 130 0065 10       		.byte	16
 131 0066 40       		.byte	64
 132 0067 12       		.byte	18
 133 0068 41       		.byte	65
 134 0069 06       		.byte	6
 135 006a 45       		.byte	69
 136 006b 5E       		.byte	94
 137 006c 46       		.byte	70
 138 006d C0       		.byte	-64
 139 006e 47       		.byte	71
 140 006f 02       		.byte	2
 141 0070 48       		.byte	72
 142 0071 1F       		.byte	31
 143 0072 49       		.byte	73
 144 0073 FF       		.byte	-1
 145 0074 4A       		.byte	74
 146 0075 FF       		.byte	-1
 147 0076 4B       		.byte	75
 148 0077 FF       		.byte	-1
 149 0078 4D       		.byte	77
 150 0079 A0       		.byte	-96
 151 007a 4F       		.byte	79
 152 007b 01       		.byte	1
 153 007c 50       		.byte	80
 154 007d 18       		.byte	24
 155 007e 52       		.byte	82
 156 007f 01       		.byte	1
 157 0080 53       		.byte	83
 158 0081 01       		.byte	1
 159 0082 56       		.byte	86
 160 0083 10       		.byte	16
 161 0084 59       		.byte	89
 162 0085 04       		.byte	4
 163 0086 5A       		.byte	90
 164 0087 04       		.byte	4
 165 0088 5B       		.byte	91
 166 0089 04       		.byte	4
 167 008a 5F       		.byte	95
 168 008b 01       		.byte	1
 169 008c 60       		.byte	96
 170 008d 40       		.byte	64
 171 008e 62       		.byte	98
ARM GAS  C:\Users\narking\AppData\Local\Temp\cc8agiTm.s 			page 4


 172 008f 80       		.byte	-128
 173 0090 64       		.byte	100
 174 0091 40       		.byte	64
 175 0092 65       		.byte	101
 176 0093 40       		.byte	64
 177 0094 66       		.byte	102
 178 0095 80       		.byte	-128
 179 0096 68       		.byte	104
 180 0097 40       		.byte	64
 181 0098 6A       		.byte	106
 182 0099 50       		.byte	80
 183 009a 6B       		.byte	107
 184 009b A8       		.byte	-88
 185 009c 6C       		.byte	108
 186 009d 40       		.byte	64
 187 009e 6D       		.byte	109
 188 009f 20       		.byte	32
 189 00a0 6E       		.byte	110
 190 00a1 50       		.byte	80
 191 00a2 6F       		.byte	111
 192 00a3 A8       		.byte	-88
 193 00a4 82       		.byte	-126
 194 00a5 18       		.byte	24
 195 00a6 83       		.byte	-125
 196 00a7 01       		.byte	1
 197 00a8 8E       		.byte	-114
 198 00a9 03       		.byte	3
 199 00aa 94       		.byte	-108
 200 00ab 01       		.byte	1
 201 00ac 98       		.byte	-104
 202 00ad 01       		.byte	1
 203 00ae 9A       		.byte	-102
 204 00af 04       		.byte	4
 205 00b0 9C       		.byte	-100
 206 00b1 08       		.byte	8
 207 00b2 A1       		.byte	-95
 208 00b3 01       		.byte	1
 209 00b4 A2       		.byte	-94
 210 00b5 01       		.byte	1
 211 00b6 AC       		.byte	-84
 212 00b7 0C       		.byte	12
 213 00b8 B0       		.byte	-80
 214 00b9 01       		.byte	1
 215 00ba B2       		.byte	-78
 216 00bb 02       		.byte	2
 217 00bc B4       		.byte	-76
 218 00bd 0C       		.byte	12
 219 00be B5       		.byte	-75
 220 00bf 01       		.byte	1
 221 00c0 B6       		.byte	-74
 222 00c1 10       		.byte	16
 223 00c2 BE       		.byte	-66
 224 00c3 01       		.byte	1
 225 00c4 BF       		.byte	-65
 226 00c5 10       		.byte	16
 227 00c6 C0       		.byte	-64
 228 00c7 45       		.byte	69
ARM GAS  C:\Users\narking\AppData\Local\Temp\cc8agiTm.s 			page 5


 229 00c8 C1       		.byte	-63
 230 00c9 06       		.byte	6
 231 00ca C5       		.byte	-59
 232 00cb 0C       		.byte	12
 233 00cc C6       		.byte	-58
 234 00cd 05       		.byte	5
 235 00ce C7       		.byte	-57
 236 00cf 2E       		.byte	46
 237 00d0 C8       		.byte	-56
 238 00d1 37       		.byte	55
 239 00d2 C9       		.byte	-55
 240 00d3 FF       		.byte	-1
 241 00d4 CA       		.byte	-54
 242 00d5 FF       		.byte	-1
 243 00d6 CB       		.byte	-53
 244 00d7 FF       		.byte	-1
 245 00d8 CD       		.byte	-51
 246 00d9 A0       		.byte	-96
 247 00da CF       		.byte	-49
 248 00db 01       		.byte	1
 249 00dc D0       		.byte	-48
 250 00dd 18       		.byte	24
 251 00de D2       		.byte	-46
 252 00df 80       		.byte	-128
 253 00e0 D4       		.byte	-44
 254 00e1 07       		.byte	7
 255 00e2 D8       		.byte	-40
 256 00e3 04       		.byte	4
 257 00e4 D9       		.byte	-39
 258 00e5 04       		.byte	4
 259 00e6 DA       		.byte	-38
 260 00e7 04       		.byte	4
 261 00e8 DB       		.byte	-37
 262 00e9 04       		.byte	4
 263 00ea DF       		.byte	-33
 264 00eb 05       		.byte	5
 265 00ec E0       		.byte	-32
 266 00ed 40       		.byte	64
 267 00ee E2       		.byte	-30
 268 00ef 80       		.byte	-128
 269 00f0 E4       		.byte	-28
 270 00f1 40       		.byte	64
 271 00f2 E5       		.byte	-27
 272 00f3 40       		.byte	64
 273 00f4 E6       		.byte	-26
 274 00f5 80       		.byte	-128
 275 00f6 E8       		.byte	-24
 276 00f7 40       		.byte	64
 277 00f8 EA       		.byte	-22
 278 00f9 50       		.byte	80
 279 00fa EB       		.byte	-21
 280 00fb A8       		.byte	-88
 281 00fc EC       		.byte	-20
 282 00fd 40       		.byte	64
 283 00fe ED       		.byte	-19
 284 00ff 20       		.byte	32
 285 0100 EE       		.byte	-18
ARM GAS  C:\Users\narking\AppData\Local\Temp\cc8agiTm.s 			page 6


 286 0101 50       		.byte	80
 287 0102 EF       		.byte	-17
 288 0103 A8       		.byte	-88
 289 0104 05       		.byte	5
 290 0105 82       		.byte	-126
 291 0106 0E       		.byte	14
 292 0107 2A       		.byte	42
 293 0108 15       		.byte	21
 294 0109 40       		.byte	64
 295 010a 16       		.byte	22
 296 010b 80       		.byte	-128
 297 010c 1D       		.byte	29
 298 010d 02       		.byte	2
 299 010e 1E       		.byte	30
 300 010f 2A       		.byte	42
 301 0110 1F       		.byte	31
 302 0111 40       		.byte	64
 303 0112 20       		.byte	32
 304 0113 04       		.byte	4
 305 0114 27       		.byte	39
 306 0115 08       		.byte	8
 307 0116 2C       		.byte	44
 308 0117 08       		.byte	8
 309 0118 2D       		.byte	45
 310 0119 20       		.byte	32
 311 011a 2F       		.byte	47
 312 011b 40       		.byte	64
 313 011c 30       		.byte	48
 314 011d 02       		.byte	2
 315 011e 38       		.byte	56
 316 011f 80       		.byte	-128
 317 0120 3F       		.byte	63
 318 0121 02       		.byte	2
 319 0122 40       		.byte	64
 320 0123 04       		.byte	4
 321 0124 42       		.byte	66
 322 0125 01       		.byte	1
 323 0126 45       		.byte	69
 324 0127 02       		.byte	2
 325 0128 49       		.byte	73
 326 0129 04       		.byte	4
 327 012a 4A       		.byte	74
 328 012b 88       		.byte	-120
 329 012c 4D       		.byte	77
 330 012d 42       		.byte	66
 331 012e 4E       		.byte	78
 332 012f 08       		.byte	8
 333 0130 4F       		.byte	79
 334 0131 06       		.byte	6
 335 0132 50       		.byte	80
 336 0133 C8       		.byte	-56
 337 0134 52       		.byte	82
 338 0135 20       		.byte	32
 339 0136 54       		.byte	84
 340 0137 40       		.byte	64
 341 0138 56       		.byte	86
 342 0139 08       		.byte	8
ARM GAS  C:\Users\narking\AppData\Local\Temp\cc8agiTm.s 			page 7


 343 013a 57       		.byte	87
 344 013b 02       		.byte	2
 345 013c 5C       		.byte	92
 346 013d 40       		.byte	64
 347 013e 5F       		.byte	95
 348 013f 18       		.byte	24
 349 0140 66       		.byte	102
 350 0141 08       		.byte	8
 351 0142 67       		.byte	103
 352 0143 04       		.byte	4
 353 0144 69       		.byte	105
 354 0145 40       		.byte	64
 355 0146 76       		.byte	118
 356 0147 80       		.byte	-128
 357 0148 7D       		.byte	125
 358 0149 40       		.byte	64
 359 014a 81       		.byte	-127
 360 014b 80       		.byte	-128
 361 014c 87       		.byte	-121
 362 014d 12       		.byte	18
 363 014e C0       		.byte	-64
 364 014f 90       		.byte	-112
 365 0150 C2       		.byte	-62
 366 0151 E0       		.byte	-32
 367 0152 C4       		.byte	-60
 368 0153 90       		.byte	-112
 369 0154 CA       		.byte	-54
 370 0155 80       		.byte	-128
 371 0156 CC       		.byte	-52
 372 0157 01       		.byte	1
 373 0158 CE       		.byte	-50
 374 0159 88       		.byte	-120
 375 015a D0       		.byte	-48
 376 015b 8C       		.byte	-116
 377 015c D2       		.byte	-46
 378 015d 34       		.byte	52
 379 015e D6       		.byte	-42
 380 015f 70       		.byte	112
 381 0160 D8       		.byte	-40
 382 0161 60       		.byte	96
 383 0162 DE       		.byte	-34
 384 0163 10       		.byte	16
 385 0164 40       		.byte	64
 386 0165 61       		.byte	97
 387 0166 41       		.byte	65
 388 0167 04       		.byte	4
 389 0168 49       		.byte	73
 390 0169 FF       		.byte	-1
 391 016a 4A       		.byte	74
 392 016b FF       		.byte	-1
 393 016c 4B       		.byte	75
 394 016d FF       		.byte	-1
 395 016e 4F       		.byte	79
 396 016f 01       		.byte	1
 397 0170 50       		.byte	80
 398 0171 18       		.byte	24
 399 0172 52       		.byte	82
ARM GAS  C:\Users\narking\AppData\Local\Temp\cc8agiTm.s 			page 8


 400 0173 01       		.byte	1
 401 0174 53       		.byte	83
 402 0175 01       		.byte	1
 403 0176 56       		.byte	86
 404 0177 18       		.byte	24
 405 0178 5A       		.byte	90
 406 0179 04       		.byte	4
 407 017a 5B       		.byte	91
 408 017b 04       		.byte	4
 409 017c 5F       		.byte	95
 410 017d 01       		.byte	1
 411 017e 60       		.byte	96
 412 017f 40       		.byte	64
 413 0180 62       		.byte	98
 414 0181 40       		.byte	64
 415 0182 64       		.byte	100
 416 0183 40       		.byte	64
 417 0184 65       		.byte	101
 418 0185 40       		.byte	64
 419 0186 66       		.byte	102
 420 0187 80       		.byte	-128
 421 0188 68       		.byte	104
 422 0189 80       		.byte	-128
 423 018a 6A       		.byte	106
 424 018b 80       		.byte	-128
 425 018c 6C       		.byte	108
 426 018d 80       		.byte	-128
 427 018e 6E       		.byte	110
 428 018f 80       		.byte	-128
 429 0190 80       		.byte	-128
 430 0191 01       		.byte	1
 431 0192 84       		.byte	-124
 432 0193 08       		.byte	8
 433 0194 8F       		.byte	-113
 434 0195 01       		.byte	1
 435 0196 90       		.byte	-112
 436 0197 0C       		.byte	12
 437 0198 91       		.byte	-111
 438 0199 04       		.byte	4
 439 019a 98       		.byte	-104
 440 019b 01       		.byte	1
 441 019c 9A       		.byte	-102
 442 019d 04       		.byte	4
 443 019e 9F       		.byte	-97
 444 019f 06       		.byte	6
 445 01a0 A2       		.byte	-94
 446 01a1 18       		.byte	24
 447 01a2 A5       		.byte	-91
 448 01a3 01       		.byte	1
 449 01a4 AA       		.byte	-86
 450 01a5 03       		.byte	3
 451 01a6 AE       		.byte	-82
 452 01a7 01       		.byte	1
 453 01a8 B0       		.byte	-80
 454 01a9 02       		.byte	2
 455 01aa B1       		.byte	-79
 456 01ab 02       		.byte	2
ARM GAS  C:\Users\narking\AppData\Local\Temp\cc8agiTm.s 			page 9


 457 01ac B2       		.byte	-78
 458 01ad 10       		.byte	16
 459 01ae B3       		.byte	-77
 460 01af 01       		.byte	1
 461 01b0 B4       		.byte	-76
 462 01b1 0C       		.byte	12
 463 01b2 B6       		.byte	-74
 464 01b3 01       		.byte	1
 465 01b4 B7       		.byte	-73
 466 01b5 04       		.byte	4
 467 01b6 BE       		.byte	-66
 468 01b7 40       		.byte	64
 469 01b8 BF       		.byte	-65
 470 01b9 44       		.byte	68
 471 01ba C0       		.byte	-64
 472 01bb 25       		.byte	37
 473 01bc C1       		.byte	-63
 474 01bd 04       		.byte	4
 475 01be C9       		.byte	-55
 476 01bf FF       		.byte	-1
 477 01c0 CA       		.byte	-54
 478 01c1 FF       		.byte	-1
 479 01c2 CB       		.byte	-53
 480 01c3 FF       		.byte	-1
 481 01c4 CD       		.byte	-51
 482 01c5 83       		.byte	-125
 483 01c6 CE       		.byte	-50
 484 01c7 03       		.byte	3
 485 01c8 CF       		.byte	-49
 486 01c9 01       		.byte	1
 487 01ca D0       		.byte	-48
 488 01cb 18       		.byte	24
 489 01cc D2       		.byte	-46
 490 01cd 80       		.byte	-128
 491 01ce D4       		.byte	-44
 492 01cf 07       		.byte	7
 493 01d0 D8       		.byte	-40
 494 01d1 04       		.byte	4
 495 01d2 D9       		.byte	-39
 496 01d3 04       		.byte	4
 497 01d4 DA       		.byte	-38
 498 01d5 04       		.byte	4
 499 01d6 DB       		.byte	-37
 500 01d7 04       		.byte	4
 501 01d8 DF       		.byte	-33
 502 01d9 05       		.byte	5
 503 01da E0       		.byte	-32
 504 01db 40       		.byte	64
 505 01dc E2       		.byte	-30
 506 01dd 40       		.byte	64
 507 01de E4       		.byte	-28
 508 01df 40       		.byte	64
 509 01e0 E5       		.byte	-27
 510 01e1 40       		.byte	64
 511 01e2 E6       		.byte	-26
 512 01e3 80       		.byte	-128
 513 01e4 E8       		.byte	-24
ARM GAS  C:\Users\narking\AppData\Local\Temp\cc8agiTm.s 			page 10


 514 01e5 80       		.byte	-128
 515 01e6 EA       		.byte	-22
 516 01e7 80       		.byte	-128
 517 01e8 EC       		.byte	-20
 518 01e9 80       		.byte	-128
 519 01ea EE       		.byte	-18
 520 01eb 80       		.byte	-128
 521 01ec 01       		.byte	1
 522 01ed 0A       		.byte	10
 523 01ee 08       		.byte	8
 524 01ef 01       		.byte	1
 525 01f0 0A       		.byte	10
 526 01f1 04       		.byte	4
 527 01f2 0C       		.byte	12
 528 01f3 03       		.byte	3
 529 01f4 10       		.byte	16
 530 01f5 84       		.byte	-124
 531 01f6 13       		.byte	19
 532 01f7 40       		.byte	64
 533 01f8 19       		.byte	25
 534 01f9 0A       		.byte	10
 535 01fa 1A       		.byte	26
 536 01fb 25       		.byte	37
 537 01fc 22       		.byte	34
 538 01fd 45       		.byte	69
 539 01fe 29       		.byte	41
 540 01ff 08       		.byte	8
 541 0200 32       		.byte	50
 542 0201 81       		.byte	-127
 543 0202 38       		.byte	56
 544 0203 80       		.byte	-128
 545 0204 40       		.byte	64
 546 0205 04       		.byte	4
 547 0206 43       		.byte	67
 548 0207 01       		.byte	1
 549 0208 46       		.byte	70
 550 0209 01       		.byte	1
 551 020a 47       		.byte	71
 552 020b 01       		.byte	1
 553 020c 4A       		.byte	74
 554 020d 02       		.byte	2
 555 020e 4C       		.byte	76
 556 020f 04       		.byte	4
 557 0210 59       		.byte	89
 558 0211 20       		.byte	32
 559 0212 5A       		.byte	90
 560 0213 88       		.byte	-120
 561 0214 5D       		.byte	93
 562 0215 40       		.byte	64
 563 0216 5F       		.byte	95
 564 0217 10       		.byte	16
 565 0218 61       		.byte	97
 566 0219 04       		.byte	4
 567 021a 62       		.byte	98
 568 021b 20       		.byte	32
 569 021c 64       		.byte	100
 570 021d 04       		.byte	4
ARM GAS  C:\Users\narking\AppData\Local\Temp\cc8agiTm.s 			page 11


 571 021e 65       		.byte	101
 572 021f 80       		.byte	-128
 573 0220 6F       		.byte	111
 574 0221 01       		.byte	1
 575 0222 73       		.byte	115
 576 0223 40       		.byte	64
 577 0224 78       		.byte	120
 578 0225 01       		.byte	1
 579 0226 81       		.byte	-127
 580 0227 40       		.byte	64
 581 0228 90       		.byte	-112
 582 0229 80       		.byte	-128
 583 022a 94       		.byte	-108
 584 022b 40       		.byte	64
 585 022c 96       		.byte	-106
 586 022d 01       		.byte	1
 587 022e 99       		.byte	-103
 588 022f 24       		.byte	36
 589 0230 9D       		.byte	-99
 590 0231 80       		.byte	-128
 591 0232 A0       		.byte	-96
 592 0233 C0       		.byte	-64
 593 0234 A2       		.byte	-94
 594 0235 A1       		.byte	-95
 595 0236 A4       		.byte	-92
 596 0237 02       		.byte	2
 597 0238 A5       		.byte	-91
 598 0239 80       		.byte	-128
 599 023a A6       		.byte	-90
 600 023b 08       		.byte	8
 601 023c C0       		.byte	-64
 602 023d 0C       		.byte	12
 603 023e C2       		.byte	-62
 604 023f 0A       		.byte	10
 605 0240 C4       		.byte	-60
 606 0241 0B       		.byte	11
 607 0242 CA       		.byte	-54
 608 0243 02       		.byte	2
 609 0244 CC       		.byte	-52
 610 0245 09       		.byte	9
 611 0246 CE       		.byte	-50
 612 0247 08       		.byte	8
 613 0248 D0       		.byte	-48
 614 0249 95       		.byte	-107
 615 024a D2       		.byte	-46
 616 024b 28       		.byte	40
 617 024c D6       		.byte	-42
 618 024d 3E       		.byte	62
 619 024e D8       		.byte	-40
 620 024f 36       		.byte	54
 621 0250 DE       		.byte	-34
 622 0251 01       		.byte	1
 623 0252 04       		.byte	4
 624 0253 01       		.byte	1
 625 0254 06       		.byte	6
 626 0255 08       		.byte	8
 627 0256 0C       		.byte	12
ARM GAS  C:\Users\narking\AppData\Local\Temp\cc8agiTm.s 			page 12


 628 0257 1F       		.byte	31
 629 0258 0D       		.byte	13
 630 0259 01       		.byte	1
 631 025a 14       		.byte	20
 632 025b 07       		.byte	7
 633 025c 16       		.byte	22
 634 025d 10       		.byte	16
 635 025e 1C       		.byte	28
 636 025f 02       		.byte	2
 637 0260 1E       		.byte	30
 638 0261 48       		.byte	72
 639 0262 22       		.byte	34
 640 0263 27       		.byte	39
 641 0264 2C       		.byte	44
 642 0265 04       		.byte	4
 643 0266 2E       		.byte	46
 644 0267 48       		.byte	72
 645 0268 2F       		.byte	47
 646 0269 01       		.byte	1
 647 026a 30       		.byte	48
 648 026b 40       		.byte	64
 649 026c 32       		.byte	50
 650 026d 18       		.byte	24
 651 026e 34       		.byte	52
 652 026f 07       		.byte	7
 653 0270 36       		.byte	54
 654 0271 20       		.byte	32
 655 0272 37       		.byte	55
 656 0273 01       		.byte	1
 657 0274 3E       		.byte	62
 658 0275 01       		.byte	1
 659 0276 3F       		.byte	63
 660 0277 40       		.byte	64
 661 0278 40       		.byte	64
 662 0279 25       		.byte	37
 663 027a 41       		.byte	65
 664 027b 04       		.byte	4
 665 027c 45       		.byte	69
 666 027d EC       		.byte	-20
 667 027e 47       		.byte	71
 668 027f 20       		.byte	32
 669 0280 48       		.byte	72
 670 0281 23       		.byte	35
 671 0282 49       		.byte	73
 672 0283 FF       		.byte	-1
 673 0284 4A       		.byte	74
 674 0285 FF       		.byte	-1
 675 0286 4B       		.byte	75
 676 0287 FF       		.byte	-1
 677 0288 4D       		.byte	77
 678 0289 83       		.byte	-125
 679 028a 4E       		.byte	78
 680 028b 03       		.byte	3
 681 028c 4F       		.byte	79
 682 028d 01       		.byte	1
 683 028e 50       		.byte	80
 684 028f 18       		.byte	24
ARM GAS  C:\Users\narking\AppData\Local\Temp\cc8agiTm.s 			page 13


 685 0290 52       		.byte	82
 686 0291 01       		.byte	1
 687 0292 53       		.byte	83
 688 0293 01       		.byte	1
 689 0294 54       		.byte	84
 690 0295 01       		.byte	1
 691 0296 56       		.byte	86
 692 0297 10       		.byte	16
 693 0298 58       		.byte	88
 694 0299 04       		.byte	4
 695 029a 59       		.byte	89
 696 029b 04       		.byte	4
 697 029c 5A       		.byte	90
 698 029d 04       		.byte	4
 699 029e 5B       		.byte	91
 700 029f 04       		.byte	4
 701 02a0 5F       		.byte	95
 702 02a1 05       		.byte	5
 703 02a2 60       		.byte	96
 704 02a3 40       		.byte	64
 705 02a4 62       		.byte	98
 706 02a5 40       		.byte	64
 707 02a6 64       		.byte	100
 708 02a7 40       		.byte	64
 709 02a8 65       		.byte	101
 710 02a9 40       		.byte	64
 711 02aa 66       		.byte	102
 712 02ab 80       		.byte	-128
 713 02ac 68       		.byte	104
 714 02ad 80       		.byte	-128
 715 02ae 6A       		.byte	106
 716 02af 80       		.byte	-128
 717 02b0 6C       		.byte	108
 718 02b1 80       		.byte	-128
 719 02b2 6E       		.byte	110
 720 02b3 80       		.byte	-128
 721 02b4 8F       		.byte	-113
 722 02b5 01       		.byte	1
 723 02b6 92       		.byte	-110
 724 02b7 01       		.byte	1
 725 02b8 A1       		.byte	-95
 726 02b9 01       		.byte	1
 727 02ba B1       		.byte	-79
 728 02bb 01       		.byte	1
 729 02bc B6       		.byte	-74
 730 02bd 01       		.byte	1
 731 02be BF       		.byte	-65
 732 02bf 01       		.byte	1
 733 02c0 D2       		.byte	-46
 734 02c1 01       		.byte	1
 735 02c2 D6       		.byte	-42
 736 02c3 18       		.byte	24
 737 02c4 D8       		.byte	-40
 738 02c5 04       		.byte	4
 739 02c6 D9       		.byte	-39
 740 02c7 04       		.byte	4
 741 02c8 DB       		.byte	-37
ARM GAS  C:\Users\narking\AppData\Local\Temp\cc8agiTm.s 			page 14


 742 02c9 04       		.byte	4
 743 02ca DE       		.byte	-34
 744 02cb 08       		.byte	8
 745 02cc DF       		.byte	-33
 746 02cd 01       		.byte	1
 747 02ce 00       		.byte	0
 748 02cf 04       		.byte	4
 749 02d0 03       		.byte	3
 750 02d1 01       		.byte	1
 751 02d2 0A       		.byte	10
 752 02d3 11       		.byte	17
 753 02d4 0F       		.byte	15
 754 02d5 80       		.byte	-128
 755 02d6 12       		.byte	18
 756 02d7 41       		.byte	65
 757 02d8 18       		.byte	24
 758 02d9 0C       		.byte	12
 759 02da 19       		.byte	25
 760 02db 40       		.byte	64
 761 02dc 1A       		.byte	26
 762 02dd 51       		.byte	81
 763 02de 1F       		.byte	31
 764 02df 80       		.byte	-128
 765 02e0 21       		.byte	33
 766 02e1 80       		.byte	-128
 767 02e2 24       		.byte	36
 768 02e3 40       		.byte	64
 769 02e4 29       		.byte	41
 770 02e5 40       		.byte	64
 771 02e6 2F       		.byte	47
 772 02e7 80       		.byte	-128
 773 02e8 3A       		.byte	58
 774 02e9 40       		.byte	64
 775 02ea 3C       		.byte	60
 776 02eb 80       		.byte	-128
 777 02ec 3F       		.byte	63
 778 02ed 80       		.byte	-128
 779 02ee 40       		.byte	64
 780 02ef 84       		.byte	-124
 781 02f0 43       		.byte	67
 782 02f1 01       		.byte	1
 783 02f2 49       		.byte	73
 784 02f3 05       		.byte	5
 785 02f4 4A       		.byte	74
 786 02f5 02       		.byte	2
 787 02f6 52       		.byte	82
 788 02f7 03       		.byte	3
 789 02f8 59       		.byte	89
 790 02f9 05       		.byte	5
 791 02fa 5A       		.byte	90
 792 02fb 40       		.byte	64
 793 02fc 5D       		.byte	93
 794 02fd 40       		.byte	64
 795 02fe 66       		.byte	102
 796 02ff 40       		.byte	64
 797 0300 68       		.byte	104
 798 0301 02       		.byte	2
ARM GAS  C:\Users\narking\AppData\Local\Temp\cc8agiTm.s 			page 15


 799 0302 6F       		.byte	111
 800 0303 02       		.byte	2
 801 0304 78       		.byte	120
 802 0305 80       		.byte	-128
 803 0306 7E       		.byte	126
 804 0307 10       		.byte	16
 805 0308 87       		.byte	-121
 806 0309 02       		.byte	2
 807 030a 92       		.byte	-110
 808 030b 20       		.byte	32
 809 030c 94       		.byte	-108
 810 030d 4C       		.byte	76
 811 030e 97       		.byte	-105
 812 030f 10       		.byte	16
 813 0310 9B       		.byte	-101
 814 0311 01       		.byte	1
 815 0312 9E       		.byte	-98
 816 0313 01       		.byte	1
 817 0314 A0       		.byte	-96
 818 0315 40       		.byte	64
 819 0316 A4       		.byte	-92
 820 0317 02       		.byte	2
 821 0318 A5       		.byte	-91
 822 0319 80       		.byte	-128
 823 031a A6       		.byte	-90
 824 031b 0A       		.byte	10
 825 031c AA       		.byte	-86
 826 031d 01       		.byte	1
 827 031e C0       		.byte	-64
 828 031f 05       		.byte	5
 829 0320 C2       		.byte	-62
 830 0321 15       		.byte	21
 831 0322 C4       		.byte	-60
 832 0323 09       		.byte	9
 833 0324 CA       		.byte	-54
 834 0325 88       		.byte	-120
 835 0326 CE       		.byte	-50
 836 0327 18       		.byte	24
 837 0328 D0       		.byte	-48
 838 0329 05       		.byte	5
 839 032a D2       		.byte	-46
 840 032b 08       		.byte	8
 841 032c D6       		.byte	-42
 842 032d 1B       		.byte	27
 843 032e D8       		.byte	-40
 844 032f 10       		.byte	16
 845 0330 DE       		.byte	-34
 846 0331 48       		.byte	72
 847 0332 97       		.byte	-105
 848 0333 10       		.byte	16
 849 0334 A6       		.byte	-90
 850 0335 08       		.byte	8
 851 0336 A9       		.byte	-87
 852 0337 40       		.byte	64
 853 0338 B2       		.byte	-78
 854 0339 08       		.byte	8
 855 033a 87       		.byte	-121
ARM GAS  C:\Users\narking\AppData\Local\Temp\cc8agiTm.s 			page 16


 856 033b 10       		.byte	16
 857 033c 97       		.byte	-105
 858 033d 10       		.byte	16
 859 033e A6       		.byte	-90
 860 033f 08       		.byte	8
 861 0340 B8       		.byte	-72
 862 0341 80       		.byte	-128
 863 0342 BE       		.byte	-66
 864 0343 40       		.byte	64
 865 0344 D8       		.byte	-40
 866 0345 04       		.byte	4
 867 0346 DF       		.byte	-33
 868 0347 01       		.byte	1
 869 0348 1A       		.byte	26
 870 0349 01       		.byte	1
 871 034a B2       		.byte	-78
 872 034b 01       		.byte	1
 873 034c EE       		.byte	-18
 874 034d 80       		.byte	-128
 875 034e 32       		.byte	50
 876 034f 40       		.byte	64
 877 0350 37       		.byte	55
 878 0351 80       		.byte	-128
 879 0352 82       		.byte	-126
 880 0353 40       		.byte	64
 881 0354 CC       		.byte	-52
 882 0355 30       		.byte	48
 883 0356 E6       		.byte	-26
 884 0357 80       		.byte	-128
 885 0358 00       		.byte	0
 886 0359 40       		.byte	64
 887 035a 53       		.byte	83
 888 035b 40       		.byte	64
 889 035c 57       		.byte	87
 890 035d 10       		.byte	16
 891 035e 82       		.byte	-126
 892 035f 04       		.byte	4
 893 0360 9F       		.byte	-97
 894 0361 80       		.byte	-128
 895 0362 C0       		.byte	-64
 896 0363 40       		.byte	64
 897 0364 D4       		.byte	-44
 898 0365 60       		.byte	96
 899 0366 E4       		.byte	-28
 900 0367 20       		.byte	32
 901 0368 87       		.byte	-121
 902 0369 40       		.byte	64
 903 036a 90       		.byte	-112
 904 036b 40       		.byte	64
 905 036c 97       		.byte	-105
 906 036d 80       		.byte	-128
 907 036e 9F       		.byte	-97
 908 036f 80       		.byte	-128
 909 0370 A6       		.byte	-90
 910 0371 04       		.byte	4
 911 0372 AB       		.byte	-85
 912 0373 10       		.byte	16
ARM GAS  C:\Users\narking\AppData\Local\Temp\cc8agiTm.s 			page 17


 913 0374 E2       		.byte	-30
 914 0375 10       		.byte	16
 915 0376 EE       		.byte	-18
 916 0377 80       		.byte	-128
 917 0378 27       		.byte	39
 918 0379 80       		.byte	-128
 919 037a 9F       		.byte	-97
 920 037b 80       		.byte	-128
 921 037c A6       		.byte	-90
 922 037d 04       		.byte	4
 923 037e A8       		.byte	-88
 924 037f 40       		.byte	64
 925 0380 C8       		.byte	-56
 926 0381 80       		.byte	-128
 927 0382 EC       		.byte	-20
 928 0383 20       		.byte	32
 929 0384 21       		.byte	33
 930 0385 04       		.byte	4
 931 0386 26       		.byte	38
 932 0387 04       		.byte	4
 933 0388 85       		.byte	-123
 934 0389 04       		.byte	4
 935 038a A6       		.byte	-90
 936 038b 04       		.byte	4
 937 038c C8       		.byte	-56
 938 038d C0       		.byte	-64
 939 038e E0       		.byte	-32
 940 038f 10       		.byte	16
 941 0390 00       		.byte	0
 942 0391 01       		.byte	1
 943 0392 08       		.byte	8
 944 0393 01       		.byte	1
 945 0394 0A       		.byte	10
 946 0395 01       		.byte	1
 947 0396 00       		.byte	0
 948 0397 0B       		.byte	11
 949 0398 04       		.byte	4
 950 0399 0A       		.byte	10
 951 039a 0A       		.byte	10
 952 039b 00       		.byte	0
 953 039c 0A       		.byte	10
 954 039d 00       		.byte	0
 955 039e 00       		.byte	0
 956 039f 00       		.byte	0
 957 03a0 00       		.byte	0
 958 03a1 0B       		.byte	11
 959 03a2 0B       		.byte	11
 960 03a3 00       		.byte	0
 961 03a4 00       		.byte	0
 962 03a5 00       		.byte	0
 963 03a6 00       		.byte	0
 964 03a7 00       		.byte	0
 965 03a8 00       		.byte	0
 966 03a9 7F       		.byte	127
 967 03aa 7F       		.byte	127
 968 03ab 00       		.byte	0
 969 03ac 00       		.byte	0
ARM GAS  C:\Users\narking\AppData\Local\Temp\cc8agiTm.s 			page 18


 970 03ad 00       		.byte	0
 971 03ae 00       		.byte	0
 972 03af 00       		.byte	0
 973              		.section	.cywolatch,"a",%progbits
 974              		.align	2
 975              		.type	cy_meta_wonvl, %object
 976              		.size	cy_meta_wonvl, 4
 977              	cy_meta_wonvl:
 978 0000 BC       		.byte	-68
 979 0001 90       		.byte	-112
 980 0002 AC       		.byte	-84
 981 0003 AF       		.byte	-81
 982              		.section	.cycustnvl,"a",%progbits
 983              		.align	2
 984              		.type	cy_meta_custnvl, %object
 985              		.size	cy_meta_custnvl, 4
 986              	cy_meta_custnvl:
 987 0000 00       		.byte	0
 988 0001 00       		.byte	0
 989 0002 40       		.byte	64
 990 0003 05       		.byte	5
 991              		.section	.cymeta,"a",%progbits
 992              		.align	2
 993              		.type	cy_metadata, %object
 994              		.size	cy_metadata, 12
 995              	cy_metadata:
 996 0000 00       		.byte	0
 997 0001 01       		.byte	1
 998 0002 2E       		.byte	46
 999 0003 16       		.byte	22
 1000 0004 10       		.byte	16
 1001 0005 69       		.byte	105
 1002 0006 00       		.byte	0
 1003 0007 01       		.byte	1
 1004 0008 00       		.byte	0
 1005 0009 00       		.byte	0
 1006 000a 00       		.byte	0
 1007 000b 00       		.byte	0
 1008              		.section	.cyflashprotect,"a",%progbits
 1009              		.align	2
 1010              		.type	cy_meta_flashprotect, %object
 1011              		.size	cy_meta_flashprotect, 256
 1012              	cy_meta_flashprotect:
 1013 0000 00000000 		.space	256
 1013      00000000 
 1013      00000000 
 1013      00000000 
 1013      00000000 
 1014              		.text
 1015              	.Letext0:
 1016              		.file 1 "c:\\program files (x86)\\cypress\\psoc creator\\4.2\\psoc creator\\import\\gnu\\arm\\5.4.
 1017              		.file 2 "c:\\program files (x86)\\cypress\\psoc creator\\4.2\\psoc creator\\import\\gnu\\arm\\5.4.
 1018              		.file 3 "Generated_Source\\PSoC5\\cymetadata.c"
 1019              		.section	.debug_info,"",%progbits
 1020              	.Ldebug_info0:
 1021 0000 31010000 		.4byte	0x131
 1022 0004 0400     		.2byte	0x4
ARM GAS  C:\Users\narking\AppData\Local\Temp\cc8agiTm.s 			page 19


 1023 0006 00000000 		.4byte	.Ldebug_abbrev0
 1024 000a 04       		.byte	0x4
 1025 000b 01       		.uleb128 0x1
 1026 000c 24000000 		.4byte	.LASF17
 1027 0010 0C       		.byte	0xc
 1028 0011 D2010000 		.4byte	.LASF18
 1029 0015 5F010000 		.4byte	.LASF19
 1030 0019 00000000 		.4byte	.Ldebug_line0
 1031 001d 02       		.uleb128 0x2
 1032 001e 01       		.byte	0x1
 1033 001f 06       		.byte	0x6
 1034 0020 C6010000 		.4byte	.LASF0
 1035 0024 03       		.uleb128 0x3
 1036 0025 00000000 		.4byte	.LASF9
 1037 0029 01       		.byte	0x1
 1038 002a 1D       		.byte	0x1d
 1039 002b 2F000000 		.4byte	0x2f
 1040 002f 02       		.uleb128 0x2
 1041 0030 01       		.byte	0x1
 1042 0031 08       		.byte	0x8
 1043 0032 16000000 		.4byte	.LASF1
 1044 0036 02       		.uleb128 0x2
 1045 0037 02       		.byte	0x2
 1046 0038 05       		.byte	0x5
 1047 0039 B3010000 		.4byte	.LASF2
 1048 003d 02       		.uleb128 0x2
 1049 003e 02       		.byte	0x2
 1050 003f 07       		.byte	0x7
 1051 0040 C4000000 		.4byte	.LASF3
 1052 0044 02       		.uleb128 0x2
 1053 0045 04       		.byte	0x4
 1054 0046 05       		.byte	0x5
 1055 0047 BD010000 		.4byte	.LASF4
 1056 004b 02       		.uleb128 0x2
 1057 004c 04       		.byte	0x4
 1058 004d 07       		.byte	0x7
 1059 004e B2000000 		.4byte	.LASF5
 1060 0052 02       		.uleb128 0x2
 1061 0053 08       		.byte	0x8
 1062 0054 05       		.byte	0x5
 1063 0055 51010000 		.4byte	.LASF6
 1064 0059 02       		.uleb128 0x2
 1065 005a 08       		.byte	0x8
 1066 005b 07       		.byte	0x7
 1067 005c 06010000 		.4byte	.LASF7
 1068 0060 04       		.uleb128 0x4
 1069 0061 04       		.byte	0x4
 1070 0062 05       		.byte	0x5
 1071 0063 696E7400 		.ascii	"int\000"
 1072 0067 02       		.uleb128 0x2
 1073 0068 04       		.byte	0x4
 1074 0069 07       		.byte	0x7
 1075 006a F9000000 		.4byte	.LASF8
 1076 006e 03       		.uleb128 0x3
 1077 006f 1D010000 		.4byte	.LASF10
 1078 0073 02       		.byte	0x2
 1079 0074 18       		.byte	0x18
ARM GAS  C:\Users\narking\AppData\Local\Temp\cc8agiTm.s 			page 20


 1080 0075 24000000 		.4byte	0x24
 1081 0079 05       		.uleb128 0x5
 1082 007a 91000000 		.4byte	0x91
 1083 007e 8A000000 		.4byte	0x8a
 1084 0082 06       		.uleb128 0x6
 1085 0083 8A000000 		.4byte	0x8a
 1086 0087 AF03     		.2byte	0x3af
 1087 0089 00       		.byte	0
 1088 008a 02       		.uleb128 0x2
 1089 008b 04       		.byte	0x4
 1090 008c 07       		.byte	0x7
 1091 008d 48010000 		.4byte	.LASF11
 1092 0091 07       		.uleb128 0x7
 1093 0092 6E000000 		.4byte	0x6e
 1094 0096 08       		.uleb128 0x8
 1095 0097 E7000000 		.4byte	.LASF12
 1096 009b 03       		.byte	0x3
 1097 009c 1F       		.byte	0x1f
 1098 009d A7000000 		.4byte	0xa7
 1099 00a1 05       		.uleb128 0x5
 1100 00a2 03       		.byte	0x3
 1101 00a3 00000000 		.4byte	cy_meta_configecc
 1102 00a7 07       		.uleb128 0x7
 1103 00a8 79000000 		.4byte	0x79
 1104 00ac 05       		.uleb128 0x5
 1105 00ad 91000000 		.4byte	0x91
 1106 00b1 BC000000 		.4byte	0xbc
 1107 00b5 09       		.uleb128 0x9
 1108 00b6 8A000000 		.4byte	0x8a
 1109 00ba 03       		.byte	0x3
 1110 00bb 00       		.byte	0
 1111 00bc 08       		.uleb128 0x8
 1112 00bd D7000000 		.4byte	.LASF13
 1113 00c1 03       		.byte	0x3
 1114 00c2 A2       		.byte	0xa2
 1115 00c3 CD000000 		.4byte	0xcd
 1116 00c7 05       		.uleb128 0x5
 1117 00c8 03       		.byte	0x3
 1118 00c9 00000000 		.4byte	cy_meta_custnvl
 1119 00cd 07       		.uleb128 0x7
 1120 00ce AC000000 		.4byte	0xac
 1121 00d2 08       		.uleb128 0x8
 1122 00d3 3A010000 		.4byte	.LASF14
 1123 00d7 03       		.byte	0x3
 1124 00d8 B0       		.byte	0xb0
 1125 00d9 E3000000 		.4byte	0xe3
 1126 00dd 05       		.uleb128 0x5
 1127 00de 03       		.byte	0x3
 1128 00df 00000000 		.4byte	cy_meta_wonvl
 1129 00e3 07       		.uleb128 0x7
 1130 00e4 AC000000 		.4byte	0xac
 1131 00e8 05       		.uleb128 0x5
 1132 00e9 91000000 		.4byte	0x91
 1133 00ed F8000000 		.4byte	0xf8
 1134 00f1 09       		.uleb128 0x9
 1135 00f2 8A000000 		.4byte	0x8a
 1136 00f6 FF       		.byte	0xff
ARM GAS  C:\Users\narking\AppData\Local\Temp\cc8agiTm.s 			page 21


 1137 00f7 00       		.byte	0
 1138 00f8 08       		.uleb128 0x8
 1139 00f9 25010000 		.4byte	.LASF15
 1140 00fd 03       		.byte	0x3
 1141 00fe BE       		.byte	0xbe
 1142 00ff 09010000 		.4byte	0x109
 1143 0103 05       		.uleb128 0x5
 1144 0104 03       		.byte	0x3
 1145 0105 00000000 		.4byte	cy_meta_flashprotect
 1146 0109 07       		.uleb128 0x7
 1147 010a E8000000 		.4byte	0xe8
 1148 010e 05       		.uleb128 0x5
 1149 010f 91000000 		.4byte	0x91
 1150 0113 1E010000 		.4byte	0x11e
 1151 0117 09       		.uleb128 0x9
 1152 0118 8A000000 		.4byte	0x8a
 1153 011c 0B       		.byte	0xb
 1154 011d 00       		.byte	0
 1155 011e 08       		.uleb128 0x8
 1156 011f 0A000000 		.4byte	.LASF16
 1157 0123 03       		.byte	0x3
 1158 0124 EB       		.byte	0xeb
 1159 0125 2F010000 		.4byte	0x12f
 1160 0129 05       		.uleb128 0x5
 1161 012a 03       		.byte	0x3
 1162 012b 00000000 		.4byte	cy_metadata
 1163 012f 07       		.uleb128 0x7
 1164 0130 0E010000 		.4byte	0x10e
 1165 0134 00       		.byte	0
 1166              		.section	.debug_abbrev,"",%progbits
 1167              	.Ldebug_abbrev0:
 1168 0000 01       		.uleb128 0x1
 1169 0001 11       		.uleb128 0x11
 1170 0002 01       		.byte	0x1
 1171 0003 25       		.uleb128 0x25
 1172 0004 0E       		.uleb128 0xe
 1173 0005 13       		.uleb128 0x13
 1174 0006 0B       		.uleb128 0xb
 1175 0007 03       		.uleb128 0x3
 1176 0008 0E       		.uleb128 0xe
 1177 0009 1B       		.uleb128 0x1b
 1178 000a 0E       		.uleb128 0xe
 1179 000b 10       		.uleb128 0x10
 1180 000c 17       		.uleb128 0x17
 1181 000d 00       		.byte	0
 1182 000e 00       		.byte	0
 1183 000f 02       		.uleb128 0x2
 1184 0010 24       		.uleb128 0x24
 1185 0011 00       		.byte	0
 1186 0012 0B       		.uleb128 0xb
 1187 0013 0B       		.uleb128 0xb
 1188 0014 3E       		.uleb128 0x3e
 1189 0015 0B       		.uleb128 0xb
 1190 0016 03       		.uleb128 0x3
 1191 0017 0E       		.uleb128 0xe
 1192 0018 00       		.byte	0
 1193 0019 00       		.byte	0
ARM GAS  C:\Users\narking\AppData\Local\Temp\cc8agiTm.s 			page 22


 1194 001a 03       		.uleb128 0x3
 1195 001b 16       		.uleb128 0x16
 1196 001c 00       		.byte	0
 1197 001d 03       		.uleb128 0x3
 1198 001e 0E       		.uleb128 0xe
 1199 001f 3A       		.uleb128 0x3a
 1200 0020 0B       		.uleb128 0xb
 1201 0021 3B       		.uleb128 0x3b
 1202 0022 0B       		.uleb128 0xb
 1203 0023 49       		.uleb128 0x49
 1204 0024 13       		.uleb128 0x13
 1205 0025 00       		.byte	0
 1206 0026 00       		.byte	0
 1207 0027 04       		.uleb128 0x4
 1208 0028 24       		.uleb128 0x24
 1209 0029 00       		.byte	0
 1210 002a 0B       		.uleb128 0xb
 1211 002b 0B       		.uleb128 0xb
 1212 002c 3E       		.uleb128 0x3e
 1213 002d 0B       		.uleb128 0xb
 1214 002e 03       		.uleb128 0x3
 1215 002f 08       		.uleb128 0x8
 1216 0030 00       		.byte	0
 1217 0031 00       		.byte	0
 1218 0032 05       		.uleb128 0x5
 1219 0033 01       		.uleb128 0x1
 1220 0034 01       		.byte	0x1
 1221 0035 49       		.uleb128 0x49
 1222 0036 13       		.uleb128 0x13
 1223 0037 01       		.uleb128 0x1
 1224 0038 13       		.uleb128 0x13
 1225 0039 00       		.byte	0
 1226 003a 00       		.byte	0
 1227 003b 06       		.uleb128 0x6
 1228 003c 21       		.uleb128 0x21
 1229 003d 00       		.byte	0
 1230 003e 49       		.uleb128 0x49
 1231 003f 13       		.uleb128 0x13
 1232 0040 2F       		.uleb128 0x2f
 1233 0041 05       		.uleb128 0x5
 1234 0042 00       		.byte	0
 1235 0043 00       		.byte	0
 1236 0044 07       		.uleb128 0x7
 1237 0045 26       		.uleb128 0x26
 1238 0046 00       		.byte	0
 1239 0047 49       		.uleb128 0x49
 1240 0048 13       		.uleb128 0x13
 1241 0049 00       		.byte	0
 1242 004a 00       		.byte	0
 1243 004b 08       		.uleb128 0x8
 1244 004c 34       		.uleb128 0x34
 1245 004d 00       		.byte	0
 1246 004e 03       		.uleb128 0x3
 1247 004f 0E       		.uleb128 0xe
 1248 0050 3A       		.uleb128 0x3a
 1249 0051 0B       		.uleb128 0xb
 1250 0052 3B       		.uleb128 0x3b
ARM GAS  C:\Users\narking\AppData\Local\Temp\cc8agiTm.s 			page 23


 1251 0053 0B       		.uleb128 0xb
 1252 0054 49       		.uleb128 0x49
 1253 0055 13       		.uleb128 0x13
 1254 0056 3F       		.uleb128 0x3f
 1255 0057 19       		.uleb128 0x19
 1256 0058 02       		.uleb128 0x2
 1257 0059 18       		.uleb128 0x18
 1258 005a 00       		.byte	0
 1259 005b 00       		.byte	0
 1260 005c 09       		.uleb128 0x9
 1261 005d 21       		.uleb128 0x21
 1262 005e 00       		.byte	0
 1263 005f 49       		.uleb128 0x49
 1264 0060 13       		.uleb128 0x13
 1265 0061 2F       		.uleb128 0x2f
 1266 0062 0B       		.uleb128 0xb
 1267 0063 00       		.byte	0
 1268 0064 00       		.byte	0
 1269 0065 00       		.byte	0
 1270              		.section	.debug_aranges,"",%progbits
 1271 0000 14000000 		.4byte	0x14
 1272 0004 0200     		.2byte	0x2
 1273 0006 00000000 		.4byte	.Ldebug_info0
 1274 000a 04       		.byte	0x4
 1275 000b 00       		.byte	0
 1276 000c 0000     		.2byte	0
 1277 000e 0000     		.2byte	0
 1278 0010 00000000 		.4byte	0
 1279 0014 00000000 		.4byte	0
 1280              		.section	.debug_line,"",%progbits
 1281              	.Ldebug_line0:
 1282 0000 3D010000 		.section	.debug_str,"MS",%progbits,1
 1282      02003701 
 1282      00000201 
 1282      FB0E0D00 
 1282      01010101 
 1283              	.LASF9:
 1284 0000 5F5F7569 		.ascii	"__uint8_t\000"
 1284      6E74385F 
 1284      7400
 1285              	.LASF16:
 1286 000a 63795F6D 		.ascii	"cy_metadata\000"
 1286      65746164 
 1286      61746100 
 1287              	.LASF1:
 1288 0016 756E7369 		.ascii	"unsigned char\000"
 1288      676E6564 
 1288      20636861 
 1288      7200
 1289              	.LASF17:
 1290 0024 474E5520 		.ascii	"GNU C11 5.4.1 20160609 (release) [ARM/embedded-5-br"
 1290      43313120 
 1290      352E342E 
 1290      31203230 
 1290      31363036 
 1291 0057 616E6368 		.ascii	"anch revision 237715] -mcpu=cortex-m3 -mthumb -g -O"
 1291      20726576 
ARM GAS  C:\Users\narking\AppData\Local\Temp\cc8agiTm.s 			page 24


 1291      6973696F 
 1291      6E203233 
 1291      37373135 
 1292 008a 67202D66 		.ascii	"g -ffunction-sections -ffat-lto-objects\000"
 1292      66756E63 
 1292      74696F6E 
 1292      2D736563 
 1292      74696F6E 
 1293              	.LASF5:
 1294 00b2 6C6F6E67 		.ascii	"long unsigned int\000"
 1294      20756E73 
 1294      69676E65 
 1294      6420696E 
 1294      7400
 1295              	.LASF3:
 1296 00c4 73686F72 		.ascii	"short unsigned int\000"
 1296      7420756E 
 1296      7369676E 
 1296      65642069 
 1296      6E7400
 1297              	.LASF13:
 1298 00d7 63795F6D 		.ascii	"cy_meta_custnvl\000"
 1298      6574615F 
 1298      63757374 
 1298      6E766C00 
 1299              	.LASF12:
 1300 00e7 63795F6D 		.ascii	"cy_meta_configecc\000"
 1300      6574615F 
 1300      636F6E66 
 1300      69676563 
 1300      6300
 1301              	.LASF8:
 1302 00f9 756E7369 		.ascii	"unsigned int\000"
 1302      676E6564 
 1302      20696E74 
 1302      00
 1303              	.LASF7:
 1304 0106 6C6F6E67 		.ascii	"long long unsigned int\000"
 1304      206C6F6E 
 1304      6720756E 
 1304      7369676E 
 1304      65642069 
 1305              	.LASF10:
 1306 011d 75696E74 		.ascii	"uint8_t\000"
 1306      385F7400 
 1307              	.LASF15:
 1308 0125 63795F6D 		.ascii	"cy_meta_flashprotect\000"
 1308      6574615F 
 1308      666C6173 
 1308      6870726F 
 1308      74656374 
 1309              	.LASF14:
 1310 013a 63795F6D 		.ascii	"cy_meta_wonvl\000"
 1310      6574615F 
 1310      776F6E76 
 1310      6C00
 1311              	.LASF11:
ARM GAS  C:\Users\narking\AppData\Local\Temp\cc8agiTm.s 			page 25


 1312 0148 73697A65 		.ascii	"sizetype\000"
 1312      74797065 
 1312      00
 1313              	.LASF6:
 1314 0151 6C6F6E67 		.ascii	"long long int\000"
 1314      206C6F6E 
 1314      6720696E 
 1314      7400
 1315              	.LASF19:
 1316 015f 433A5C55 		.ascii	"C:\\Users\\narking\\Desktop\\CE121\\narking\\labs\\"
 1316      73657273 
 1316      5C6E6172 
 1316      6B696E67 
 1316      5C446573 
 1317 018b 6C616231 		.ascii	"lab1\\design\\WorkspaceLab01\\part2b.cydsn\000"
 1317      5C646573 
 1317      69676E5C 
 1317      576F726B 
 1317      73706163 
 1318              	.LASF2:
 1319 01b3 73686F72 		.ascii	"short int\000"
 1319      7420696E 
 1319      7400
 1320              	.LASF4:
 1321 01bd 6C6F6E67 		.ascii	"long int\000"
 1321      20696E74 
 1321      00
 1322              	.LASF0:
 1323 01c6 7369676E 		.ascii	"signed char\000"
 1323      65642063 
 1323      68617200 
 1324              	.LASF18:
 1325 01d2 47656E65 		.ascii	"Generated_Source\\PSoC5\\cymetadata.c\000"
 1325      72617465 
 1325      645F536F 
 1325      75726365 
 1325      5C50536F 
 1326              		.ident	"GCC: (GNU Tools for ARM Embedded Processors) 5.4.1 20160609 (release) [ARM/embedded-5-bran
