ARM GAS  C:\Users\narking\AppData\Local\Temp\ccp5SqmU.s 			page 1


   1              		.syntax unified
   2              		.cpu cortex-m3
   3              		.fpu softvfp
   4              		.eabi_attribute 20, 1
   5              		.eabi_attribute 21, 1
   6              		.eabi_attribute 23, 3
   7              		.eabi_attribute 24, 1
   8              		.eabi_attribute 25, 1
   9              		.eabi_attribute 26, 1
  10              		.eabi_attribute 30, 1
  11              		.eabi_attribute 34, 1
  12              		.eabi_attribute 18, 4
  13              		.thumb
  14              		.syntax unified
  15              		.file	"cymetadata.c"
  16              		.text
  17              	.Ltext0:
  18              		.cfi_sections	.debug_frame
  19              		.global	cy_metadata
  20              		.global	cy_meta_flashprotect
  21              		.global	cy_meta_wonvl
  22              		.global	cy_meta_custnvl
  23              		.global	cy_meta_configecc
  24              		.section	.cyconfigecc,"a",%progbits
  25              		.align	2
  26              		.type	cy_meta_configecc, %object
  27              		.size	cy_meta_configecc, 380
  28              	cy_meta_configecc:
  29 0000 02       		.byte	2
  30 0001 52       		.byte	82
  31 0002 00       		.byte	0
  32 0003 40       		.byte	64
  33 0004 01       		.byte	1
  34 0005 65       		.byte	101
  35 0006 00       		.byte	0
  36 0007 40       		.byte	64
  37 0008 04       		.byte	4
  38 0009 06       		.byte	6
  39 000a 01       		.byte	1
  40 000b 40       		.byte	64
  41 000c 01       		.byte	1
  42 000d 07       		.byte	7
  43 000e 01       		.byte	1
  44 000f 40       		.byte	64
  45 0010 3F       		.byte	63
  46 0011 14       		.byte	20
  47 0012 01       		.byte	1
  48 0013 40       		.byte	64
  49 0014 1F       		.byte	31
  50 0015 15       		.byte	21
  51 0016 01       		.byte	1
  52 0017 40       		.byte	64
  53 0018 01       		.byte	1
  54 0019 17       		.byte	23
  55 001a 01       		.byte	1
  56 001b 40       		.byte	64
  57 001c 01       		.byte	1
ARM GAS  C:\Users\narking\AppData\Local\Temp\ccp5SqmU.s 			page 2


  58 001d 19       		.byte	25
  59 001e 01       		.byte	1
  60 001f 40       		.byte	64
  61 0020 01       		.byte	1
  62 0021 1B       		.byte	27
  63 0022 01       		.byte	1
  64 0023 40       		.byte	64
  65 0024 02       		.byte	2
  66 0025 41       		.byte	65
  67 0026 01       		.byte	1
  68 0027 40       		.byte	64
  69 0028 01       		.byte	1
  70 0029 42       		.byte	66
  71 002a 01       		.byte	1
  72 002b 40       		.byte	64
  73 002c 01       		.byte	1
  74 002d 43       		.byte	67
  75 002e 01       		.byte	1
  76 002f 40       		.byte	64
  77 0030 02       		.byte	2
  78 0031 44       		.byte	68
  79 0032 01       		.byte	1
  80 0033 40       		.byte	64
  81 0034 01       		.byte	1
  82 0035 45       		.byte	69
  83 0036 01       		.byte	1
  84 0037 40       		.byte	64
  85 0038 03       		.byte	3
  86 0039 46       		.byte	70
  87 003a 01       		.byte	1
  88 003b 40       		.byte	64
  89 003c 02       		.byte	2
  90 003d 47       		.byte	71
  91 003e 01       		.byte	1
  92 003f 40       		.byte	64
  93 0040 03       		.byte	3
  94 0041 48       		.byte	72
  95 0042 01       		.byte	1
  96 0043 40       		.byte	64
  97 0044 03       		.byte	3
  98 0045 49       		.byte	73
  99 0046 01       		.byte	1
 100 0047 40       		.byte	64
 101 0048 03       		.byte	3
 102 0049 4C       		.byte	76
 103 004a 01       		.byte	1
 104 004b 40       		.byte	64
 105 004c 02       		.byte	2
 106 004d 4D       		.byte	77
 107 004e 01       		.byte	1
 108 004f 40       		.byte	64
 109 0050 02       		.byte	2
 110 0051 50       		.byte	80
 111 0052 01       		.byte	1
 112 0053 40       		.byte	64
 113 0054 00       		.byte	0
 114 0055 01       		.byte	1
ARM GAS  C:\Users\narking\AppData\Local\Temp\ccp5SqmU.s 			page 3


 115 0056 01       		.byte	1
 116 0057 01       		.byte	1
 117 0058 85       		.byte	-123
 118 0059 0D       		.byte	13
 119 005a 38       		.byte	56
 120 005b 08       		.byte	8
 121 005c 3E       		.byte	62
 122 005d 04       		.byte	4
 123 005e 58       		.byte	88
 124 005f 04       		.byte	4
 125 0060 5F       		.byte	95
 126 0061 01       		.byte	1
 127 0062 1E       		.byte	30
 128 0063 20       		.byte	32
 129 0064 40       		.byte	64
 130 0065 30       		.byte	48
 131 0066 41       		.byte	65
 132 0067 04       		.byte	4
 133 0068 49       		.byte	73
 134 0069 FF       		.byte	-1
 135 006a 4A       		.byte	74
 136 006b FF       		.byte	-1
 137 006c 4B       		.byte	75
 138 006d FF       		.byte	-1
 139 006e 4D       		.byte	77
 140 006f A0       		.byte	-96
 141 0070 4F       		.byte	79
 142 0071 04       		.byte	4
 143 0072 50       		.byte	80
 144 0073 18       		.byte	24
 145 0074 5A       		.byte	90
 146 0075 04       		.byte	4
 147 0076 5D       		.byte	93
 148 0077 01       		.byte	1
 149 0078 5F       		.byte	95
 150 0079 01       		.byte	1
 151 007a 60       		.byte	96
 152 007b 40       		.byte	64
 153 007c 62       		.byte	98
 154 007d C0       		.byte	-64
 155 007e 64       		.byte	100
 156 007f 40       		.byte	64
 157 0080 65       		.byte	101
 158 0081 40       		.byte	64
 159 0082 66       		.byte	102
 160 0083 C0       		.byte	-64
 161 0084 68       		.byte	104
 162 0085 C0       		.byte	-64
 163 0086 6A       		.byte	106
 164 0087 C0       		.byte	-64
 165 0088 6C       		.byte	108
 166 0089 C0       		.byte	-64
 167 008a 6E       		.byte	110
 168 008b C0       		.byte	-64
 169 008c 82       		.byte	-126
 170 008d 02       		.byte	2
 171 008e 83       		.byte	-125
ARM GAS  C:\Users\narking\AppData\Local\Temp\ccp5SqmU.s 			page 4


 172 008f 01       		.byte	1
 173 0090 8A       		.byte	-118
 174 0091 06       		.byte	6
 175 0092 9E       		.byte	-98
 176 0093 0C       		.byte	12
 177 0094 AD       		.byte	-83
 178 0095 01       		.byte	1
 179 0096 AE       		.byte	-82
 180 0097 01       		.byte	1
 181 0098 B0       		.byte	-80
 182 0099 08       		.byte	8
 183 009a B2       		.byte	-78
 184 009b 01       		.byte	1
 185 009c B4       		.byte	-76
 186 009d 02       		.byte	2
 187 009e B6       		.byte	-74
 188 009f 04       		.byte	4
 189 00a0 B7       		.byte	-73
 190 00a1 01       		.byte	1
 191 00a2 BE       		.byte	-66
 192 00a3 10       		.byte	16
 193 00a4 C0       		.byte	-64
 194 00a5 30       		.byte	48
 195 00a6 C1       		.byte	-63
 196 00a7 04       		.byte	4
 197 00a8 C5       		.byte	-59
 198 00a9 D0       		.byte	-48
 199 00aa C6       		.byte	-58
 200 00ab 02       		.byte	2
 201 00ac C7       		.byte	-57
 202 00ad 10       		.byte	16
 203 00ae C8       		.byte	-56
 204 00af 26       		.byte	38
 205 00b0 C9       		.byte	-55
 206 00b1 FF       		.byte	-1
 207 00b2 CA       		.byte	-54
 208 00b3 FF       		.byte	-1
 209 00b4 CB       		.byte	-53
 210 00b5 FF       		.byte	-1
 211 00b6 CD       		.byte	-51
 212 00b7 AF       		.byte	-81
 213 00b8 CE       		.byte	-50
 214 00b9 0F       		.byte	15
 215 00ba CF       		.byte	-49
 216 00bb 04       		.byte	4
 217 00bc D0       		.byte	-48
 218 00bd 18       		.byte	24
 219 00be D2       		.byte	-46
 220 00bf 80       		.byte	-128
 221 00c0 D4       		.byte	-44
 222 00c1 05       		.byte	5
 223 00c2 D8       		.byte	-40
 224 00c3 04       		.byte	4
 225 00c4 D9       		.byte	-39
 226 00c5 04       		.byte	4
 227 00c6 DA       		.byte	-38
 228 00c7 04       		.byte	4
ARM GAS  C:\Users\narking\AppData\Local\Temp\ccp5SqmU.s 			page 5


 229 00c8 DB       		.byte	-37
 230 00c9 04       		.byte	4
 231 00ca DC       		.byte	-36
 232 00cb 11       		.byte	17
 233 00cc DD       		.byte	-35
 234 00cd 11       		.byte	17
 235 00ce DF       		.byte	-33
 236 00cf 01       		.byte	1
 237 00d0 E0       		.byte	-32
 238 00d1 40       		.byte	64
 239 00d2 E2       		.byte	-30
 240 00d3 C0       		.byte	-64
 241 00d4 E4       		.byte	-28
 242 00d5 40       		.byte	64
 243 00d6 E5       		.byte	-27
 244 00d7 40       		.byte	64
 245 00d8 E6       		.byte	-26
 246 00d9 C0       		.byte	-64
 247 00da E8       		.byte	-24
 248 00db C0       		.byte	-64
 249 00dc EA       		.byte	-22
 250 00dd C0       		.byte	-64
 251 00de EC       		.byte	-20
 252 00df C0       		.byte	-64
 253 00e0 EE       		.byte	-18
 254 00e1 C0       		.byte	-64
 255 00e2 04       		.byte	4
 256 00e3 10       		.byte	16
 257 00e4 06       		.byte	6
 258 00e5 80       		.byte	-128
 259 00e6 0F       		.byte	15
 260 00e7 02       		.byte	2
 261 00e8 17       		.byte	23
 262 00e9 40       		.byte	64
 263 00ea 1C       		.byte	28
 264 00eb 10       		.byte	16
 265 00ec 1D       		.byte	29
 266 00ed 08       		.byte	8
 267 00ee 1E       		.byte	30
 268 00ef 0A       		.byte	10
 269 00f0 1F       		.byte	31
 270 00f1 02       		.byte	2
 271 00f2 26       		.byte	38
 272 00f3 40       		.byte	64
 273 00f4 2F       		.byte	47
 274 00f5 02       		.byte	2
 275 00f6 3F       		.byte	63
 276 00f7 02       		.byte	2
 277 00f8 40       		.byte	64
 278 00f9 10       		.byte	16
 279 00fa 42       		.byte	66
 280 00fb 80       		.byte	-128
 281 00fc 45       		.byte	69
 282 00fd 08       		.byte	8
 283 00fe 46       		.byte	70
 284 00ff 80       		.byte	-128
 285 0100 4F       		.byte	79
ARM GAS  C:\Users\narking\AppData\Local\Temp\ccp5SqmU.s 			page 6


 286 0101 01       		.byte	1
 287 0102 56       		.byte	86
 288 0103 80       		.byte	-128
 289 0104 57       		.byte	87
 290 0105 01       		.byte	1
 291 0106 5E       		.byte	94
 292 0107 88       		.byte	-120
 293 0108 5F       		.byte	95
 294 0109 01       		.byte	1
 295 010a 77       		.byte	119
 296 010b 40       		.byte	64
 297 010c 8E       		.byte	-114
 298 010d 01       		.byte	1
 299 010e C0       		.byte	-64
 300 010f 50       		.byte	80
 301 0110 C2       		.byte	-62
 302 0111 80       		.byte	-128
 303 0112 C4       		.byte	-60
 304 0113 80       		.byte	-128
 305 0114 CA       		.byte	-54
 306 0115 10       		.byte	16
 307 0116 CE       		.byte	-50
 308 0117 80       		.byte	-128
 309 0118 D0       		.byte	-48
 310 0119 C3       		.byte	-61
 311 011a D6       		.byte	-42
 312 011b D0       		.byte	-48
 313 011c E2       		.byte	-30
 314 011d 10       		.byte	16
 315 011e EC       		.byte	-20
 316 011f 10       		.byte	16
 317 0120 B2       		.byte	-78
 318 0121 10       		.byte	16
 319 0122 E8       		.byte	-24
 320 0123 80       		.byte	-128
 321 0124 EC       		.byte	-20
 322 0125 10       		.byte	16
 323 0126 55       		.byte	85
 324 0127 01       		.byte	1
 325 0128 D6       		.byte	-42
 326 0129 20       		.byte	32
 327 012a A5       		.byte	-91
 328 012b 01       		.byte	1
 329 012c A5       		.byte	-91
 330 012d 01       		.byte	1
 331 012e 7C       		.byte	124
 332 012f 20       		.byte	32
 333 0130 DE       		.byte	-34
 334 0131 01       		.byte	1
 335 0132 9C       		.byte	-100
 336 0133 20       		.byte	32
 337 0134 45       		.byte	69
 338 0135 08       		.byte	8
 339 0136 9C       		.byte	-100
 340 0137 20       		.byte	32
 341 0138 D0       		.byte	-48
 342 0139 01       		.byte	1
ARM GAS  C:\Users\narking\AppData\Local\Temp\ccp5SqmU.s 			page 7


 343 013a 9C       		.byte	-100
 344 013b 20       		.byte	32
 345 013c A5       		.byte	-91
 346 013d 08       		.byte	8
 347 013e 25       		.byte	37
 348 013f 10       		.byte	16
 349 0140 A5       		.byte	-91
 350 0141 01       		.byte	1
 351 0142 C8       		.byte	-56
 352 0143 20       		.byte	32
 353 0144 8D       		.byte	-115
 354 0145 01       		.byte	1
 355 0146 A5       		.byte	-91
 356 0147 01       		.byte	1
 357 0148 B5       		.byte	-75
 358 0149 10       		.byte	16
 359 014a A5       		.byte	-91
 360 014b 08       		.byte	8
 361 014c B0       		.byte	-80
 362 014d 20       		.byte	32
 363 014e E8       		.byte	-24
 364 014f 01       		.byte	1
 365 0150 B5       		.byte	-75
 366 0151 08       		.byte	8
 367 0152 EC       		.byte	-20
 368 0153 08       		.byte	8
 369 0154 10       		.byte	16
 370 0155 02       		.byte	2
 371 0156 1A       		.byte	26
 372 0157 02       		.byte	2
 373 0158 00       		.byte	0
 374 0159 01       		.byte	1
 375 015a 01       		.byte	1
 376 015b 00       		.byte	0
 377 015c 01       		.byte	1
 378 015d 00       		.byte	0
 379 015e 00       		.byte	0
 380 015f 00       		.byte	0
 381 0160 00       		.byte	0
 382 0161 0B       		.byte	11
 383 0162 0B       		.byte	11
 384 0163 00       		.byte	0
 385 0164 00       		.byte	0
 386 0165 00       		.byte	0
 387 0166 00       		.byte	0
 388 0167 00       		.byte	0
 389 0168 00       		.byte	0
 390 0169 7F       		.byte	127
 391 016a 7F       		.byte	127
 392 016b 00       		.byte	0
 393 016c 00       		.byte	0
 394 016d 00       		.byte	0
 395 016e 00       		.byte	0
 396 016f 00       		.byte	0
 397 0170 00       		.byte	0
 398 0171 00       		.byte	0
 399 0172 00       		.byte	0
ARM GAS  C:\Users\narking\AppData\Local\Temp\ccp5SqmU.s 			page 8


 400 0173 00       		.byte	0
 401 0174 00       		.byte	0
 402 0175 00       		.byte	0
 403 0176 08       		.byte	8
 404 0177 00       		.byte	0
 405 0178 25       		.byte	37
 406 0179 00       		.byte	0
 407 017a 18       		.byte	24
 408 017b 01       		.byte	1
 409              		.section	.cywolatch,"a",%progbits
 410              		.align	2
 411              		.type	cy_meta_wonvl, %object
 412              		.size	cy_meta_wonvl, 4
 413              	cy_meta_wonvl:
 414 0000 BC       		.byte	-68
 415 0001 90       		.byte	-112
 416 0002 AC       		.byte	-84
 417 0003 AF       		.byte	-81
 418              		.section	.cycustnvl,"a",%progbits
 419              		.align	2
 420              		.type	cy_meta_custnvl, %object
 421              		.size	cy_meta_custnvl, 4
 422              	cy_meta_custnvl:
 423 0000 00       		.byte	0
 424 0001 00       		.byte	0
 425 0002 40       		.byte	64
 426 0003 05       		.byte	5
 427              		.section	.cymeta,"a",%progbits
 428              		.align	2
 429              		.type	cy_metadata, %object
 430              		.size	cy_metadata, 12
 431              	cy_metadata:
 432 0000 00       		.byte	0
 433 0001 01       		.byte	1
 434 0002 2E       		.byte	46
 435 0003 16       		.byte	22
 436 0004 10       		.byte	16
 437 0005 69       		.byte	105
 438 0006 00       		.byte	0
 439 0007 01       		.byte	1
 440 0008 00       		.byte	0
 441 0009 00       		.byte	0
 442 000a 00       		.byte	0
 443 000b 00       		.byte	0
 444              		.section	.cyflashprotect,"a",%progbits
 445              		.align	2
 446              		.type	cy_meta_flashprotect, %object
 447              		.size	cy_meta_flashprotect, 256
 448              	cy_meta_flashprotect:
 449 0000 00000000 		.space	256
 449      00000000 
 449      00000000 
 449      00000000 
 449      00000000 
 450              		.text
 451              	.Letext0:
 452              		.file 1 "c:\\program files (x86)\\cypress\\psoc creator\\4.2\\psoc creator\\import\\gnu\\arm\\5.4.
ARM GAS  C:\Users\narking\AppData\Local\Temp\ccp5SqmU.s 			page 9


 453              		.file 2 "c:\\program files (x86)\\cypress\\psoc creator\\4.2\\psoc creator\\import\\gnu\\arm\\5.4.
 454              		.file 3 "Generated_Source\\PSoC5\\cymetadata.c"
 455              		.section	.debug_info,"",%progbits
 456              	.Ldebug_info0:
 457 0000 31010000 		.4byte	0x131
 458 0004 0400     		.2byte	0x4
 459 0006 00000000 		.4byte	.Ldebug_abbrev0
 460 000a 04       		.byte	0x4
 461 000b 01       		.uleb128 0x1
 462 000c 24000000 		.4byte	.LASF17
 463 0010 0C       		.byte	0xc
 464 0011 D2010000 		.4byte	.LASF18
 465 0015 7E010000 		.4byte	.LASF19
 466 0019 00000000 		.4byte	.Ldebug_line0
 467 001d 02       		.uleb128 0x2
 468 001e 01       		.byte	0x1
 469 001f 06       		.byte	0x6
 470 0020 72010000 		.4byte	.LASF0
 471 0024 03       		.uleb128 0x3
 472 0025 00000000 		.4byte	.LASF9
 473 0029 01       		.byte	0x1
 474 002a 1D       		.byte	0x1d
 475 002b 2F000000 		.4byte	0x2f
 476 002f 02       		.uleb128 0x2
 477 0030 01       		.byte	0x1
 478 0031 08       		.byte	0x8
 479 0032 16000000 		.4byte	.LASF1
 480 0036 02       		.uleb128 0x2
 481 0037 02       		.byte	0x2
 482 0038 05       		.byte	0x5
 483 0039 5F010000 		.4byte	.LASF2
 484 003d 02       		.uleb128 0x2
 485 003e 02       		.byte	0x2
 486 003f 07       		.byte	0x7
 487 0040 C4000000 		.4byte	.LASF3
 488 0044 02       		.uleb128 0x2
 489 0045 04       		.byte	0x4
 490 0046 05       		.byte	0x5
 491 0047 69010000 		.4byte	.LASF4
 492 004b 02       		.uleb128 0x2
 493 004c 04       		.byte	0x4
 494 004d 07       		.byte	0x7
 495 004e B2000000 		.4byte	.LASF5
 496 0052 02       		.uleb128 0x2
 497 0053 08       		.byte	0x8
 498 0054 05       		.byte	0x5
 499 0055 51010000 		.4byte	.LASF6
 500 0059 02       		.uleb128 0x2
 501 005a 08       		.byte	0x8
 502 005b 07       		.byte	0x7
 503 005c 06010000 		.4byte	.LASF7
 504 0060 04       		.uleb128 0x4
 505 0061 04       		.byte	0x4
 506 0062 05       		.byte	0x5
 507 0063 696E7400 		.ascii	"int\000"
 508 0067 02       		.uleb128 0x2
 509 0068 04       		.byte	0x4
ARM GAS  C:\Users\narking\AppData\Local\Temp\ccp5SqmU.s 			page 10


 510 0069 07       		.byte	0x7
 511 006a F9000000 		.4byte	.LASF8
 512 006e 03       		.uleb128 0x3
 513 006f 1D010000 		.4byte	.LASF10
 514 0073 02       		.byte	0x2
 515 0074 18       		.byte	0x18
 516 0075 24000000 		.4byte	0x24
 517 0079 05       		.uleb128 0x5
 518 007a 91000000 		.4byte	0x91
 519 007e 8A000000 		.4byte	0x8a
 520 0082 06       		.uleb128 0x6
 521 0083 8A000000 		.4byte	0x8a
 522 0087 7B01     		.2byte	0x17b
 523 0089 00       		.byte	0
 524 008a 02       		.uleb128 0x2
 525 008b 04       		.byte	0x4
 526 008c 07       		.byte	0x7
 527 008d 48010000 		.4byte	.LASF11
 528 0091 07       		.uleb128 0x7
 529 0092 6E000000 		.4byte	0x6e
 530 0096 08       		.uleb128 0x8
 531 0097 E7000000 		.4byte	.LASF12
 532 009b 03       		.byte	0x3
 533 009c 1F       		.byte	0x1f
 534 009d A7000000 		.4byte	0xa7
 535 00a1 05       		.uleb128 0x5
 536 00a2 03       		.byte	0x3
 537 00a3 00000000 		.4byte	cy_meta_configecc
 538 00a7 07       		.uleb128 0x7
 539 00a8 79000000 		.4byte	0x79
 540 00ac 05       		.uleb128 0x5
 541 00ad 91000000 		.4byte	0x91
 542 00b1 BC000000 		.4byte	0xbc
 543 00b5 09       		.uleb128 0x9
 544 00b6 8A000000 		.4byte	0x8a
 545 00ba 03       		.byte	0x3
 546 00bb 00       		.byte	0
 547 00bc 08       		.uleb128 0x8
 548 00bd D7000000 		.4byte	.LASF13
 549 00c1 03       		.byte	0x3
 550 00c2 5C       		.byte	0x5c
 551 00c3 CD000000 		.4byte	0xcd
 552 00c7 05       		.uleb128 0x5
 553 00c8 03       		.byte	0x3
 554 00c9 00000000 		.4byte	cy_meta_custnvl
 555 00cd 07       		.uleb128 0x7
 556 00ce AC000000 		.4byte	0xac
 557 00d2 08       		.uleb128 0x8
 558 00d3 3A010000 		.4byte	.LASF14
 559 00d7 03       		.byte	0x3
 560 00d8 6A       		.byte	0x6a
 561 00d9 E3000000 		.4byte	0xe3
 562 00dd 05       		.uleb128 0x5
 563 00de 03       		.byte	0x3
 564 00df 00000000 		.4byte	cy_meta_wonvl
 565 00e3 07       		.uleb128 0x7
 566 00e4 AC000000 		.4byte	0xac
ARM GAS  C:\Users\narking\AppData\Local\Temp\ccp5SqmU.s 			page 11


 567 00e8 05       		.uleb128 0x5
 568 00e9 91000000 		.4byte	0x91
 569 00ed F8000000 		.4byte	0xf8
 570 00f1 09       		.uleb128 0x9
 571 00f2 8A000000 		.4byte	0x8a
 572 00f6 FF       		.byte	0xff
 573 00f7 00       		.byte	0
 574 00f8 08       		.uleb128 0x8
 575 00f9 25010000 		.4byte	.LASF15
 576 00fd 03       		.byte	0x3
 577 00fe 78       		.byte	0x78
 578 00ff 09010000 		.4byte	0x109
 579 0103 05       		.uleb128 0x5
 580 0104 03       		.byte	0x3
 581 0105 00000000 		.4byte	cy_meta_flashprotect
 582 0109 07       		.uleb128 0x7
 583 010a E8000000 		.4byte	0xe8
 584 010e 05       		.uleb128 0x5
 585 010f 91000000 		.4byte	0x91
 586 0113 1E010000 		.4byte	0x11e
 587 0117 09       		.uleb128 0x9
 588 0118 8A000000 		.4byte	0x8a
 589 011c 0B       		.byte	0xb
 590 011d 00       		.byte	0
 591 011e 08       		.uleb128 0x8
 592 011f 0A000000 		.4byte	.LASF16
 593 0123 03       		.byte	0x3
 594 0124 A5       		.byte	0xa5
 595 0125 2F010000 		.4byte	0x12f
 596 0129 05       		.uleb128 0x5
 597 012a 03       		.byte	0x3
 598 012b 00000000 		.4byte	cy_metadata
 599 012f 07       		.uleb128 0x7
 600 0130 0E010000 		.4byte	0x10e
 601 0134 00       		.byte	0
 602              		.section	.debug_abbrev,"",%progbits
 603              	.Ldebug_abbrev0:
 604 0000 01       		.uleb128 0x1
 605 0001 11       		.uleb128 0x11
 606 0002 01       		.byte	0x1
 607 0003 25       		.uleb128 0x25
 608 0004 0E       		.uleb128 0xe
 609 0005 13       		.uleb128 0x13
 610 0006 0B       		.uleb128 0xb
 611 0007 03       		.uleb128 0x3
 612 0008 0E       		.uleb128 0xe
 613 0009 1B       		.uleb128 0x1b
 614 000a 0E       		.uleb128 0xe
 615 000b 10       		.uleb128 0x10
 616 000c 17       		.uleb128 0x17
 617 000d 00       		.byte	0
 618 000e 00       		.byte	0
 619 000f 02       		.uleb128 0x2
 620 0010 24       		.uleb128 0x24
 621 0011 00       		.byte	0
 622 0012 0B       		.uleb128 0xb
 623 0013 0B       		.uleb128 0xb
ARM GAS  C:\Users\narking\AppData\Local\Temp\ccp5SqmU.s 			page 12


 624 0014 3E       		.uleb128 0x3e
 625 0015 0B       		.uleb128 0xb
 626 0016 03       		.uleb128 0x3
 627 0017 0E       		.uleb128 0xe
 628 0018 00       		.byte	0
 629 0019 00       		.byte	0
 630 001a 03       		.uleb128 0x3
 631 001b 16       		.uleb128 0x16
 632 001c 00       		.byte	0
 633 001d 03       		.uleb128 0x3
 634 001e 0E       		.uleb128 0xe
 635 001f 3A       		.uleb128 0x3a
 636 0020 0B       		.uleb128 0xb
 637 0021 3B       		.uleb128 0x3b
 638 0022 0B       		.uleb128 0xb
 639 0023 49       		.uleb128 0x49
 640 0024 13       		.uleb128 0x13
 641 0025 00       		.byte	0
 642 0026 00       		.byte	0
 643 0027 04       		.uleb128 0x4
 644 0028 24       		.uleb128 0x24
 645 0029 00       		.byte	0
 646 002a 0B       		.uleb128 0xb
 647 002b 0B       		.uleb128 0xb
 648 002c 3E       		.uleb128 0x3e
 649 002d 0B       		.uleb128 0xb
 650 002e 03       		.uleb128 0x3
 651 002f 08       		.uleb128 0x8
 652 0030 00       		.byte	0
 653 0031 00       		.byte	0
 654 0032 05       		.uleb128 0x5
 655 0033 01       		.uleb128 0x1
 656 0034 01       		.byte	0x1
 657 0035 49       		.uleb128 0x49
 658 0036 13       		.uleb128 0x13
 659 0037 01       		.uleb128 0x1
 660 0038 13       		.uleb128 0x13
 661 0039 00       		.byte	0
 662 003a 00       		.byte	0
 663 003b 06       		.uleb128 0x6
 664 003c 21       		.uleb128 0x21
 665 003d 00       		.byte	0
 666 003e 49       		.uleb128 0x49
 667 003f 13       		.uleb128 0x13
 668 0040 2F       		.uleb128 0x2f
 669 0041 05       		.uleb128 0x5
 670 0042 00       		.byte	0
 671 0043 00       		.byte	0
 672 0044 07       		.uleb128 0x7
 673 0045 26       		.uleb128 0x26
 674 0046 00       		.byte	0
 675 0047 49       		.uleb128 0x49
 676 0048 13       		.uleb128 0x13
 677 0049 00       		.byte	0
 678 004a 00       		.byte	0
 679 004b 08       		.uleb128 0x8
 680 004c 34       		.uleb128 0x34
ARM GAS  C:\Users\narking\AppData\Local\Temp\ccp5SqmU.s 			page 13


 681 004d 00       		.byte	0
 682 004e 03       		.uleb128 0x3
 683 004f 0E       		.uleb128 0xe
 684 0050 3A       		.uleb128 0x3a
 685 0051 0B       		.uleb128 0xb
 686 0052 3B       		.uleb128 0x3b
 687 0053 0B       		.uleb128 0xb
 688 0054 49       		.uleb128 0x49
 689 0055 13       		.uleb128 0x13
 690 0056 3F       		.uleb128 0x3f
 691 0057 19       		.uleb128 0x19
 692 0058 02       		.uleb128 0x2
 693 0059 18       		.uleb128 0x18
 694 005a 00       		.byte	0
 695 005b 00       		.byte	0
 696 005c 09       		.uleb128 0x9
 697 005d 21       		.uleb128 0x21
 698 005e 00       		.byte	0
 699 005f 49       		.uleb128 0x49
 700 0060 13       		.uleb128 0x13
 701 0061 2F       		.uleb128 0x2f
 702 0062 0B       		.uleb128 0xb
 703 0063 00       		.byte	0
 704 0064 00       		.byte	0
 705 0065 00       		.byte	0
 706              		.section	.debug_aranges,"",%progbits
 707 0000 14000000 		.4byte	0x14
 708 0004 0200     		.2byte	0x2
 709 0006 00000000 		.4byte	.Ldebug_info0
 710 000a 04       		.byte	0x4
 711 000b 00       		.byte	0
 712 000c 0000     		.2byte	0
 713 000e 0000     		.2byte	0
 714 0010 00000000 		.4byte	0
 715 0014 00000000 		.4byte	0
 716              		.section	.debug_line,"",%progbits
 717              	.Ldebug_line0:
 718 0000 3D010000 		.section	.debug_str,"MS",%progbits,1
 718      02003701 
 718      00000201 
 718      FB0E0D00 
 718      01010101 
 719              	.LASF9:
 720 0000 5F5F7569 		.ascii	"__uint8_t\000"
 720      6E74385F 
 720      7400
 721              	.LASF16:
 722 000a 63795F6D 		.ascii	"cy_metadata\000"
 722      65746164 
 722      61746100 
 723              	.LASF1:
 724 0016 756E7369 		.ascii	"unsigned char\000"
 724      676E6564 
 724      20636861 
 724      7200
 725              	.LASF17:
 726 0024 474E5520 		.ascii	"GNU C11 5.4.1 20160609 (release) [ARM/embedded-5-br"
ARM GAS  C:\Users\narking\AppData\Local\Temp\ccp5SqmU.s 			page 14


 726      43313120 
 726      352E342E 
 726      31203230 
 726      31363036 
 727 0057 616E6368 		.ascii	"anch revision 237715] -mcpu=cortex-m3 -mthumb -g -O"
 727      20726576 
 727      6973696F 
 727      6E203233 
 727      37373135 
 728 008a 67202D66 		.ascii	"g -ffunction-sections -ffat-lto-objects\000"
 728      66756E63 
 728      74696F6E 
 728      2D736563 
 728      74696F6E 
 729              	.LASF5:
 730 00b2 6C6F6E67 		.ascii	"long unsigned int\000"
 730      20756E73 
 730      69676E65 
 730      6420696E 
 730      7400
 731              	.LASF3:
 732 00c4 73686F72 		.ascii	"short unsigned int\000"
 732      7420756E 
 732      7369676E 
 732      65642069 
 732      6E7400
 733              	.LASF13:
 734 00d7 63795F6D 		.ascii	"cy_meta_custnvl\000"
 734      6574615F 
 734      63757374 
 734      6E766C00 
 735              	.LASF12:
 736 00e7 63795F6D 		.ascii	"cy_meta_configecc\000"
 736      6574615F 
 736      636F6E66 
 736      69676563 
 736      6300
 737              	.LASF8:
 738 00f9 756E7369 		.ascii	"unsigned int\000"
 738      676E6564 
 738      20696E74 
 738      00
 739              	.LASF7:
 740 0106 6C6F6E67 		.ascii	"long long unsigned int\000"
 740      206C6F6E 
 740      6720756E 
 740      7369676E 
 740      65642069 
 741              	.LASF10:
 742 011d 75696E74 		.ascii	"uint8_t\000"
 742      385F7400 
 743              	.LASF15:
 744 0125 63795F6D 		.ascii	"cy_meta_flashprotect\000"
 744      6574615F 
 744      666C6173 
 744      6870726F 
 744      74656374 
ARM GAS  C:\Users\narking\AppData\Local\Temp\ccp5SqmU.s 			page 15


 745              	.LASF14:
 746 013a 63795F6D 		.ascii	"cy_meta_wonvl\000"
 746      6574615F 
 746      776F6E76 
 746      6C00
 747              	.LASF11:
 748 0148 73697A65 		.ascii	"sizetype\000"
 748      74797065 
 748      00
 749              	.LASF6:
 750 0151 6C6F6E67 		.ascii	"long long int\000"
 750      206C6F6E 
 750      6720696E 
 750      7400
 751              	.LASF2:
 752 015f 73686F72 		.ascii	"short int\000"
 752      7420696E 
 752      7400
 753              	.LASF4:
 754 0169 6C6F6E67 		.ascii	"long int\000"
 754      20696E74 
 754      00
 755              	.LASF0:
 756 0172 7369676E 		.ascii	"signed char\000"
 756      65642063 
 756      68617200 
 757              	.LASF19:
 758 017e 433A5C55 		.ascii	"C:\\Users\\narking\\Desktop\\CE121\\narking\\labs\\"
 758      73657273 
 758      5C6E6172 
 758      6B696E67 
 758      5C446573 
 759 01aa 6C616231 		.ascii	"lab1\\design\\WorkspaceLab01\\part1b.cydsn\000"
 759      5C646573 
 759      69676E5C 
 759      576F726B 
 759      73706163 
 760              	.LASF18:
 761 01d2 47656E65 		.ascii	"Generated_Source\\PSoC5\\cymetadata.c\000"
 761      72617465 
 761      645F536F 
 761      75726365 
 761      5C50536F 
 762              		.ident	"GCC: (GNU Tools for ARM Embedded Processors) 5.4.1 20160609 (release) [ARM/embedded-5-bran
