ARM GAS  C:\Users\narking\AppData\Local\Temp\ccL2YWlg.s 			page 1


   1              		.syntax unified
   2              		.cpu cortex-m3
   3              		.fpu softvfp
   4              		.eabi_attribute 20, 1
   5              		.eabi_attribute 21, 1
   6              		.eabi_attribute 23, 3
   7              		.eabi_attribute 24, 1
   8              		.eabi_attribute 25, 1
   9              		.eabi_attribute 26, 1
  10              		.eabi_attribute 30, 1
  11              		.eabi_attribute 34, 1
  12              		.eabi_attribute 18, 4
  13              		.thumb
  14              		.syntax unified
  15              		.file	"main.c"
  16              		.text
  17              	.Ltext0:
  18              		.cfi_sections	.debug_frame
  19              		.section	.text.main,"ax",%progbits
  20              		.align	2
  21              		.global	main
  22              		.thumb
  23              		.thumb_func
  24              		.type	main, %function
  25              	main:
  26              	.LFB64:
  27              		.file 1 "main.c"
   1:main.c        **** /* ========================================
   2:main.c        ****  *
   3:main.c        ****  * Copyright YOUR COMPANY, THE YEAR
   4:main.c        ****  * All Rights Reserved
   5:main.c        ****  * UNPUBLISHED, LICENSED SOFTWARE.
   6:main.c        ****  *
   7:main.c        ****  * CONFIDENTIAL AND PROPRIETARY INFORMATION
   8:main.c        ****  * WHICH IS THE PROPERTY OF your company.
   9:main.c        ****  *
  10:main.c        ****  * ========================================
  11:main.c        **** */
  12:main.c        **** #include "project.h"
  13:main.c        **** #include <stdio.h>
  14:main.c        **** 
  15:main.c        **** #define OVER 65000
  16:main.c        **** #define UNDER 200
  17:main.c        **** #define OVERCORRECT 64000
  18:main.c        **** #define UNDERCORRECT 1000
  19:main.c        **** #define AVG 5
  20:main.c        **** 
  21:main.c        **** int main(void)
  22:main.c        **** {
  28              		.loc 1 22 0
  29              		.cfi_startproc
  30              		@ args = 0, pretend = 0, frame = 16
  31              		@ frame_needed = 0, uses_anonymous_args = 0
  32 0000 10B5     		push	{r4, lr}
  33              		.cfi_def_cfa_offset 8
  34              		.cfi_offset 4, -8
  35              		.cfi_offset 14, -4
ARM GAS  C:\Users\narking\AppData\Local\Temp\ccL2YWlg.s 			page 2


  36 0002 84B0     		sub	sp, sp, #16
  37              		.cfi_def_cfa_offset 24
  23:main.c        ****     CyGlobalIntEnable; /* Enable global interrupts. */
  38              		.loc 1 23 0
  39              		.syntax unified
  40              	@ 23 "main.c" 1
  41 0004 62B6     		CPSIE   i
  42              	@ 0 "" 2
  24:main.c        **** 
  25:main.c        ****     /* Place your initialization/startup code here (e.g. MyInst_Start()) */
  26:main.c        ****     ADC_DelSig_1_Start();
  43              		.loc 1 26 0
  44              		.thumb
  45              		.syntax unified
  46 0006 FFF7FEFF 		bl	ADC_DelSig_1_Start
  47              	.LVL0:
  27:main.c        ****     PWM_1_Start();
  48              		.loc 1 27 0
  49 000a FFF7FEFF 		bl	PWM_1_Start
  50              	.LVL1:
  28:main.c        ****     LCD_Char_1_Start();
  51              		.loc 1 28 0
  52 000e FFF7FEFF 		bl	LCD_Char_1_Start
  53              	.LVL2:
  29:main.c        ****     LCD_Char_1_DisplayOn();
  54              		.loc 1 29 0
  55 0012 0C20     		movs	r0, #12
  56 0014 FFF7FEFF 		bl	LCD_Char_1_WriteControl
  57              	.LVL3:
  30:main.c        ****     LCD_Char_1_Init();
  58              		.loc 1 30 0
  59 0018 FFF7FEFF 		bl	LCD_Char_1_Init
  60              	.LVL4:
  31:main.c        ****     LCD_Char_1_Enable();
  61              		.loc 1 31 0
  62 001c FFF7FEFF 		bl	LCD_Char_1_Enable
  63              	.LVL5:
  32:main.c        ****     LCD_Char_1_IsReady();
  64              		.loc 1 32 0
  65 0020 FFF7FEFF 		bl	LCD_Char_1_IsReady
  66              	.LVL6:
  33:main.c        ****     LCD_Char_1_Position(0,0); 
  67              		.loc 1 33 0
  68 0024 0021     		movs	r1, #0
  69 0026 0846     		mov	r0, r1
  70 0028 FFF7FEFF 		bl	LCD_Char_1_Position
  71              	.LVL7:
  34:main.c        ****     LCD_Char_1_PrintString("Hello World");
  72              		.loc 1 34 0
  73 002c 1748     		ldr	r0, .L7
  74 002e FFF7FEFF 		bl	LCD_Char_1_PrintString
  75              	.LVL8:
  35:main.c        ****     
  36:main.c        ****     
  37:main.c        ****     uint16_t readADC = 0;  
  38:main.c        ****     
  39:main.c        ****     char print[12];
ARM GAS  C:\Users\narking\AppData\Local\Temp\ccL2YWlg.s 			page 3


  40:main.c        ****     sprintf(print,"readADC = %u", readADC);
  76              		.loc 1 40 0
  77 0032 0022     		movs	r2, #0
  78 0034 1649     		ldr	r1, .L7+4
  79 0036 01A8     		add	r0, sp, #4
  80 0038 FFF7FEFF 		bl	sprintf
  81              	.LVL9:
  82              	.L3:
  41:main.c        ****     
  42:main.c        ****     for(;;)
  43:main.c        ****     {
  44:main.c        ****              
  45:main.c        ****         readADC = ADC_DelSig_1_Read16();
  83              		.loc 1 45 0
  84 003c FFF7FEFF 		bl	ADC_DelSig_1_Read16
  85              	.LVL10:
  86 0040 80B2     		uxth	r0, r0
  87              	.LVL11:
  46:main.c        ****         
  47:main.c        ****         if (readADC > OVER){
  88              		.loc 1 47 0
  89 0042 4FF6E853 		movw	r3, #65000
  90 0046 9842     		cmp	r0, r3
  91 0048 02D8     		bhi	.L4
  48:main.c        ****             readADC = UNDERCORRECT;
  49:main.c        ****         } else if (readADC < UNDER) {
  92              		.loc 1 49 0
  93 004a C728     		cmp	r0, #199
  94 004c 03D9     		bls	.L5
  95 004e 04E0     		b	.L2
  96              	.L4:
  48:main.c        ****             readADC = UNDERCORRECT;
  97              		.loc 1 48 0
  98 0050 4FF47A70 		mov	r0, #1000
  99              	.LVL12:
 100 0054 01E0     		b	.L2
 101              	.LVL13:
 102              	.L5:
  50:main.c        ****             readADC = OVERCORRECT;
 103              		.loc 1 50 0
 104 0056 4FF47A40 		mov	r0, #64000
 105              	.LVL14:
 106              	.L2:
  51:main.c        ****         }       
  52:main.c        ****         
  53:main.c        ****         readADC = readADC/65;
 107              		.loc 1 53 0
 108 005a 0E4C     		ldr	r4, .L7+8
 109 005c A4FB0030 		umull	r3, r0, r4, r0
 110              	.LVL15:
 111 0060 8409     		lsrs	r4, r0, #6
 112              	.LVL16:
  54:main.c        ****         
  55:main.c        ****         sprintf(print,"readADC = %u", readADC);
 113              		.loc 1 55 0
 114 0062 2246     		mov	r2, r4
 115 0064 0A49     		ldr	r1, .L7+4
ARM GAS  C:\Users\narking\AppData\Local\Temp\ccL2YWlg.s 			page 4


 116 0066 01A8     		add	r0, sp, #4
 117 0068 FFF7FEFF 		bl	sprintf
 118              	.LVL17:
  56:main.c        ****         LCD_Char_1_ClearDisplay();
 119              		.loc 1 56 0
 120 006c 0120     		movs	r0, #1
 121 006e FFF7FEFF 		bl	LCD_Char_1_WriteControl
 122              	.LVL18:
  57:main.c        ****         LCD_Char_1_IsReady();
 123              		.loc 1 57 0
 124 0072 FFF7FEFF 		bl	LCD_Char_1_IsReady
 125              	.LVL19:
  58:main.c        ****         LCD_Char_1_Position(0,0);
 126              		.loc 1 58 0
 127 0076 0021     		movs	r1, #0
 128 0078 0846     		mov	r0, r1
 129 007a FFF7FEFF 		bl	LCD_Char_1_Position
 130              	.LVL20:
  59:main.c        ****         LCD_Char_1_PrintString(print);
 131              		.loc 1 59 0
 132 007e 01A8     		add	r0, sp, #4
 133 0080 FFF7FEFF 		bl	LCD_Char_1_PrintString
 134              	.LVL21:
  60:main.c        ****         PWM_1_WriteCompare(readADC);
 135              		.loc 1 60 0
 136 0084 2046     		mov	r0, r4
 137 0086 FFF7FEFF 		bl	PWM_1_WriteCompare
 138              	.LVL22:
  61:main.c        ****     }
 139              		.loc 1 61 0
 140 008a D7E7     		b	.L3
 141              	.L8:
 142              		.align	2
 143              	.L7:
 144 008c 00000000 		.word	.LC0
 145 0090 0C000000 		.word	.LC1
 146 0094 FDC00FFC 		.word	-66076419
 147              		.cfi_endproc
 148              	.LFE64:
 149              		.size	main, .-main
 150              		.section	.rodata.str1.4,"aMS",%progbits,1
 151              		.align	2
 152              	.LC0:
 153 0000 48656C6C 		.ascii	"Hello World\000"
 153      6F20576F 
 153      726C6400 
 154              	.LC1:
 155 000c 72656164 		.ascii	"readADC = %u\000"
 155      41444320 
 155      3D202575 
 155      00
 156              		.text
 157              	.Letext0:
 158              		.file 2 "c:\\program files (x86)\\cypress\\psoc creator\\4.2\\psoc creator\\import\\gnu\\arm\\5.4.
 159              		.file 3 "c:\\program files (x86)\\cypress\\psoc creator\\4.2\\psoc creator\\import\\gnu\\arm\\5.4.
 160              		.file 4 "Generated_Source\\PSoC5/ADC_DelSig_1.h"
 161              		.file 5 "Generated_Source\\PSoC5/PWM_1.h"
ARM GAS  C:\Users\narking\AppData\Local\Temp\ccL2YWlg.s 			page 5


 162              		.file 6 "Generated_Source\\PSoC5/LCD_Char_1.h"
 163              		.file 7 "c:\\program files (x86)\\cypress\\psoc creator\\4.2\\psoc creator\\import\\gnu\\arm\\5.4.
 164              		.file 8 "Generated_Source\\PSoC5/core_cm3.h"
 165              		.section	.debug_info,"",%progbits
 166              	.Ldebug_info0:
 167 0000 B1020000 		.4byte	0x2b1
 168 0004 0400     		.2byte	0x4
 169 0006 00000000 		.4byte	.Ldebug_abbrev0
 170 000a 04       		.byte	0x4
 171 000b 01       		.uleb128 0x1
 172 000c 89000000 		.4byte	.LASF32
 173 0010 0C       		.byte	0xc
 174 0011 F1010000 		.4byte	.LASF33
 175 0015 55020000 		.4byte	.LASF34
 176 0019 00000000 		.4byte	.Ldebug_ranges0+0
 177 001d 00000000 		.4byte	0
 178 0021 00000000 		.4byte	.Ldebug_line0
 179 0025 02       		.uleb128 0x2
 180 0026 01       		.byte	0x1
 181 0027 06       		.byte	0x6
 182 0028 49020000 		.4byte	.LASF0
 183 002c 02       		.uleb128 0x2
 184 002d 01       		.byte	0x1
 185 002e 08       		.byte	0x8
 186 002f 5B010000 		.4byte	.LASF1
 187 0033 02       		.uleb128 0x2
 188 0034 02       		.byte	0x2
 189 0035 05       		.byte	0x5
 190 0036 21020000 		.4byte	.LASF2
 191 003a 03       		.uleb128 0x3
 192 003b 69010000 		.4byte	.LASF4
 193 003f 02       		.byte	0x2
 194 0040 2B       		.byte	0x2b
 195 0041 45000000 		.4byte	0x45
 196 0045 02       		.uleb128 0x2
 197 0046 02       		.byte	0x2
 198 0047 07       		.byte	0x7
 199 0048 34000000 		.4byte	.LASF3
 200 004c 03       		.uleb128 0x3
 201 004d 2A000000 		.4byte	.LASF5
 202 0051 02       		.byte	0x2
 203 0052 3F       		.byte	0x3f
 204 0053 57000000 		.4byte	0x57
 205 0057 02       		.uleb128 0x2
 206 0058 04       		.byte	0x4
 207 0059 05       		.byte	0x5
 208 005a 34020000 		.4byte	.LASF6
 209 005e 02       		.uleb128 0x2
 210 005f 04       		.byte	0x4
 211 0060 07       		.byte	0x7
 212 0061 17010000 		.4byte	.LASF7
 213 0065 02       		.uleb128 0x2
 214 0066 08       		.byte	0x8
 215 0067 05       		.byte	0x5
 216 0068 E3010000 		.4byte	.LASF8
 217 006c 02       		.uleb128 0x2
 218 006d 08       		.byte	0x8
ARM GAS  C:\Users\narking\AppData\Local\Temp\ccL2YWlg.s 			page 6


 219 006e 07       		.byte	0x7
 220 006f A0010000 		.4byte	.LASF9
 221 0073 04       		.uleb128 0x4
 222 0074 04       		.byte	0x4
 223 0075 05       		.byte	0x5
 224 0076 696E7400 		.ascii	"int\000"
 225 007a 02       		.uleb128 0x2
 226 007b 04       		.byte	0x4
 227 007c 07       		.byte	0x7
 228 007d 93010000 		.4byte	.LASF10
 229 0081 03       		.uleb128 0x3
 230 0082 2B020000 		.4byte	.LASF11
 231 0086 03       		.byte	0x3
 232 0087 24       		.byte	0x24
 233 0088 3A000000 		.4byte	0x3a
 234 008c 03       		.uleb128 0x3
 235 008d BF010000 		.4byte	.LASF12
 236 0091 03       		.byte	0x3
 237 0092 2C       		.byte	0x2c
 238 0093 4C000000 		.4byte	0x4c
 239 0097 02       		.uleb128 0x2
 240 0098 04       		.byte	0x4
 241 0099 04       		.byte	0x4
 242 009a 47000000 		.4byte	.LASF13
 243 009e 02       		.uleb128 0x2
 244 009f 08       		.byte	0x8
 245 00a0 04       		.byte	0x4
 246 00a1 74010000 		.4byte	.LASF14
 247 00a5 02       		.uleb128 0x2
 248 00a6 01       		.byte	0x1
 249 00a7 08       		.byte	0x8
 250 00a8 F8010000 		.4byte	.LASF15
 251 00ac 02       		.uleb128 0x2
 252 00ad 08       		.byte	0x8
 253 00ae 04       		.byte	0x4
 254 00af 3D020000 		.4byte	.LASF16
 255 00b3 02       		.uleb128 0x2
 256 00b4 04       		.byte	0x4
 257 00b5 07       		.byte	0x7
 258 00b6 C7010000 		.4byte	.LASF17
 259 00ba 05       		.uleb128 0x5
 260 00bb 7B010000 		.4byte	.LASF35
 261 00bf 01       		.byte	0x1
 262 00c0 15       		.byte	0x15
 263 00c1 73000000 		.4byte	0x73
 264 00c5 00000000 		.4byte	.LFB64
 265 00c9 98000000 		.4byte	.LFE64-.LFB64
 266 00cd 01       		.uleb128 0x1
 267 00ce 9C       		.byte	0x9c
 268 00cf 0F020000 		.4byte	0x20f
 269 00d3 06       		.uleb128 0x6
 270 00d4 B7010000 		.4byte	.LASF18
 271 00d8 01       		.byte	0x1
 272 00d9 25       		.byte	0x25
 273 00da 81000000 		.4byte	0x81
 274 00de 00000000 		.4byte	.LLST0
 275 00e2 07       		.uleb128 0x7
ARM GAS  C:\Users\narking\AppData\Local\Temp\ccL2YWlg.s 			page 7


 276 00e3 35010000 		.4byte	.LASF19
 277 00e7 01       		.byte	0x1
 278 00e8 27       		.byte	0x27
 279 00e9 0F020000 		.4byte	0x20f
 280 00ed 02       		.uleb128 0x2
 281 00ee 91       		.byte	0x91
 282 00ef 6C       		.sleb128 -20
 283 00f0 08       		.uleb128 0x8
 284 00f1 0A000000 		.4byte	.LVL0
 285 00f5 30020000 		.4byte	0x230
 286 00f9 08       		.uleb128 0x8
 287 00fa 0E000000 		.4byte	.LVL1
 288 00fe 3B020000 		.4byte	0x23b
 289 0102 08       		.uleb128 0x8
 290 0103 12000000 		.4byte	.LVL2
 291 0107 46020000 		.4byte	0x246
 292 010b 09       		.uleb128 0x9
 293 010c 18000000 		.4byte	.LVL3
 294 0110 51020000 		.4byte	0x251
 295 0114 1E010000 		.4byte	0x11e
 296 0118 0A       		.uleb128 0xa
 297 0119 01       		.uleb128 0x1
 298 011a 50       		.byte	0x50
 299 011b 01       		.uleb128 0x1
 300 011c 3C       		.byte	0x3c
 301 011d 00       		.byte	0
 302 011e 08       		.uleb128 0x8
 303 011f 1C000000 		.4byte	.LVL4
 304 0123 5C020000 		.4byte	0x25c
 305 0127 08       		.uleb128 0x8
 306 0128 20000000 		.4byte	.LVL5
 307 012c 67020000 		.4byte	0x267
 308 0130 08       		.uleb128 0x8
 309 0131 24000000 		.4byte	.LVL6
 310 0135 72020000 		.4byte	0x272
 311 0139 09       		.uleb128 0x9
 312 013a 2C000000 		.4byte	.LVL7
 313 013e 7D020000 		.4byte	0x27d
 314 0142 51010000 		.4byte	0x151
 315 0146 0A       		.uleb128 0xa
 316 0147 01       		.uleb128 0x1
 317 0148 50       		.byte	0x50
 318 0149 01       		.uleb128 0x1
 319 014a 30       		.byte	0x30
 320 014b 0A       		.uleb128 0xa
 321 014c 01       		.uleb128 0x1
 322 014d 51       		.byte	0x51
 323 014e 01       		.uleb128 0x1
 324 014f 30       		.byte	0x30
 325 0150 00       		.byte	0
 326 0151 09       		.uleb128 0x9
 327 0152 32000000 		.4byte	.LVL8
 328 0156 88020000 		.4byte	0x288
 329 015a 68010000 		.4byte	0x168
 330 015e 0A       		.uleb128 0xa
 331 015f 01       		.uleb128 0x1
 332 0160 50       		.byte	0x50
ARM GAS  C:\Users\narking\AppData\Local\Temp\ccL2YWlg.s 			page 8


 333 0161 05       		.uleb128 0x5
 334 0162 03       		.byte	0x3
 335 0163 00000000 		.4byte	.LC0
 336 0167 00       		.byte	0
 337 0168 09       		.uleb128 0x9
 338 0169 3C000000 		.4byte	.LVL9
 339 016d 93020000 		.4byte	0x293
 340 0171 8A010000 		.4byte	0x18a
 341 0175 0A       		.uleb128 0xa
 342 0176 01       		.uleb128 0x1
 343 0177 50       		.byte	0x50
 344 0178 02       		.uleb128 0x2
 345 0179 91       		.byte	0x91
 346 017a 6C       		.sleb128 -20
 347 017b 0A       		.uleb128 0xa
 348 017c 01       		.uleb128 0x1
 349 017d 51       		.byte	0x51
 350 017e 05       		.uleb128 0x5
 351 017f 03       		.byte	0x3
 352 0180 0C000000 		.4byte	.LC1
 353 0184 0A       		.uleb128 0xa
 354 0185 01       		.uleb128 0x1
 355 0186 52       		.byte	0x52
 356 0187 01       		.uleb128 0x1
 357 0188 30       		.byte	0x30
 358 0189 00       		.byte	0
 359 018a 08       		.uleb128 0x8
 360 018b 40000000 		.4byte	.LVL10
 361 018f 9E020000 		.4byte	0x29e
 362 0193 09       		.uleb128 0x9
 363 0194 6C000000 		.4byte	.LVL17
 364 0198 93020000 		.4byte	0x293
 365 019c B6010000 		.4byte	0x1b6
 366 01a0 0A       		.uleb128 0xa
 367 01a1 01       		.uleb128 0x1
 368 01a2 50       		.byte	0x50
 369 01a3 02       		.uleb128 0x2
 370 01a4 91       		.byte	0x91
 371 01a5 6C       		.sleb128 -20
 372 01a6 0A       		.uleb128 0xa
 373 01a7 01       		.uleb128 0x1
 374 01a8 51       		.byte	0x51
 375 01a9 05       		.uleb128 0x5
 376 01aa 03       		.byte	0x3
 377 01ab 0C000000 		.4byte	.LC1
 378 01af 0A       		.uleb128 0xa
 379 01b0 01       		.uleb128 0x1
 380 01b1 52       		.byte	0x52
 381 01b2 02       		.uleb128 0x2
 382 01b3 74       		.byte	0x74
 383 01b4 00       		.sleb128 0
 384 01b5 00       		.byte	0
 385 01b6 09       		.uleb128 0x9
 386 01b7 72000000 		.4byte	.LVL18
 387 01bb 51020000 		.4byte	0x251
 388 01bf C9010000 		.4byte	0x1c9
 389 01c3 0A       		.uleb128 0xa
ARM GAS  C:\Users\narking\AppData\Local\Temp\ccL2YWlg.s 			page 9


 390 01c4 01       		.uleb128 0x1
 391 01c5 50       		.byte	0x50
 392 01c6 01       		.uleb128 0x1
 393 01c7 31       		.byte	0x31
 394 01c8 00       		.byte	0
 395 01c9 08       		.uleb128 0x8
 396 01ca 76000000 		.4byte	.LVL19
 397 01ce 72020000 		.4byte	0x272
 398 01d2 09       		.uleb128 0x9
 399 01d3 7E000000 		.4byte	.LVL20
 400 01d7 7D020000 		.4byte	0x27d
 401 01db EA010000 		.4byte	0x1ea
 402 01df 0A       		.uleb128 0xa
 403 01e0 01       		.uleb128 0x1
 404 01e1 50       		.byte	0x50
 405 01e2 01       		.uleb128 0x1
 406 01e3 30       		.byte	0x30
 407 01e4 0A       		.uleb128 0xa
 408 01e5 01       		.uleb128 0x1
 409 01e6 51       		.byte	0x51
 410 01e7 01       		.uleb128 0x1
 411 01e8 30       		.byte	0x30
 412 01e9 00       		.byte	0
 413 01ea 09       		.uleb128 0x9
 414 01eb 84000000 		.4byte	.LVL21
 415 01ef 88020000 		.4byte	0x288
 416 01f3 FE010000 		.4byte	0x1fe
 417 01f7 0A       		.uleb128 0xa
 418 01f8 01       		.uleb128 0x1
 419 01f9 50       		.byte	0x50
 420 01fa 02       		.uleb128 0x2
 421 01fb 91       		.byte	0x91
 422 01fc 6C       		.sleb128 -20
 423 01fd 00       		.byte	0
 424 01fe 0B       		.uleb128 0xb
 425 01ff 8A000000 		.4byte	.LVL22
 426 0203 A9020000 		.4byte	0x2a9
 427 0207 0A       		.uleb128 0xa
 428 0208 01       		.uleb128 0x1
 429 0209 50       		.byte	0x50
 430 020a 02       		.uleb128 0x2
 431 020b 74       		.byte	0x74
 432 020c 00       		.sleb128 0
 433 020d 00       		.byte	0
 434 020e 00       		.byte	0
 435 020f 0C       		.uleb128 0xc
 436 0210 A5000000 		.4byte	0xa5
 437 0214 1F020000 		.4byte	0x21f
 438 0218 0D       		.uleb128 0xd
 439 0219 B3000000 		.4byte	0xb3
 440 021d 0B       		.byte	0xb
 441 021e 00       		.byte	0
 442 021f 0E       		.uleb128 0xe
 443 0220 4E010000 		.4byte	.LASF36
 444 0224 08       		.byte	0x8
 445 0225 1207     		.2byte	0x712
 446 0227 2B020000 		.4byte	0x22b
ARM GAS  C:\Users\narking\AppData\Local\Temp\ccL2YWlg.s 			page 10


 447 022b 0F       		.uleb128 0xf
 448 022c 8C000000 		.4byte	0x8c
 449 0230 10       		.uleb128 0x10
 450 0231 80010000 		.4byte	.LASF20
 451 0235 80010000 		.4byte	.LASF20
 452 0239 04       		.byte	0x4
 453 023a 3A       		.byte	0x3a
 454 023b 10       		.uleb128 0x10
 455 023c 29010000 		.4byte	.LASF21
 456 0240 29010000 		.4byte	.LASF21
 457 0244 05       		.byte	0x5
 458 0245 92       		.byte	0x92
 459 0246 10       		.uleb128 0x10
 460 0247 61000000 		.4byte	.LASF22
 461 024b 61000000 		.4byte	.LASF22
 462 024f 06       		.byte	0x6
 463 0250 38       		.byte	0x38
 464 0251 10       		.uleb128 0x10
 465 0252 00000000 		.4byte	.LASF23
 466 0256 00000000 		.4byte	.LASF23
 467 025a 06       		.byte	0x6
 468 025b 3A       		.byte	0x3a
 469 025c 10       		.uleb128 0x10
 470 025d 11020000 		.4byte	.LASF24
 471 0261 11020000 		.4byte	.LASF24
 472 0265 06       		.byte	0x6
 473 0266 36       		.byte	0x36
 474 0267 10       		.uleb128 0x10
 475 0268 18000000 		.4byte	.LASF25
 476 026c 18000000 		.4byte	.LASF25
 477 0270 06       		.byte	0x6
 478 0271 37       		.byte	0x37
 479 0272 10       		.uleb128 0x10
 480 0273 3B010000 		.4byte	.LASF26
 481 0277 3B010000 		.4byte	.LASF26
 482 027b 06       		.byte	0x6
 483 027c 3F       		.byte	0x3f
 484 027d 10       		.uleb128 0x10
 485 027e FD010000 		.4byte	.LASF27
 486 0282 FD010000 		.4byte	.LASF27
 487 0286 06       		.byte	0x6
 488 0287 3D       		.byte	0x3d
 489 0288 10       		.uleb128 0x10
 490 0289 72000000 		.4byte	.LASF28
 491 028d 72000000 		.4byte	.LASF28
 492 0291 06       		.byte	0x6
 493 0292 3C       		.byte	0x3c
 494 0293 10       		.uleb128 0x10
 495 0294 A9020000 		.4byte	.LASF29
 496 0298 A9020000 		.4byte	.LASF29
 497 029c 07       		.byte	0x7
 498 029d E7       		.byte	0xe7
 499 029e 10       		.uleb128 0x10
 500 029f 4D000000 		.4byte	.LASF30
 501 02a3 4D000000 		.4byte	.LASF30
 502 02a7 04       		.byte	0x4
 503 02a8 55       		.byte	0x55
ARM GAS  C:\Users\narking\AppData\Local\Temp\ccL2YWlg.s 			page 11


 504 02a9 10       		.uleb128 0x10
 505 02aa D0010000 		.4byte	.LASF31
 506 02ae D0010000 		.4byte	.LASF31
 507 02b2 05       		.byte	0x5
 508 02b3 C3       		.byte	0xc3
 509 02b4 00       		.byte	0
 510              		.section	.debug_abbrev,"",%progbits
 511              	.Ldebug_abbrev0:
 512 0000 01       		.uleb128 0x1
 513 0001 11       		.uleb128 0x11
 514 0002 01       		.byte	0x1
 515 0003 25       		.uleb128 0x25
 516 0004 0E       		.uleb128 0xe
 517 0005 13       		.uleb128 0x13
 518 0006 0B       		.uleb128 0xb
 519 0007 03       		.uleb128 0x3
 520 0008 0E       		.uleb128 0xe
 521 0009 1B       		.uleb128 0x1b
 522 000a 0E       		.uleb128 0xe
 523 000b 55       		.uleb128 0x55
 524 000c 17       		.uleb128 0x17
 525 000d 11       		.uleb128 0x11
 526 000e 01       		.uleb128 0x1
 527 000f 10       		.uleb128 0x10
 528 0010 17       		.uleb128 0x17
 529 0011 00       		.byte	0
 530 0012 00       		.byte	0
 531 0013 02       		.uleb128 0x2
 532 0014 24       		.uleb128 0x24
 533 0015 00       		.byte	0
 534 0016 0B       		.uleb128 0xb
 535 0017 0B       		.uleb128 0xb
 536 0018 3E       		.uleb128 0x3e
 537 0019 0B       		.uleb128 0xb
 538 001a 03       		.uleb128 0x3
 539 001b 0E       		.uleb128 0xe
 540 001c 00       		.byte	0
 541 001d 00       		.byte	0
 542 001e 03       		.uleb128 0x3
 543 001f 16       		.uleb128 0x16
 544 0020 00       		.byte	0
 545 0021 03       		.uleb128 0x3
 546 0022 0E       		.uleb128 0xe
 547 0023 3A       		.uleb128 0x3a
 548 0024 0B       		.uleb128 0xb
 549 0025 3B       		.uleb128 0x3b
 550 0026 0B       		.uleb128 0xb
 551 0027 49       		.uleb128 0x49
 552 0028 13       		.uleb128 0x13
 553 0029 00       		.byte	0
 554 002a 00       		.byte	0
 555 002b 04       		.uleb128 0x4
 556 002c 24       		.uleb128 0x24
 557 002d 00       		.byte	0
 558 002e 0B       		.uleb128 0xb
 559 002f 0B       		.uleb128 0xb
 560 0030 3E       		.uleb128 0x3e
ARM GAS  C:\Users\narking\AppData\Local\Temp\ccL2YWlg.s 			page 12


 561 0031 0B       		.uleb128 0xb
 562 0032 03       		.uleb128 0x3
 563 0033 08       		.uleb128 0x8
 564 0034 00       		.byte	0
 565 0035 00       		.byte	0
 566 0036 05       		.uleb128 0x5
 567 0037 2E       		.uleb128 0x2e
 568 0038 01       		.byte	0x1
 569 0039 3F       		.uleb128 0x3f
 570 003a 19       		.uleb128 0x19
 571 003b 03       		.uleb128 0x3
 572 003c 0E       		.uleb128 0xe
 573 003d 3A       		.uleb128 0x3a
 574 003e 0B       		.uleb128 0xb
 575 003f 3B       		.uleb128 0x3b
 576 0040 0B       		.uleb128 0xb
 577 0041 27       		.uleb128 0x27
 578 0042 19       		.uleb128 0x19
 579 0043 49       		.uleb128 0x49
 580 0044 13       		.uleb128 0x13
 581 0045 8701     		.uleb128 0x87
 582 0047 19       		.uleb128 0x19
 583 0048 11       		.uleb128 0x11
 584 0049 01       		.uleb128 0x1
 585 004a 12       		.uleb128 0x12
 586 004b 06       		.uleb128 0x6
 587 004c 40       		.uleb128 0x40
 588 004d 18       		.uleb128 0x18
 589 004e 9742     		.uleb128 0x2117
 590 0050 19       		.uleb128 0x19
 591 0051 01       		.uleb128 0x1
 592 0052 13       		.uleb128 0x13
 593 0053 00       		.byte	0
 594 0054 00       		.byte	0
 595 0055 06       		.uleb128 0x6
 596 0056 34       		.uleb128 0x34
 597 0057 00       		.byte	0
 598 0058 03       		.uleb128 0x3
 599 0059 0E       		.uleb128 0xe
 600 005a 3A       		.uleb128 0x3a
 601 005b 0B       		.uleb128 0xb
 602 005c 3B       		.uleb128 0x3b
 603 005d 0B       		.uleb128 0xb
 604 005e 49       		.uleb128 0x49
 605 005f 13       		.uleb128 0x13
 606 0060 02       		.uleb128 0x2
 607 0061 17       		.uleb128 0x17
 608 0062 00       		.byte	0
 609 0063 00       		.byte	0
 610 0064 07       		.uleb128 0x7
 611 0065 34       		.uleb128 0x34
 612 0066 00       		.byte	0
 613 0067 03       		.uleb128 0x3
 614 0068 0E       		.uleb128 0xe
 615 0069 3A       		.uleb128 0x3a
 616 006a 0B       		.uleb128 0xb
 617 006b 3B       		.uleb128 0x3b
ARM GAS  C:\Users\narking\AppData\Local\Temp\ccL2YWlg.s 			page 13


 618 006c 0B       		.uleb128 0xb
 619 006d 49       		.uleb128 0x49
 620 006e 13       		.uleb128 0x13
 621 006f 02       		.uleb128 0x2
 622 0070 18       		.uleb128 0x18
 623 0071 00       		.byte	0
 624 0072 00       		.byte	0
 625 0073 08       		.uleb128 0x8
 626 0074 898201   		.uleb128 0x4109
 627 0077 00       		.byte	0
 628 0078 11       		.uleb128 0x11
 629 0079 01       		.uleb128 0x1
 630 007a 31       		.uleb128 0x31
 631 007b 13       		.uleb128 0x13
 632 007c 00       		.byte	0
 633 007d 00       		.byte	0
 634 007e 09       		.uleb128 0x9
 635 007f 898201   		.uleb128 0x4109
 636 0082 01       		.byte	0x1
 637 0083 11       		.uleb128 0x11
 638 0084 01       		.uleb128 0x1
 639 0085 31       		.uleb128 0x31
 640 0086 13       		.uleb128 0x13
 641 0087 01       		.uleb128 0x1
 642 0088 13       		.uleb128 0x13
 643 0089 00       		.byte	0
 644 008a 00       		.byte	0
 645 008b 0A       		.uleb128 0xa
 646 008c 8A8201   		.uleb128 0x410a
 647 008f 00       		.byte	0
 648 0090 02       		.uleb128 0x2
 649 0091 18       		.uleb128 0x18
 650 0092 9142     		.uleb128 0x2111
 651 0094 18       		.uleb128 0x18
 652 0095 00       		.byte	0
 653 0096 00       		.byte	0
 654 0097 0B       		.uleb128 0xb
 655 0098 898201   		.uleb128 0x4109
 656 009b 01       		.byte	0x1
 657 009c 11       		.uleb128 0x11
 658 009d 01       		.uleb128 0x1
 659 009e 31       		.uleb128 0x31
 660 009f 13       		.uleb128 0x13
 661 00a0 00       		.byte	0
 662 00a1 00       		.byte	0
 663 00a2 0C       		.uleb128 0xc
 664 00a3 01       		.uleb128 0x1
 665 00a4 01       		.byte	0x1
 666 00a5 49       		.uleb128 0x49
 667 00a6 13       		.uleb128 0x13
 668 00a7 01       		.uleb128 0x1
 669 00a8 13       		.uleb128 0x13
 670 00a9 00       		.byte	0
 671 00aa 00       		.byte	0
 672 00ab 0D       		.uleb128 0xd
 673 00ac 21       		.uleb128 0x21
 674 00ad 00       		.byte	0
ARM GAS  C:\Users\narking\AppData\Local\Temp\ccL2YWlg.s 			page 14


 675 00ae 49       		.uleb128 0x49
 676 00af 13       		.uleb128 0x13
 677 00b0 2F       		.uleb128 0x2f
 678 00b1 0B       		.uleb128 0xb
 679 00b2 00       		.byte	0
 680 00b3 00       		.byte	0
 681 00b4 0E       		.uleb128 0xe
 682 00b5 34       		.uleb128 0x34
 683 00b6 00       		.byte	0
 684 00b7 03       		.uleb128 0x3
 685 00b8 0E       		.uleb128 0xe
 686 00b9 3A       		.uleb128 0x3a
 687 00ba 0B       		.uleb128 0xb
 688 00bb 3B       		.uleb128 0x3b
 689 00bc 05       		.uleb128 0x5
 690 00bd 49       		.uleb128 0x49
 691 00be 13       		.uleb128 0x13
 692 00bf 3F       		.uleb128 0x3f
 693 00c0 19       		.uleb128 0x19
 694 00c1 3C       		.uleb128 0x3c
 695 00c2 19       		.uleb128 0x19
 696 00c3 00       		.byte	0
 697 00c4 00       		.byte	0
 698 00c5 0F       		.uleb128 0xf
 699 00c6 35       		.uleb128 0x35
 700 00c7 00       		.byte	0
 701 00c8 49       		.uleb128 0x49
 702 00c9 13       		.uleb128 0x13
 703 00ca 00       		.byte	0
 704 00cb 00       		.byte	0
 705 00cc 10       		.uleb128 0x10
 706 00cd 2E       		.uleb128 0x2e
 707 00ce 00       		.byte	0
 708 00cf 3F       		.uleb128 0x3f
 709 00d0 19       		.uleb128 0x19
 710 00d1 3C       		.uleb128 0x3c
 711 00d2 19       		.uleb128 0x19
 712 00d3 6E       		.uleb128 0x6e
 713 00d4 0E       		.uleb128 0xe
 714 00d5 03       		.uleb128 0x3
 715 00d6 0E       		.uleb128 0xe
 716 00d7 3A       		.uleb128 0x3a
 717 00d8 0B       		.uleb128 0xb
 718 00d9 3B       		.uleb128 0x3b
 719 00da 0B       		.uleb128 0xb
 720 00db 00       		.byte	0
 721 00dc 00       		.byte	0
 722 00dd 00       		.byte	0
 723              		.section	.debug_loc,"",%progbits
 724              	.Ldebug_loc0:
 725              	.LLST0:
 726 0000 32000000 		.4byte	.LVL8
 727 0004 3C000000 		.4byte	.LVL9
 728 0008 0200     		.2byte	0x2
 729 000a 30       		.byte	0x30
 730 000b 9F       		.byte	0x9f
 731 000c 42000000 		.4byte	.LVL11
ARM GAS  C:\Users\narking\AppData\Local\Temp\ccL2YWlg.s 			page 15


 732 0010 54000000 		.4byte	.LVL12
 733 0014 0100     		.2byte	0x1
 734 0016 50       		.byte	0x50
 735 0017 56000000 		.4byte	.LVL13
 736 001b 60000000 		.4byte	.LVL15
 737 001f 0100     		.2byte	0x1
 738 0021 50       		.byte	0x50
 739 0022 62000000 		.4byte	.LVL16
 740 0026 98000000 		.4byte	.LFE64
 741 002a 0100     		.2byte	0x1
 742 002c 54       		.byte	0x54
 743 002d 00000000 		.4byte	0
 744 0031 00000000 		.4byte	0
 745              		.section	.debug_aranges,"",%progbits
 746 0000 1C000000 		.4byte	0x1c
 747 0004 0200     		.2byte	0x2
 748 0006 00000000 		.4byte	.Ldebug_info0
 749 000a 04       		.byte	0x4
 750 000b 00       		.byte	0
 751 000c 0000     		.2byte	0
 752 000e 0000     		.2byte	0
 753 0010 00000000 		.4byte	.LFB64
 754 0014 98000000 		.4byte	.LFE64-.LFB64
 755 0018 00000000 		.4byte	0
 756 001c 00000000 		.4byte	0
 757              		.section	.debug_ranges,"",%progbits
 758              	.Ldebug_ranges0:
 759 0000 00000000 		.4byte	.LFB64
 760 0004 98000000 		.4byte	.LFE64
 761 0008 00000000 		.4byte	0
 762 000c 00000000 		.4byte	0
 763              		.section	.debug_line,"",%progbits
 764              	.Ldebug_line0:
 765 0000 0C020000 		.section	.debug_str,"MS",%progbits,1
 765      0200DF01 
 765      00000201 
 765      FB0E0D00 
 765      01010101 
 766              	.LASF23:
 767 0000 4C43445F 		.ascii	"LCD_Char_1_WriteControl\000"
 767      43686172 
 767      5F315F57 
 767      72697465 
 767      436F6E74 
 768              	.LASF25:
 769 0018 4C43445F 		.ascii	"LCD_Char_1_Enable\000"
 769      43686172 
 769      5F315F45 
 769      6E61626C 
 769      6500
 770              	.LASF5:
 771 002a 5F5F696E 		.ascii	"__int32_t\000"
 771      7433325F 
 771      7400
 772              	.LASF3:
 773 0034 73686F72 		.ascii	"short unsigned int\000"
 773      7420756E 
ARM GAS  C:\Users\narking\AppData\Local\Temp\ccL2YWlg.s 			page 16


 773      7369676E 
 773      65642069 
 773      6E7400
 774              	.LASF13:
 775 0047 666C6F61 		.ascii	"float\000"
 775      7400
 776              	.LASF30:
 777 004d 4144435F 		.ascii	"ADC_DelSig_1_Read16\000"
 777      44656C53 
 777      69675F31 
 777      5F526561 
 777      64313600 
 778              	.LASF22:
 779 0061 4C43445F 		.ascii	"LCD_Char_1_Start\000"
 779      43686172 
 779      5F315F53 
 779      74617274 
 779      00
 780              	.LASF28:
 781 0072 4C43445F 		.ascii	"LCD_Char_1_PrintString\000"
 781      43686172 
 781      5F315F50 
 781      72696E74 
 781      53747269 
 782              	.LASF32:
 783 0089 474E5520 		.ascii	"GNU C11 5.4.1 20160609 (release) [ARM/embedded-5-br"
 783      43313120 
 783      352E342E 
 783      31203230 
 783      31363036 
 784 00bc 616E6368 		.ascii	"anch revision 237715] -mcpu=cortex-m3 -mthumb -g -O"
 784      20726576 
 784      6973696F 
 784      6E203233 
 784      37373135 
 785 00ef 67202D66 		.ascii	"g -ffunction-sections -ffat-lto-objects\000"
 785      66756E63 
 785      74696F6E 
 785      2D736563 
 785      74696F6E 
 786              	.LASF7:
 787 0117 6C6F6E67 		.ascii	"long unsigned int\000"
 787      20756E73 
 787      69676E65 
 787      6420696E 
 787      7400
 788              	.LASF21:
 789 0129 50574D5F 		.ascii	"PWM_1_Start\000"
 789      315F5374 
 789      61727400 
 790              	.LASF19:
 791 0135 7072696E 		.ascii	"print\000"
 791      7400
 792              	.LASF26:
 793 013b 4C43445F 		.ascii	"LCD_Char_1_IsReady\000"
 793      43686172 
 793      5F315F49 
ARM GAS  C:\Users\narking\AppData\Local\Temp\ccL2YWlg.s 			page 17


 793      73526561 
 793      647900
 794              	.LASF36:
 795 014e 49544D5F 		.ascii	"ITM_RxBuffer\000"
 795      52784275 
 795      66666572 
 795      00
 796              	.LASF1:
 797 015b 756E7369 		.ascii	"unsigned char\000"
 797      676E6564 
 797      20636861 
 797      7200
 798              	.LASF4:
 799 0169 5F5F7569 		.ascii	"__uint16_t\000"
 799      6E743136 
 799      5F7400
 800              	.LASF14:
 801 0174 646F7562 		.ascii	"double\000"
 801      6C6500
 802              	.LASF35:
 803 017b 6D61696E 		.ascii	"main\000"
 803      00
 804              	.LASF20:
 805 0180 4144435F 		.ascii	"ADC_DelSig_1_Start\000"
 805      44656C53 
 805      69675F31 
 805      5F537461 
 805      727400
 806              	.LASF10:
 807 0193 756E7369 		.ascii	"unsigned int\000"
 807      676E6564 
 807      20696E74 
 807      00
 808              	.LASF9:
 809 01a0 6C6F6E67 		.ascii	"long long unsigned int\000"
 809      206C6F6E 
 809      6720756E 
 809      7369676E 
 809      65642069 
 810              	.LASF18:
 811 01b7 72656164 		.ascii	"readADC\000"
 811      41444300 
 812              	.LASF12:
 813 01bf 696E7433 		.ascii	"int32_t\000"
 813      325F7400 
 814              	.LASF17:
 815 01c7 73697A65 		.ascii	"sizetype\000"
 815      74797065 
 815      00
 816              	.LASF31:
 817 01d0 50574D5F 		.ascii	"PWM_1_WriteCompare\000"
 817      315F5772 
 817      69746543 
 817      6F6D7061 
 817      726500
 818              	.LASF8:
 819 01e3 6C6F6E67 		.ascii	"long long int\000"
ARM GAS  C:\Users\narking\AppData\Local\Temp\ccL2YWlg.s 			page 18


 819      206C6F6E 
 819      6720696E 
 819      7400
 820              	.LASF33:
 821 01f1 6D61696E 		.ascii	"main.c\000"
 821      2E6300
 822              	.LASF15:
 823 01f8 63686172 		.ascii	"char\000"
 823      00
 824              	.LASF27:
 825 01fd 4C43445F 		.ascii	"LCD_Char_1_Position\000"
 825      43686172 
 825      5F315F50 
 825      6F736974 
 825      696F6E00 
 826              	.LASF24:
 827 0211 4C43445F 		.ascii	"LCD_Char_1_Init\000"
 827      43686172 
 827      5F315F49 
 827      6E697400 
 828              	.LASF2:
 829 0221 73686F72 		.ascii	"short int\000"
 829      7420696E 
 829      7400
 830              	.LASF11:
 831 022b 75696E74 		.ascii	"uint16_t\000"
 831      31365F74 
 831      00
 832              	.LASF6:
 833 0234 6C6F6E67 		.ascii	"long int\000"
 833      20696E74 
 833      00
 834              	.LASF16:
 835 023d 6C6F6E67 		.ascii	"long double\000"
 835      20646F75 
 835      626C6500 
 836              	.LASF0:
 837 0249 7369676E 		.ascii	"signed char\000"
 837      65642063 
 837      68617200 
 838              	.LASF34:
 839 0255 433A5C55 		.ascii	"C:\\Users\\narking\\Desktop\\CE121\\narking\\labs\\"
 839      73657273 
 839      5C6E6172 
 839      6B696E67 
 839      5C446573 
 840 0281 6C616231 		.ascii	"lab1\\design\\WorkspaceLab01\\part1b.cydsn\000"
 840      5C646573 
 840      69676E5C 
 840      576F726B 
 840      73706163 
 841              	.LASF29:
 842 02a9 73707269 		.ascii	"sprintf\000"
 842      6E746600 
 843              		.ident	"GCC: (GNU Tools for ARM Embedded Processors) 5.4.1 20160609 (release) [ARM/embedded-5-bran
