Loading plugins phase: Elapsed time ==> 0s.093ms
<CYPRESSTAG name="CyDsfit arguments...">
cydsfit arguments: -.fdsnotice -.fdswarpdepfile=warp_dependencies.txt -.fdselabdepfile=elab_dependencies.txt -.fdsbldfile=generated_files.txt -.fdsreffile=referenced_files.txt -p C:\Users\narking\Desktop\CE121\narking\labs\lab1\design\WorkspaceLab01\part2a.cydsn\part2a.cyprj -d CY8C5888LTI-LP097 -s C:\Users\narking\Desktop\CE121\narking\labs\lab1\design\WorkspaceLab01\part2a.cydsn\Generated_Source\PSoC5 -- -yv2 -q10 -ygs -o2 -v3 -.fftcfgtype=LE
</CYPRESSTAG>
<CYPRESSTAG name="Design elaboration results...">
</CYPRESSTAG>
Elaboration phase: Elapsed time ==> 1s.187ms
<CYPRESSTAG name="HDL generation results...">
</CYPRESSTAG>
HDL generation phase: Elapsed time ==> 0s.046ms
<CYPRESSTAG name="Synthesis results...">

     | | | | | | |
   _________________
  -|               |-
  -|               |-
  -|               |-
  -|    CYPRESS    |-
  -|               |-
  -|               |-   Warp Verilog Synthesis Compiler: Version 6.3 IR 41
  -|               |-   Copyright (C) 1991-2001 Cypress Semiconductor
   |_______________|
     | | | | | | |

======================================================================
Compiling:  part2a.v
Program  :   C:\Program Files (x86)\Cypress\PSoC Creator\4.2\PSoC Creator\warp\bin\warp.exe
Options  :    -yv2 -q10 -ygs -o2 -v3 -.fftcfgtype=LE -ya -.fftprj=C:\Users\narking\Desktop\CE121\narking\labs\lab1\design\WorkspaceLab01\part2a.cydsn\part2a.cyprj -dcpsoc3 part2a.v -verilog
======================================================================

======================================================================
Compiling:  part2a.v
Program  :   C:\Program Files (x86)\Cypress\PSoC Creator\4.2\PSoC Creator\warp\bin\warp.exe
Options  :    -yv2 -q10 -ygs -o2 -v3 -.fftcfgtype=LE -ya -.fftprj=C:\Users\narking\Desktop\CE121\narking\labs\lab1\design\WorkspaceLab01\part2a.cydsn\part2a.cyprj -dcpsoc3 part2a.v -verilog
======================================================================

======================================================================
Compiling:  part2a.v
Program  :   vlogfe
Options  :    -yv2 -q10 -ygs -o2 -v3 -.fftcfgtype=LE -ya -.fftprj=C:\Users\narking\Desktop\CE121\narking\labs\lab1\design\WorkspaceLab01\part2a.cydsn\part2a.cyprj -dcpsoc3 -verilog part2a.v
======================================================================

vlogfe V6.3 IR 41:  Verilog parser
Tue Apr 16 18:34:06 2019


======================================================================
Compiling:  part2a.v
Program  :   vpp
Options  :    -yv2 -q10 part2a.v
======================================================================

vpp V6.3 IR 41:  Verilog Pre-Processor
Tue Apr 16 18:34:06 2019

Flattening file 'C:\Program Files (x86)\Cypress\PSoC Creator\4.2\PSoC Creator\psoc\content\CyPrimitives\cyprimitives.cylib\CyControlReg_v1_80\CyControlReg_v1_80.v'
Flattening file 'C:\Program Files (x86)\Cypress\PSoC Creator\4.2\PSoC Creator\warp\lib\common\cypress.v'
Flattening file 'C:\Program Files (x86)\Cypress\PSoC Creator\4.2\PSoC Creator\warp\lib\common\cy_psoc3_inc.v'
Flattening file 'C:\Program Files (x86)\Cypress\PSoC Creator\4.2\PSoC Creator\psoc\content\CyPrimitives\cyprimitives.cylib\cy_virtualmux_v1_0\cy_virtualmux_v1_0.v'
Flattening file 'C:\Program Files (x86)\Cypress\PSoC Creator\4.2\PSoC Creator\psoc\content\CyPrimitives\cyprimitives.cylib\ZeroTerminal\ZeroTerminal.v'
Flattening file 'C:\Program Files (x86)\Cypress\PSoC Creator\4.2\PSoC Creator\psoc\content\CyPrimitives\cyprimitives.cylib\OneTerminal\OneTerminal.v'
Flattening file 'C:\Program Files (x86)\Cypress\PSoC Creator\4.2\PSoC Creator\psoc\content\CyComponentLibrary\CyComponentLibrary.cylib\B_Counter_v3_0\B_Counter_v3_0.v'
Flattening file 'C:\Program Files (x86)\Cypress\PSoC Creator\4.2\PSoC Creator\warp\lib\common\cypress.v'
Flattening file 'C:\Program Files (x86)\Cypress\PSoC Creator\4.2\PSoC Creator\psoc\content\CyComponentLibrary\CyComponentLibrary.cylib\B_Timer_v2_80\B_Timer_v2_80.v'
Flattening file 'C:\Program Files (x86)\Cypress\PSoC Creator\4.2\PSoC Creator\warp\lib\common\cypress.v'
Flattening file 'C:\Program Files (x86)\Cypress\PSoC Creator\4.2\PSoC Creator\psoc\content\CyPrimitives\cyprimitives.cylib\cy_sync_v1_0\cy_sync_v1_0.v'
Flattening file 'C:\Program Files (x86)\Cypress\PSoC Creator\4.2\PSoC Creator\warp\lib\common\cypress.v'
Flattening file 'C:\Program Files (x86)\Cypress\PSoC Creator\4.2\PSoC Creator\psoc\content\CyPrimitives\cyprimitives.cylib\not_v1_0\not_v1_0.v'

vpp:  No errors.

Library 'work' => directory 'lcpsoc3'
General_symbol_table
General_symbol_table
Linking 'C:\Program Files (x86)\Cypress\PSoC Creator\4.2\PSoC Creator\warp\lib\common\std.vhd'.
Linking 'C:\Program Files (x86)\Cypress\PSoC Creator\4.2\PSoC Creator\warp\lib\common\cypress.vhd'.
Linking 'C:\Program Files (x86)\Cypress\PSoC Creator\4.2\PSoC Creator\warp\lib\common\work\cypress.vif'.
Linking 'C:\Program Files (x86)\Cypress\PSoC Creator\4.2\PSoC Creator\warp\lib\ieee\work\stdlogic.vif'.
Linking 'C:\Program Files (x86)\Cypress\PSoC Creator\4.2\PSoC Creator\warp\lib\common\stdlogic\lpmpkg.vif'.
Linking 'C:\Program Files (x86)\Cypress\PSoC Creator\4.2\PSoC Creator\warp\lib\common\stdlogic\rtlpkg.vif'.
Linking 'C:\Program Files (x86)\Cypress\PSoC Creator\4.2\PSoC Creator\warp\lib\common\stdlogic\mod_cnst.vif'.
Linking 'C:\Program Files (x86)\Cypress\PSoC Creator\4.2\PSoC Creator\warp\lib\common\stdlogic\mod_mthv.vif'.
Linking 'C:\Program Files (x86)\Cypress\PSoC Creator\4.2\PSoC Creator\warp\lib\common\stdlogic\mod_genv.vif'.
Using control file 'part2a.ctl'.
C:\Program Files (x86)\Cypress\PSoC Creator\4.2\PSoC Creator\psoc\content\CyComponentLibrary\CyComponentLibrary.cylib\B_Timer_v2_80\B_Timer_v2_80.v (line 368, col 46):  Note: Substituting module 'cmp_vv_vv' for '='.
C:\Program Files (x86)\Cypress\PSoC Creator\4.2\PSoC Creator\psoc\content\CyComponentLibrary\CyComponentLibrary.cylib\B_Timer_v2_80\B_Timer_v2_80.v (line 374, col 62):  Note: Substituting module 'add_vv_vv' for '+'.
Linking 'C:\Program Files (x86)\Cypress\PSoC Creator\4.2\PSoC Creator\warp\lib\common\stdlogic\cy_psoc3pkg.vif'.
Linking 'C:\Program Files (x86)\Cypress\PSoC Creator\4.2\PSoC Creator\warp\lib\common\stdlogic\cy_psoc3.vif'.

vlogfe:  No errors.


======================================================================
Compiling:  part2a.v
Program  :   tovif
Options  :    -yv2 -q10 -ygs -o2 -v3 -.fftcfgtype=LE -ya -.fftprj=C:\Users\narking\Desktop\CE121\narking\labs\lab1\design\WorkspaceLab01\part2a.cydsn\part2a.cyprj -dcpsoc3 -verilog part2a.v
======================================================================

tovif V6.3 IR 41:  High-level synthesis
Tue Apr 16 18:34:06 2019

Linking 'C:\Program Files (x86)\Cypress\PSoC Creator\4.2\PSoC Creator\warp\lib\common\std.vhd'.
Linking 'C:\Program Files (x86)\Cypress\PSoC Creator\4.2\PSoC Creator\warp\lib\common\cypress.vhd'.
Linking 'C:\Program Files (x86)\Cypress\PSoC Creator\4.2\PSoC Creator\warp\lib\common\work\cypress.vif'.
Linking 'C:\Program Files (x86)\Cypress\PSoC Creator\4.2\PSoC Creator\warp\lib\ieee\work\stdlogic.vif'.
Linking 'C:\Program Files (x86)\Cypress\PSoC Creator\4.2\PSoC Creator\warp\lib\common\stdlogic\lpmpkg.vif'.
Linking 'C:\Program Files (x86)\Cypress\PSoC Creator\4.2\PSoC Creator\warp\lib\common\stdlogic\rtlpkg.vif'.
Linking 'C:\Program Files (x86)\Cypress\PSoC Creator\4.2\PSoC Creator\warp\lib\common\stdlogic\mod_cnst.vif'.
Linking 'C:\Program Files (x86)\Cypress\PSoC Creator\4.2\PSoC Creator\warp\lib\common\stdlogic\mod_mthv.vif'.
Linking 'C:\Program Files (x86)\Cypress\PSoC Creator\4.2\PSoC Creator\warp\lib\common\stdlogic\mod_genv.vif'.
Linking 'C:\Users\narking\Desktop\CE121\narking\labs\lab1\design\WorkspaceLab01\part2a.cydsn\codegentemp\part2a.ctl'.
Linking 'C:\Program Files (x86)\Cypress\PSoC Creator\4.2\PSoC Creator\psoc\content\CyPrimitives\cyprimitives.cylib\CyControlReg_v1_80\CyControlReg_v1_80.v'.
Linking 'C:\Program Files (x86)\Cypress\PSoC Creator\4.2\PSoC Creator\warp\lib\common\cypress.v'.
Linking 'C:\Program Files (x86)\Cypress\PSoC Creator\4.2\PSoC Creator\warp\lib\common\cy_psoc3_inc.v'.
Linking 'C:\Users\narking\Desktop\CE121\narking\labs\lab1\design\WorkspaceLab01\part2a.cydsn\codegentemp\part2a.v'.
Linking 'C:\Program Files (x86)\Cypress\PSoC Creator\4.2\PSoC Creator\psoc\content\CyPrimitives\cyprimitives.cylib\cy_virtualmux_v1_0\cy_virtualmux_v1_0.v'.
Linking 'C:\Program Files (x86)\Cypress\PSoC Creator\4.2\PSoC Creator\psoc\content\CyPrimitives\cyprimitives.cylib\ZeroTerminal\ZeroTerminal.v'.
Linking 'C:\Program Files (x86)\Cypress\PSoC Creator\4.2\PSoC Creator\psoc\content\CyPrimitives\cyprimitives.cylib\OneTerminal\OneTerminal.v'.
Linking 'C:\Program Files (x86)\Cypress\PSoC Creator\4.2\PSoC Creator\psoc\content\CyComponentLibrary\CyComponentLibrary.cylib\B_Counter_v3_0\B_Counter_v3_0.v'.
Linking 'C:\Program Files (x86)\Cypress\PSoC Creator\4.2\PSoC Creator\psoc\content\CyComponentLibrary\CyComponentLibrary.cylib\B_Timer_v2_80\B_Timer_v2_80.v'.
Linking 'C:\Program Files (x86)\Cypress\PSoC Creator\4.2\PSoC Creator\psoc\content\CyPrimitives\cyprimitives.cylib\cy_sync_v1_0\cy_sync_v1_0.v'.
Linking 'C:\Program Files (x86)\Cypress\PSoC Creator\4.2\PSoC Creator\psoc\content\CyPrimitives\cyprimitives.cylib\not_v1_0\not_v1_0.v'.
Linking 'C:\Program Files (x86)\Cypress\PSoC Creator\4.2\PSoC Creator\warp\lib\common\stdlogic\cy_psoc3pkg.vif'.
Linking 'C:\Program Files (x86)\Cypress\PSoC Creator\4.2\PSoC Creator\warp\lib\common\stdlogic\cy_psoc3.vif'.

tovif:  No errors.


======================================================================
Compiling:  part2a.v
Program  :   topld
Options  :    -yv2 -q10 -ygs -o2 -v3 -.fftcfgtype=LE -ya -.fftprj=C:\Users\narking\Desktop\CE121\narking\labs\lab1\design\WorkspaceLab01\part2a.cydsn\part2a.cyprj -dcpsoc3 -verilog part2a.v
======================================================================

topld V6.3 IR 41:  Synthesis and optimization
Tue Apr 16 18:34:06 2019

Linking 'C:\Program Files (x86)\Cypress\PSoC Creator\4.2\PSoC Creator\warp\lib\common\std.vhd'.
Linking 'C:\Program Files (x86)\Cypress\PSoC Creator\4.2\PSoC Creator\warp\lib\common\cypress.vhd'.
Linking 'C:\Program Files (x86)\Cypress\PSoC Creator\4.2\PSoC Creator\warp\lib\common\work\cypress.vif'.
Linking 'C:\Program Files (x86)\Cypress\PSoC Creator\4.2\PSoC Creator\warp\lib\ieee\work\stdlogic.vif'.
Linking 'C:\Program Files (x86)\Cypress\PSoC Creator\4.2\PSoC Creator\warp\lib\common\stdlogic\lpmpkg.vif'.
Linking 'C:\Program Files (x86)\Cypress\PSoC Creator\4.2\PSoC Creator\warp\lib\common\stdlogic\rtlpkg.vif'.
Linking 'C:\Program Files (x86)\Cypress\PSoC Creator\4.2\PSoC Creator\warp\lib\common\stdlogic\mod_cnst.vif'.
Linking 'C:\Program Files (x86)\Cypress\PSoC Creator\4.2\PSoC Creator\warp\lib\common\stdlogic\mod_mthv.vif'.
Linking 'C:\Program Files (x86)\Cypress\PSoC Creator\4.2\PSoC Creator\warp\lib\common\stdlogic\mod_genv.vif'.
Linking 'C:\Users\narking\Desktop\CE121\narking\labs\lab1\design\WorkspaceLab01\part2a.cydsn\codegentemp\part2a.ctl'.
Linking 'C:\Program Files (x86)\Cypress\PSoC Creator\4.2\PSoC Creator\psoc\content\CyPrimitives\cyprimitives.cylib\CyControlReg_v1_80\CyControlReg_v1_80.v'.
Linking 'C:\Program Files (x86)\Cypress\PSoC Creator\4.2\PSoC Creator\warp\lib\common\cypress.v'.
Linking 'C:\Program Files (x86)\Cypress\PSoC Creator\4.2\PSoC Creator\warp\lib\common\cy_psoc3_inc.v'.
Linking 'C:\Users\narking\Desktop\CE121\narking\labs\lab1\design\WorkspaceLab01\part2a.cydsn\codegentemp\part2a.v'.
Linking 'C:\Program Files (x86)\Cypress\PSoC Creator\4.2\PSoC Creator\psoc\content\CyPrimitives\cyprimitives.cylib\cy_virtualmux_v1_0\cy_virtualmux_v1_0.v'.
Linking 'C:\Program Files (x86)\Cypress\PSoC Creator\4.2\PSoC Creator\psoc\content\CyPrimitives\cyprimitives.cylib\ZeroTerminal\ZeroTerminal.v'.
Linking 'C:\Program Files (x86)\Cypress\PSoC Creator\4.2\PSoC Creator\psoc\content\CyPrimitives\cyprimitives.cylib\OneTerminal\OneTerminal.v'.
Linking 'C:\Program Files (x86)\Cypress\PSoC Creator\4.2\PSoC Creator\psoc\content\CyComponentLibrary\CyComponentLibrary.cylib\B_Counter_v3_0\B_Counter_v3_0.v'.
Linking 'C:\Program Files (x86)\Cypress\PSoC Creator\4.2\PSoC Creator\psoc\content\CyComponentLibrary\CyComponentLibrary.cylib\B_Timer_v2_80\B_Timer_v2_80.v'.
Linking 'C:\Program Files (x86)\Cypress\PSoC Creator\4.2\PSoC Creator\psoc\content\CyPrimitives\cyprimitives.cylib\cy_sync_v1_0\cy_sync_v1_0.v'.
Linking 'C:\Program Files (x86)\Cypress\PSoC Creator\4.2\PSoC Creator\psoc\content\CyPrimitives\cyprimitives.cylib\not_v1_0\not_v1_0.v'.
Linking 'C:\Program Files (x86)\Cypress\PSoC Creator\4.2\PSoC Creator\warp\lib\common\stdlogic\cy_psoc3pkg.vif'.
Linking 'C:\Program Files (x86)\Cypress\PSoC Creator\4.2\PSoC Creator\warp\lib\common\stdlogic\cy_psoc3.vif'.
Linking 'C:\Program Files (x86)\Cypress\PSoC Creator\4.2\PSoC Creator\warp\lib\lcpsoc3\stdlogic\cpsoc3.vif'.

----------------------------------------------------------
Detecting unused logic.
----------------------------------------------------------
    User names
	Net_77
	Net_78
	Net_79
	Net_80
	Net_81
	Net_82
	Net_83
	Net_103
	\Counter_1:Net_82\
	\Counter_1:Net_95\
	\Counter_1:Net_91\
	\Counter_1:Net_102\
	\Counter_1:CounterUDB:ctrl_cmod_2\
	\Counter_1:CounterUDB:ctrl_cmod_1\
	\Counter_1:CounterUDB:ctrl_cmod_0\
	Net_101
	Net_110
	Net_111
	Net_112
	Net_114
	Net_115
	Net_116
	Net_117
	\Timer_1:Net_260\
	Net_140
	Net_154
	\Timer_1:Net_53\
	\Timer_1:TimerUDB:ctrl_enable\
	\Timer_1:TimerUDB:ctrl_ten\
	\Timer_1:TimerUDB:control_7\
	\Timer_1:TimerUDB:control_6\
	\Timer_1:TimerUDB:control_5\
	\Timer_1:TimerUDB:control_4\
	\Timer_1:TimerUDB:control_3\
	\Timer_1:TimerUDB:control_2\
	\Timer_1:TimerUDB:control_1\
	\Timer_1:TimerUDB:control_0\
	\Timer_1:TimerUDB:ctrl_cmode_0\
	\Timer_1:TimerUDB:ctrl_tmode_1\
	\Timer_1:TimerUDB:ctrl_tmode_0\
	\Timer_1:TimerUDB:ctrl_ic_1\
	\Timer_1:TimerUDB:ctrl_ic_0\
	Net_144
	\Timer_1:TimerUDB:zeros_3\
	\Timer_1:TimerUDB:zeros_2\
	\Timer_1:Net_102\
	\Timer_1:Net_266\
	Net_171
	Net_172
	Net_173
	Net_175
	Net_176
	Net_177
	Net_178


Deleted 54 User equations/components.
Deleted 0 Synthesized equations/components.

------------------------------------------------------
Alias Detection
------------------------------------------------------
Aliasing one to tmpOE__Trigger_net_0
Aliasing \Counter_1:Net_89\ to tmpOE__Trigger_net_0
Aliasing \Counter_1:CounterUDB:ctrl_capmode_1\ to zero
Aliasing \Counter_1:CounterUDB:ctrl_capmode_0\ to zero
Aliasing \Counter_1:CounterUDB:capt_rising\ to zero
Aliasing \Counter_1:CounterUDB:tc_i\ to \Counter_1:CounterUDB:reload_tc\
Aliasing \Control_Reset:clk\ to \Control_Reg_1:clk\
Aliasing \Control_Reset:rst\ to zero
Aliasing \LCD_Char_1:tmpOE__LCDPort_net_6\ to tmpOE__Trigger_net_0
Aliasing \LCD_Char_1:tmpOE__LCDPort_net_5\ to tmpOE__Trigger_net_0
Aliasing \LCD_Char_1:tmpOE__LCDPort_net_4\ to tmpOE__Trigger_net_0
Aliasing \LCD_Char_1:tmpOE__LCDPort_net_3\ to tmpOE__Trigger_net_0
Aliasing \LCD_Char_1:tmpOE__LCDPort_net_2\ to tmpOE__Trigger_net_0
Aliasing \LCD_Char_1:tmpOE__LCDPort_net_1\ to tmpOE__Trigger_net_0
Aliasing \LCD_Char_1:tmpOE__LCDPort_net_0\ to tmpOE__Trigger_net_0
Aliasing \Timer_1:TimerUDB:ctrl_cmode_1\ to zero
Aliasing \Timer_1:TimerUDB:trigger_enable\ to tmpOE__Trigger_net_0
Aliasing \Timer_1:TimerUDB:status_6\ to zero
Aliasing \Timer_1:TimerUDB:status_5\ to zero
Aliasing \Timer_1:TimerUDB:status_4\ to zero
Aliasing \Timer_1:TimerUDB:status_0\ to \Timer_1:TimerUDB:tc_i\
Aliasing tmpOE__Echo_net_0 to tmpOE__Trigger_net_0
Aliasing \Control_Timer_Reset:clk\ to \Control_Reg_1:clk\
Aliasing \Control_Timer_Reset:rst\ to zero
Aliasing \Counter_1:CounterUDB:prevCapture\\D\ to zero
Aliasing \Counter_1:CounterUDB:cmp_out_reg_i\\D\ to \Counter_1:CounterUDB:prevCompare\\D\
Aliasing \Timer_1:TimerUDB:capture_last\\D\ to zero
Aliasing \Timer_1:TimerUDB:capture_out_reg_i\\D\ to \Timer_1:TimerUDB:capt_fifo_load_int\
Removing Lhs of wire \Control_Reg_1:clk\[0] = Net_182[1]
Removing Lhs of wire \Control_Reg_1:rst\[2] = Net_85[3]
Removing Rhs of wire Net_85[3] = \Counter_1:Net_49\[39]
Removing Rhs of wire Net_85[3] = \Counter_1:CounterUDB:tc_reg_i\[97]
Removing Rhs of wire Net_76[4] = \Control_Reg_1:control_out_0\[5]
Removing Rhs of wire Net_76[4] = \Control_Reg_1:control_0\[28]
Removing Lhs of wire one[35] = tmpOE__Trigger_net_0[30]
Removing Lhs of wire \Counter_1:Net_89\[41] = tmpOE__Trigger_net_0[30]
Removing Lhs of wire \Counter_1:CounterUDB:ctrl_capmode_1\[51] = zero[34]
Removing Lhs of wire \Counter_1:CounterUDB:ctrl_capmode_0\[52] = zero[34]
Removing Lhs of wire \Counter_1:CounterUDB:ctrl_enable\[64] = \Counter_1:CounterUDB:control_7\[56]
Removing Lhs of wire \Counter_1:CounterUDB:capt_rising\[66] = zero[34]
Removing Lhs of wire \Counter_1:CounterUDB:capt_falling\[67] = \Counter_1:CounterUDB:prevCapture\[65]
Removing Rhs of wire Net_99[71] = \Control_Reset:control_out_0\[138]
Removing Rhs of wire Net_99[71] = \Control_Reset:control_0\[161]
Removing Rhs of wire \Counter_1:CounterUDB:status_0\[78] = \Counter_1:CounterUDB:cmp_out_status\[79]
Removing Rhs of wire \Counter_1:CounterUDB:status_1\[80] = \Counter_1:CounterUDB:per_zero\[81]
Removing Lhs of wire \Counter_1:CounterUDB:status_2\[82] = \Counter_1:CounterUDB:overflow_status\[75]
Removing Lhs of wire \Counter_1:CounterUDB:status_3\[83] = \Counter_1:CounterUDB:underflow_status\[76]
Removing Lhs of wire \Counter_1:CounterUDB:status_4\[84] = \Counter_1:CounterUDB:hwCapture\[69]
Removing Rhs of wire \Counter_1:CounterUDB:status_5\[85] = \Counter_1:CounterUDB:fifo_full\[86]
Removing Rhs of wire \Counter_1:CounterUDB:status_6\[87] = \Counter_1:CounterUDB:fifo_nempty\[88]
Removing Lhs of wire \Counter_1:CounterUDB:dp_dir\[91] = tmpOE__Trigger_net_0[30]
Removing Lhs of wire \Counter_1:CounterUDB:tc_i\[96] = \Counter_1:CounterUDB:reload_tc\[72]
Removing Rhs of wire \Counter_1:CounterUDB:cmp_out_i\[98] = \Counter_1:CounterUDB:cmp_less\[99]
Removing Lhs of wire \Counter_1:CounterUDB:cs_addr_2\[105] = tmpOE__Trigger_net_0[30]
Removing Lhs of wire \Counter_1:CounterUDB:cs_addr_1\[106] = \Counter_1:CounterUDB:count_enable\[104]
Removing Lhs of wire \Counter_1:CounterUDB:cs_addr_0\[107] = \Counter_1:CounterUDB:reload\[70]
Removing Lhs of wire \Control_Reset:clk\[136] = Net_182[1]
Removing Lhs of wire \Control_Reset:rst\[137] = zero[34]
Removing Lhs of wire \LCD_Char_1:tmpOE__LCDPort_net_6\[164] = tmpOE__Trigger_net_0[30]
Removing Lhs of wire \LCD_Char_1:tmpOE__LCDPort_net_5\[165] = tmpOE__Trigger_net_0[30]
Removing Lhs of wire \LCD_Char_1:tmpOE__LCDPort_net_4\[166] = tmpOE__Trigger_net_0[30]
Removing Lhs of wire \LCD_Char_1:tmpOE__LCDPort_net_3\[167] = tmpOE__Trigger_net_0[30]
Removing Lhs of wire \LCD_Char_1:tmpOE__LCDPort_net_2\[168] = tmpOE__Trigger_net_0[30]
Removing Lhs of wire \LCD_Char_1:tmpOE__LCDPort_net_1\[169] = tmpOE__Trigger_net_0[30]
Removing Lhs of wire \LCD_Char_1:tmpOE__LCDPort_net_0\[170] = tmpOE__Trigger_net_0[30]
Removing Lhs of wire \Timer_1:TimerUDB:ctrl_cmode_1\[209] = zero[34]
Removing Rhs of wire \Timer_1:TimerUDB:timer_enable\[218] = \Timer_1:TimerUDB:runmode_enable\[231]
Removing Rhs of wire \Timer_1:TimerUDB:run_mode\[219] = \Timer_1:TimerUDB:hwEnable_reg\[220]
Removing Lhs of wire \Timer_1:TimerUDB:trigger_enable\[222] = tmpOE__Trigger_net_0[30]
Removing Lhs of wire \Timer_1:TimerUDB:tc_i\[224] = \Timer_1:TimerUDB:status_tc\[221]
Removing Lhs of wire \Timer_1:TimerUDB:hwEnable\[226] = Net_141[227]
Removing Lhs of wire \Timer_1:TimerUDB:capt_fifo_load_int\[230] = \Timer_1:TimerUDB:capt_fifo_load\[217]
Removing Rhs of wire Net_174[232] = \Control_Timer_Reset:control_out_0\[339]
Removing Rhs of wire Net_174[232] = \Control_Timer_Reset:control_0\[362]
Removing Lhs of wire \Timer_1:TimerUDB:status_6\[235] = zero[34]
Removing Lhs of wire \Timer_1:TimerUDB:status_5\[236] = zero[34]
Removing Lhs of wire \Timer_1:TimerUDB:status_4\[237] = zero[34]
Removing Lhs of wire \Timer_1:TimerUDB:status_0\[238] = \Timer_1:TimerUDB:status_tc\[221]
Removing Lhs of wire \Timer_1:TimerUDB:status_1\[239] = \Timer_1:TimerUDB:capt_fifo_load\[217]
Removing Rhs of wire \Timer_1:TimerUDB:status_2\[240] = \Timer_1:TimerUDB:fifo_full\[241]
Removing Rhs of wire \Timer_1:TimerUDB:status_3\[242] = \Timer_1:TimerUDB:fifo_nempty\[243]
Removing Lhs of wire \Timer_1:TimerUDB:cs_addr_2\[245] = Net_174[232]
Removing Lhs of wire \Timer_1:TimerUDB:cs_addr_1\[246] = \Timer_1:TimerUDB:trig_reg\[234]
Removing Lhs of wire \Timer_1:TimerUDB:cs_addr_0\[247] = \Timer_1:TimerUDB:per_zero\[223]
Removing Lhs of wire tmpOE__Echo_net_0[331] = tmpOE__Trigger_net_0[30]
Removing Lhs of wire \Control_Timer_Reset:clk\[337] = Net_182[1]
Removing Lhs of wire \Control_Timer_Reset:rst\[338] = zero[34]
Removing Lhs of wire \Counter_1:CounterUDB:prevCapture\\D\[363] = zero[34]
Removing Lhs of wire \Counter_1:CounterUDB:overflow_reg_i\\D\[365] = \Counter_1:CounterUDB:overflow\[90]
Removing Lhs of wire \Counter_1:CounterUDB:underflow_reg_i\\D\[366] = \Counter_1:CounterUDB:underflow\[93]
Removing Lhs of wire \Counter_1:CounterUDB:tc_reg_i\\D\[367] = \Counter_1:CounterUDB:reload_tc\[72]
Removing Lhs of wire \Counter_1:CounterUDB:prevCompare\\D\[368] = \Counter_1:CounterUDB:cmp_out_i\[98]
Removing Lhs of wire \Counter_1:CounterUDB:cmp_out_reg_i\\D\[369] = \Counter_1:CounterUDB:cmp_out_i\[98]
Removing Lhs of wire \Counter_1:CounterUDB:count_stored_i\\D\[370] = Net_130[44]
Removing Lhs of wire \Timer_1:TimerUDB:capture_last\\D\[371] = zero[34]
Removing Lhs of wire \Timer_1:TimerUDB:hwEnable_reg\\D\[372] = Net_141[227]
Removing Lhs of wire \Timer_1:TimerUDB:tc_reg_i\\D\[373] = \Timer_1:TimerUDB:status_tc\[221]
Removing Lhs of wire \Timer_1:TimerUDB:capture_out_reg_i\\D\[374] = \Timer_1:TimerUDB:capt_fifo_load\[217]

------------------------------------------------------
Aliased 0 equations, 70 wires.
------------------------------------------------------

----------------------------------------------------------
Circuit simplification
----------------------------------------------------------

Substituting virtuals - pass 1:

Note:  Expanding virtual equation for 'tmpOE__Trigger_net_0' (cost = 0):
tmpOE__Trigger_net_0 <=  ('1') ;

Note:  Expanding virtual equation for 'zero' (cost = 0):
zero <=  ('0') ;

Note:  Expanding virtual equation for '\Counter_1:CounterUDB:capt_either_edge\' (cost = 0):
\Counter_1:CounterUDB:capt_either_edge\ <= (\Counter_1:CounterUDB:prevCapture\);

Note:  Expanding virtual equation for '\Counter_1:CounterUDB:overflow\' (cost = 0):
\Counter_1:CounterUDB:overflow\ <= (\Counter_1:CounterUDB:per_equal\);

Note:  Expanding virtual equation for '\Counter_1:CounterUDB:underflow\' (cost = 0):
\Counter_1:CounterUDB:underflow\ <=  ('0') ;

Note:  Expanding virtual equation for '\Counter_1:CounterUDB:final_enable\' (cost = 1):
\Counter_1:CounterUDB:final_enable\ <= ((Net_130 and \Counter_1:CounterUDB:control_7\));

Note:  Expanding virtual equation for '\Counter_1:CounterUDB:overflow_status\' (cost = 1):
\Counter_1:CounterUDB:overflow_status\ <= ((not \Counter_1:CounterUDB:overflow_reg_i\ and \Counter_1:CounterUDB:per_equal\));

Note:  Expanding virtual equation for '\Counter_1:CounterUDB:underflow_status\' (cost = 0):
\Counter_1:CounterUDB:underflow_status\ <=  ('0') ;

Note:  Expanding virtual equation for '\Counter_1:CounterUDB:counter_enable\' (cost = 1):
\Counter_1:CounterUDB:counter_enable\ <= ((not \Counter_1:CounterUDB:disable_run_i\ and Net_130 and \Counter_1:CounterUDB:control_7\));

Note:  Expanding virtual equation for '\Timer_1:TimerUDB:fifo_load_polarized\' (cost = 0):
\Timer_1:TimerUDB:fifo_load_polarized\ <=  ('0') ;

Note:  Expanding virtual equation for '\Timer_1:TimerUDB:status_tc\' (cost = 3):
\Timer_1:TimerUDB:status_tc\ <= ((\Timer_1:TimerUDB:run_mode\ and \Timer_1:TimerUDB:per_zero\));


Substituting virtuals - pass 2:

Note:  Expanding virtual equation for '\Counter_1:CounterUDB:reload_tc\' (cost = 0):
\Counter_1:CounterUDB:reload_tc\ <= (\Counter_1:CounterUDB:per_equal\);


Substituting virtuals - pass 3:


----------------------------------------------------------
Circuit simplification results:

	Expanded 12 signals.
	Turned 0 signals into soft nodes.
	Maximum default expansion cost was set at 3.
----------------------------------------------------------

------------------------------------------------------
Alias Detection
------------------------------------------------------
Aliasing \Counter_1:CounterUDB:hwCapture\ to zero
Aliasing \Counter_1:CounterUDB:underflow_status\ to zero
Aliasing \Counter_1:CounterUDB:underflow\ to zero
Aliasing \Timer_1:TimerUDB:capt_fifo_load\ to zero
Removing Lhs of wire \Counter_1:CounterUDB:hwCapture\[69] = zero[34]
Removing Lhs of wire \Counter_1:CounterUDB:underflow_status\[76] = zero[34]
Removing Lhs of wire \Counter_1:CounterUDB:underflow\[93] = zero[34]
Removing Lhs of wire \Timer_1:TimerUDB:capt_fifo_load\[217] = zero[34]
Removing Lhs of wire \Timer_1:TimerUDB:trig_reg\[234] = \Timer_1:TimerUDB:timer_enable\[218]

------------------------------------------------------
Aliased 0 equations, 5 wires.
------------------------------------------------------

----------------------------------------------------------
Circuit simplification
----------------------------------------------------------

Eliminating unused logic - pass 1:


Eliminating unused logic - pass 2:


Substituting virtuals - pass 1:


----------------------------------------------------------
Circuit simplification results:

	Expanded 0 signals.
	Turned 0 signals into soft nodes.
	Maximum default expansion cost was set at 3.
----------------------------------------------------------

topld:  No errors.

CYPRESS_DIR    : C:\Program Files (x86)\Cypress\PSoC Creator\4.2\PSoC Creator\warp
Warp Program   : C:\Program Files (x86)\Cypress\PSoC Creator\4.2\PSoC Creator\warp\bin\warp.exe
Warp Arguments : -yv2 -q10 -ygs -o2 -v3 -.fftcfgtype=LE -ya -.fftprj=C:\Users\narking\Desktop\CE121\narking\labs\lab1\design\WorkspaceLab01\part2a.cydsn\part2a.cyprj -dcpsoc3 part2a.v -verilog
</CYPRESSTAG>
Warp synthesis phase: Elapsed time ==> 1s.140ms
<CYPRESSTAG name="Fitter results...">
<CYPRESSTAG name="Fitter startup details...">
cyp3fit: V4.2.0.641, Family: PSoC3, Started at: Tuesday, 16 April 2019 18:34:07
Options: -yv2 -q10 -ygs -o2 -v3 -.fftcfgtype=LE -ya -.fftprj=C:\Users\narking\Desktop\CE121\narking\labs\lab1\design\WorkspaceLab01\part2a.cydsn\part2a.cyprj -d CY8C5888LTI-LP097 part2a.v -verilog
</CYPRESSTAG>
<CYPRESSTAG name="Design parsing">
Design parsing phase: Elapsed time ==> 0s.015ms
</CYPRESSTAG>
<CYPRESSTAG name="Tech Mapping">
<CYPRESSTAG name="Initial Mapping" icon="FILE_RPT_TECHM">
    Converted constant MacroCell: \Counter_1:CounterUDB:prevCapture\ from registered to combinatorial
    Converted constant MacroCell: \Counter_1:CounterUDB:underflow_reg_i\ from registered to combinatorial
    Converted constant MacroCell: \Timer_1:TimerUDB:capture_last\ from registered to combinatorial
    Converted constant MacroCell: \Timer_1:TimerUDB:capture_out_reg_i\ from registered to combinatorial
<CYPRESSTAG name="Global Clock Selection" icon="FILE_RPT_TECHM">
    Digital Clock 0: Automatic-assigning  clock 'Clock_1'. Fanout=6, Signal=Net_182
    Digital Clock 1: Automatic-assigning  clock 'Clock_3'. Fanout=1, Signal=Net_10
    Digital Clock 2: Automatic-assigning  clock 'Clock_2'. Fanout=2, Signal=Net_130
</CYPRESSTAG>

Removing unused cells resulting from optimization
Done removing unused cells.
<CYPRESSTAG name="UDB Clock/Enable Remapping Results">
    UDB Clk/Enable \Counter_1:CounterUDB:clock_enable_block\: with output requested to be synchronous
        ClockIn: Clock_1 was determined to be a global clock that is synchronous to BUS_CLK
        EnableIn: Constant 1 was determined to be synchronous to ClockIn
        ClockOut: Clock_1, EnableOut: Constant 1
    UDB Clk/Enable \Counter_1:CounterUDB:sCTRLReg:cy_psoc3_udb_Ctl_Clk_Sync\: with output requested to be synchronous
        ClockIn: Clock_1 was determined to be a global clock that is synchronous to BUS_CLK
        EnableIn: Constant 1 was determined to be synchronous to ClockIn
        ClockOut: Clock_1, EnableOut: Constant 1
    UDB Clk/Enable \Timer_1:TimerUDB:clock_enable_block\: with output requested to be synchronous
        ClockIn: Clock_3 was determined to be a global clock that is synchronous to BUS_CLK
        EnableIn: Constant 1 was determined to be synchronous to ClockIn
        ClockOut: Clock_3, EnableOut: Constant 1
</CYPRESSTAG>

Removing unused cells resulting from optimization
Done removing unused cells.
<CYPRESSTAG name="Duplicate Macrocell detection">

Removing duplicate macrocells
    Removing Net_85, Duplicate of \Counter_1:CounterUDB:overflow_reg_i\ 
    MacroCell: Name=Net_85, Mode=(D-Register)
        Total # of inputs        : 1
        Total # of product terms : 1
        List of special equations: 
            Clock  = (Net_182) => Global
            Clock Enable: True
        Main Equation            : 1 pterm
        (
              \Counter_1:CounterUDB:per_equal\
        );
        Output = Net_85 (fanout=1)

End removing duplicate macrocells: used 1 pass
</CYPRESSTAG>
</CYPRESSTAG>
<CYPRESSTAG name="Duplicate Macrocell detection">
</CYPRESSTAG>
<CYPRESSTAG name="Design Equations" icon="FILE_RPT_EQUATION">

------------------------------------------------------------
Design Equations
------------------------------------------------------------
    <CYPRESSTAG name="Pin listing">

    ------------------------------------------------------------
    Pin listing
    ------------------------------------------------------------

    Pin : Name = Trigger(0)
        Attributes:
            In Group/Port: True
            In Sync Option: AUTO
            Out Sync Option: NOSYNC
            Interrupt generated: False
            Interrupt mode: NONE
            Drive mode: CMOS_OUT
            VTrip: EITHER
            Slew: FAST
            Input Sync needed: False
            Output Sync needed: False
            SC shield enabled: False
            POR State: ANY
            LCD Mode: COMMON
            Register Mode: RegComb
            CaSense Mode: NEITHER
            Treat as pin: True
            Is OE Registered: False
            Uses Analog: False
            Can contain Digital: True
            Is SIO: False
            SIO Output Buf: NONREGULATED
            SIO Input Buf: SINGLE_ENDED
            SIO HiFreq: LOW
            SIO Hyst: DISABLED
            SIO Vtrip: MULTIPLIER_0_5
            SIO Multiplier Index: 0
            SIO RefSel: VCC_IO
            Required Capabilities: DIGITAL, ROUTABLE
            Initial Value: 0
            IO Voltage: 0
        PORT MAP (
            pa_out => Trigger(0)__PA ,
            pin_input => Net_76 ,
            pad => Trigger(0)_PAD );
        Properties:
        {
        }

    Pin : Name = \LCD_Char_1:LCDPort(0)\
        Attributes:
            In Group/Port: True
            In Sync Option: AUTO
            Out Sync Option: NOSYNC
            Interrupt generated: False
            Interrupt mode: NONE
            Drive mode: CMOS_OUT
            VTrip: EITHER
            Slew: FAST
            Input Sync needed: False
            Output Sync needed: False
            SC shield enabled: False
            POR State: ANY
            LCD Mode: COMMON
            Register Mode: RegComb
            CaSense Mode: NEITHER
            Treat as pin: False
            Is OE Registered: False
            Uses Analog: False
            Can contain Digital: True
            Is SIO: False
            SIO Output Buf: NONREGULATED
            SIO Input Buf: SINGLE_ENDED
            SIO HiFreq: LOW
            SIO Hyst: DISABLED
            SIO Vtrip: MULTIPLIER_0_5
            SIO Multiplier Index: 0
            SIO RefSel: VCC_IO
            Required Capabilities: DIGITAL
            Initial Value: 0
            IO Voltage: 0
        PORT MAP (
            pa_out => \LCD_Char_1:LCDPort(0)\__PA ,
            pad => \LCD_Char_1:LCDPort(0)_PAD\ );
        Properties:
        {
        }

    Pin : Name = \LCD_Char_1:LCDPort(1)\
        Attributes:
            In Group/Port: True
            In Sync Option: AUTO
            Out Sync Option: NOSYNC
            Interrupt generated: False
            Interrupt mode: NONE
            Drive mode: CMOS_OUT
            VTrip: EITHER
            Slew: FAST
            Input Sync needed: False
            Output Sync needed: False
            SC shield enabled: False
            POR State: ANY
            LCD Mode: COMMON
            Register Mode: RegComb
            CaSense Mode: NEITHER
            Treat as pin: False
            Is OE Registered: False
            Uses Analog: False
            Can contain Digital: True
            Is SIO: False
            SIO Output Buf: NONREGULATED
            SIO Input Buf: SINGLE_ENDED
            SIO HiFreq: LOW
            SIO Hyst: DISABLED
            SIO Vtrip: MULTIPLIER_0_5
            SIO Multiplier Index: 0
            SIO RefSel: VCC_IO
            Required Capabilities: DIGITAL
            Initial Value: 0
            IO Voltage: 0
        PORT MAP (
            pa_out => \LCD_Char_1:LCDPort(1)\__PA ,
            pad => \LCD_Char_1:LCDPort(1)_PAD\ );
        Properties:
        {
        }

    Pin : Name = \LCD_Char_1:LCDPort(2)\
        Attributes:
            In Group/Port: True
            In Sync Option: AUTO
            Out Sync Option: NOSYNC
            Interrupt generated: False
            Interrupt mode: NONE
            Drive mode: CMOS_OUT
            VTrip: EITHER
            Slew: FAST
            Input Sync needed: False
            Output Sync needed: False
            SC shield enabled: False
            POR State: ANY
            LCD Mode: COMMON
            Register Mode: RegComb
            CaSense Mode: NEITHER
            Treat as pin: False
            Is OE Registered: False
            Uses Analog: False
            Can contain Digital: True
            Is SIO: False
            SIO Output Buf: NONREGULATED
            SIO Input Buf: SINGLE_ENDED
            SIO HiFreq: LOW
            SIO Hyst: DISABLED
            SIO Vtrip: MULTIPLIER_0_5
            SIO Multiplier Index: 0
            SIO RefSel: VCC_IO
            Required Capabilities: DIGITAL
            Initial Value: 0
            IO Voltage: 0
        PORT MAP (
            pa_out => \LCD_Char_1:LCDPort(2)\__PA ,
            pad => \LCD_Char_1:LCDPort(2)_PAD\ );
        Properties:
        {
        }

    Pin : Name = \LCD_Char_1:LCDPort(3)\
        Attributes:
            In Group/Port: True
            In Sync Option: AUTO
            Out Sync Option: NOSYNC
            Interrupt generated: False
            Interrupt mode: NONE
            Drive mode: CMOS_OUT
            VTrip: EITHER
            Slew: FAST
            Input Sync needed: False
            Output Sync needed: False
            SC shield enabled: False
            POR State: ANY
            LCD Mode: COMMON
            Register Mode: RegComb
            CaSense Mode: NEITHER
            Treat as pin: False
            Is OE Registered: False
            Uses Analog: False
            Can contain Digital: True
            Is SIO: False
            SIO Output Buf: NONREGULATED
            SIO Input Buf: SINGLE_ENDED
            SIO HiFreq: LOW
            SIO Hyst: DISABLED
            SIO Vtrip: MULTIPLIER_0_5
            SIO Multiplier Index: 0
            SIO RefSel: VCC_IO
            Required Capabilities: DIGITAL
            Initial Value: 0
            IO Voltage: 0
        PORT MAP (
            pa_out => \LCD_Char_1:LCDPort(3)\__PA ,
            pad => \LCD_Char_1:LCDPort(3)_PAD\ );
        Properties:
        {
        }

    Pin : Name = \LCD_Char_1:LCDPort(4)\
        Attributes:
            In Group/Port: True
            In Sync Option: AUTO
            Out Sync Option: NOSYNC
            Interrupt generated: False
            Interrupt mode: NONE
            Drive mode: CMOS_OUT
            VTrip: EITHER
            Slew: FAST
            Input Sync needed: False
            Output Sync needed: False
            SC shield enabled: False
            POR State: ANY
            LCD Mode: COMMON
            Register Mode: RegComb
            CaSense Mode: NEITHER
            Treat as pin: False
            Is OE Registered: False
            Uses Analog: False
            Can contain Digital: True
            Is SIO: False
            SIO Output Buf: NONREGULATED
            SIO Input Buf: SINGLE_ENDED
            SIO HiFreq: LOW
            SIO Hyst: DISABLED
            SIO Vtrip: MULTIPLIER_0_5
            SIO Multiplier Index: 0
            SIO RefSel: VCC_IO
            Required Capabilities: DIGITAL
            Initial Value: 0
            IO Voltage: 0
        PORT MAP (
            pa_out => \LCD_Char_1:LCDPort(4)\__PA ,
            pad => \LCD_Char_1:LCDPort(4)_PAD\ );
        Properties:
        {
        }

    Pin : Name = \LCD_Char_1:LCDPort(5)\
        Attributes:
            In Group/Port: True
            In Sync Option: AUTO
            Out Sync Option: NOSYNC
            Interrupt generated: False
            Interrupt mode: NONE
            Drive mode: CMOS_OUT
            VTrip: EITHER
            Slew: FAST
            Input Sync needed: False
            Output Sync needed: False
            SC shield enabled: False
            POR State: ANY
            LCD Mode: COMMON
            Register Mode: RegComb
            CaSense Mode: NEITHER
            Treat as pin: False
            Is OE Registered: False
            Uses Analog: False
            Can contain Digital: True
            Is SIO: False
            SIO Output Buf: NONREGULATED
            SIO Input Buf: SINGLE_ENDED
            SIO HiFreq: LOW
            SIO Hyst: DISABLED
            SIO Vtrip: MULTIPLIER_0_5
            SIO Multiplier Index: 0
            SIO RefSel: VCC_IO
            Required Capabilities: DIGITAL
            Initial Value: 0
            IO Voltage: 0
        PORT MAP (
            pa_out => \LCD_Char_1:LCDPort(5)\__PA ,
            pad => \LCD_Char_1:LCDPort(5)_PAD\ );
        Properties:
        {
        }

    Pin : Name = \LCD_Char_1:LCDPort(6)\
        Attributes:
            In Group/Port: True
            In Sync Option: AUTO
            Out Sync Option: NOSYNC
            Interrupt generated: False
            Interrupt mode: NONE
            Drive mode: CMOS_OUT
            VTrip: EITHER
            Slew: FAST
            Input Sync needed: False
            Output Sync needed: False
            SC shield enabled: False
            POR State: ANY
            LCD Mode: COMMON
            Register Mode: RegComb
            CaSense Mode: NEITHER
            Treat as pin: False
            Is OE Registered: False
            Uses Analog: False
            Can contain Digital: True
            Is SIO: False
            SIO Output Buf: NONREGULATED
            SIO Input Buf: SINGLE_ENDED
            SIO HiFreq: LOW
            SIO Hyst: DISABLED
            SIO Vtrip: MULTIPLIER_0_5
            SIO Multiplier Index: 0
            SIO RefSel: VCC_IO
            Required Capabilities: DIGITAL
            Initial Value: 0
            IO Voltage: 0
        PORT MAP (
            pa_out => \LCD_Char_1:LCDPort(6)\__PA ,
            pad => \LCD_Char_1:LCDPort(6)_PAD\ );
        Properties:
        {
        }

    Pin : Name = Echo(0)
        Attributes:
            In Group/Port: True
            In Sync Option: NOSYNC
            Out Sync Option: AUTO
            Interrupt generated: False
            Interrupt mode: NONE
            Drive mode: HI_Z_DIGITAL
            VTrip: CMOS
            Slew: FAST
            Input Sync needed: False
            Output Sync needed: False
            SC shield enabled: False
            POR State: ANY
            LCD Mode: COMMON
            Register Mode: RegComb
            CaSense Mode: NEITHER
            Treat as pin: True
            Is OE Registered: False
            Uses Analog: False
            Can contain Digital: True
            Is SIO: False
            SIO Output Buf: NONREGULATED
            SIO Input Buf: SINGLE_ENDED
            SIO HiFreq: LOW
            SIO Hyst: DISABLED
            SIO Vtrip: MULTIPLIER_0_5
            SIO Multiplier Index: 0
            SIO RefSel: VCC_IO
            Required Capabilities: DIGITAL, ROUTABLE
            Initial Value: 0
            IO Voltage: 0
        PORT MAP (
            pa_out => Echo(0)__PA ,
            fb => Net_167 ,
            pad => Echo(0)_PAD );
        Properties:
        {
        }
    </CYPRESSTAG>
    <CYPRESSTAG name="Macrocell listing" icon="FILE_RPT_EQUATION">

    ------------------------------------------------------------
    Macrocell listing
    ------------------------------------------------------------

    MacroCell: Name=\Counter_1:CounterUDB:reload\, Mode=(Combinatorial)
        Total # of inputs        : 2
        Total # of product terms : 1
            Clock Enable: True
        Main Equation            : 1 pterm
        !(
              !Net_99 * !\Counter_1:CounterUDB:per_equal\
        );
        Output = \Counter_1:CounterUDB:reload\ (fanout=1)

    MacroCell: Name=\Counter_1:CounterUDB:status_0\, Mode=(Combinatorial)
        Total # of inputs        : 2
        Total # of product terms : 1
            Clock Enable: True
        Main Equation            : 1 pterm
        (
              \Counter_1:CounterUDB:cmp_out_i\ * 
              !\Counter_1:CounterUDB:prevCompare\
        );
        Output = \Counter_1:CounterUDB:status_0\ (fanout=1)

    MacroCell: Name=\Counter_1:CounterUDB:overflow_status\, Mode=(Combinatorial)
        Total # of inputs        : 2
        Total # of product terms : 1
            Clock Enable: True
        Main Equation            : 1 pterm
        (
              \Counter_1:CounterUDB:per_equal\ * 
              !\Counter_1:CounterUDB:overflow_reg_i\
        );
        Output = \Counter_1:CounterUDB:overflow_status\ (fanout=1)

    MacroCell: Name=\Counter_1:CounterUDB:count_enable\, Mode=(Combinatorial)
        Total # of inputs        : 4
        Total # of product terms : 1
            Clock Enable: True
        Main Equation            : 1 pterm
        (
              \Counter_1:CounterUDB:control_7\ * 
              !\Counter_1:CounterUDB:disable_run_i\ * 
              !\Counter_1:CounterUDB:count_stored_i\ * Net_130_local
        );
        Output = \Counter_1:CounterUDB:count_enable\ (fanout=1)

    MacroCell: Name=\Timer_1:TimerUDB:status_tc\, Mode=(Combinatorial)
        Total # of inputs        : 2
        Total # of product terms : 1
            Clock Enable: True
        Main Equation            : 1 pterm
        (
              \Timer_1:TimerUDB:run_mode\ * \Timer_1:TimerUDB:per_zero\
        );
        Output = \Timer_1:TimerUDB:status_tc\ (fanout=1)

    MacroCell: Name=Net_189, Mode=(Combinatorial)
        Total # of inputs        : 1
        Total # of product terms : 1
            Clock Enable: True
        Main Equation            : 1 pterm
        (
              !Net_141
        );
        Output = Net_189 (fanout=1)

    MacroCell: Name=__ONE__, Mode=(Combinatorial)
        Total # of inputs        : 0
        Total # of product terms : 0
            Clock Enable: True
        Main Equation            : 0 pterms
        !(
            0
        );
        Output = __ONE__ (fanout=1)

    MacroCell: Name=\Counter_1:CounterUDB:disable_run_i\, Mode=(D-Register)
        Total # of inputs        : 4
        Total # of product terms : 2
        List of special equations: 
            Clock  = (Net_182) => Global
            Clock Enable: True
        Main Equation            : 2 pterms
        (
              !Net_99 * \Counter_1:CounterUDB:disable_run_i\
            + !Net_99 * \Counter_1:CounterUDB:per_equal\ * 
              !\Counter_1:CounterUDB:overflow_reg_i\
        );
        Output = \Counter_1:CounterUDB:disable_run_i\ (fanout=2)

    MacroCell: Name=\Counter_1:CounterUDB:overflow_reg_i\, Mode=(D-Register)
        Total # of inputs        : 1
        Total # of product terms : 1
        List of special equations: 
            Clock  = (Net_182) => Global
            Clock Enable: True
        Main Equation            : 1 pterm
        (
              \Counter_1:CounterUDB:per_equal\
        );
        Output = \Counter_1:CounterUDB:overflow_reg_i\ (fanout=3)

    MacroCell: Name=\Counter_1:CounterUDB:prevCompare\, Mode=(D-Register)
        Total # of inputs        : 1
        Total # of product terms : 1
        List of special equations: 
            Clock  = (Net_182) => Global
            Clock Enable: True
        Main Equation            : 1 pterm
        (
              \Counter_1:CounterUDB:cmp_out_i\
        );
        Output = \Counter_1:CounterUDB:prevCompare\ (fanout=1)

    MacroCell: Name=\Counter_1:CounterUDB:count_stored_i\, Mode=(D-Register)
        Total # of inputs        : 1
        Total # of product terms : 1
        List of special equations: 
            Clock  = (Net_182) => Global
            Clock Enable: True
        Main Equation            : 1 pterm
        (
              Net_130_local
        );
        Output = \Counter_1:CounterUDB:count_stored_i\ (fanout=1)

    MacroCell: Name=\Timer_1:TimerUDB:run_mode\, Mode=(D-Register)
        Total # of inputs        : 1
        Total # of product terms : 1
        List of special equations: 
            Clock  = (Net_10) => Global
            Clock Enable: True
        Main Equation            : 1 pterm
        (
              Net_141
        );
        Output = \Timer_1:TimerUDB:run_mode\ (fanout=3)

    MacroCell: Name=\Timer_1:TimerUDB:timer_enable\, Mode=(D-Register)
        Total # of inputs        : 6
        Total # of product terms : 3
        List of special equations: 
            Clock  = (Net_10) => Global
            Clock Enable: True
        Main Equation            : 3 pterms
        (
              !\Timer_1:TimerUDB:timer_enable\ * Net_141 * !Net_174 * 
              !\Timer_1:TimerUDB:trig_disable\
            + !\Timer_1:TimerUDB:run_mode\ * Net_141 * !Net_174 * 
              !\Timer_1:TimerUDB:trig_disable\
            + !\Timer_1:TimerUDB:per_zero\ * Net_141 * !Net_174 * 
              !\Timer_1:TimerUDB:trig_disable\
        );
        Output = \Timer_1:TimerUDB:timer_enable\ (fanout=4)

    MacroCell: Name=\Timer_1:TimerUDB:trig_disable\, Mode=(D-Register)
        Total # of inputs        : 5
        Total # of product terms : 2
        List of special equations: 
            Clock  = (Net_10) => Global
            Clock Enable: True
        Main Equation            : 2 pterms
        (
              \Timer_1:TimerUDB:timer_enable\ * \Timer_1:TimerUDB:run_mode\ * 
              \Timer_1:TimerUDB:per_zero\ * !Net_174
            + !Net_174 * \Timer_1:TimerUDB:trig_disable\
        );
        Output = \Timer_1:TimerUDB:trig_disable\ (fanout=2)
    </CYPRESSTAG>
    <CYPRESSTAG name="Datapath listing">

    ------------------------------------------------------------
    Datapath listing
    ------------------------------------------------------------

    datapathcell: Name =\Counter_1:CounterUDB:sC8:counterdp:u0\
        PORT MAP (
            clock => Net_182 ,
            cs_addr_2 => __ONE__ ,
            cs_addr_1 => \Counter_1:CounterUDB:count_enable\ ,
            cs_addr_0 => \Counter_1:CounterUDB:reload\ ,
            ce0_comb => \Counter_1:CounterUDB:per_equal\ ,
            z0_comb => \Counter_1:CounterUDB:status_1\ ,
            cl1_comb => \Counter_1:CounterUDB:cmp_out_i\ ,
            f0_bus_stat_comb => \Counter_1:CounterUDB:status_6\ ,
            f0_blk_stat_comb => \Counter_1:CounterUDB:status_5\ );
        Properties:
        {
            a0_init = "00000000"
            a1_init = "00000000"
            ce0_sync = 1
            ce1_sync = 1
            cl0_sync = 1
            cl1_sync = 1
            cmsb_sync = 1
            co_msb_sync = 1
            cy_dpconfig = "0000000001000000000000001000000001000000010000000000000010000000000000000100000010101000010100000010000001000000101010000101000011111111000000001111111111111111101000000000000000000001000000000000000000011000"
            d0_init = "00000000"
            d1_init = "00000000"
            f0_blk_sync = 1
            f0_bus_sync = 1
            f1_blk_sync = 1
            f1_bus_sync = 1
            ff0_sync = 1
            ff1_sync = 1
            ov_msb_sync = 1
            so_sync = 1
            z0_sync = 1
            z1_sync = 1
        }
        Clock Polarity: Active High
        Clock Enable: True

    datapathcell: Name =\Timer_1:TimerUDB:sT16:timerdp:u0\
        PORT MAP (
            clock => Net_10 ,
            cs_addr_2 => Net_174 ,
            cs_addr_1 => \Timer_1:TimerUDB:timer_enable\ ,
            cs_addr_0 => \Timer_1:TimerUDB:per_zero\ ,
            chain_out => \Timer_1:TimerUDB:sT16:timerdp:carry\ );
        Properties:
        {
            a0_init = "00000000"
            a1_init = "00000000"
            ce0_sync = 1
            ce1_sync = 1
            cl0_sync = 1
            cl1_sync = 1
            cmsb_sync = 1
            co_msb_sync = 1
            cy_dpconfig = "0000000001000000000000000100000001000000010000000000000010000000000000001000000000000000100000000000000010000000000000001000000011111111000000001111111111111111000000000000000000000001000000000000000000011000"
            d0_init = "00000000"
            d1_init = "00000000"
            f0_blk_sync = 1
            f0_bus_sync = 1
            f1_blk_sync = 1
            f1_bus_sync = 1
            ff0_sync = 1
            ff1_sync = 1
            ov_msb_sync = 1
            so_sync = 1
            z0_sync = 1
            z1_sync = 1
        }
        Clock Polarity: Active High
        Clock Enable: True
        Next in chain : \Timer_1:TimerUDB:sT16:timerdp:u1\

    datapathcell: Name =\Timer_1:TimerUDB:sT16:timerdp:u1\
        PORT MAP (
            clock => Net_10 ,
            cs_addr_2 => Net_174 ,
            cs_addr_1 => \Timer_1:TimerUDB:timer_enable\ ,
            cs_addr_0 => \Timer_1:TimerUDB:per_zero\ ,
            z0_comb => \Timer_1:TimerUDB:per_zero\ ,
            f0_bus_stat_comb => \Timer_1:TimerUDB:status_3\ ,
            f0_blk_stat_comb => \Timer_1:TimerUDB:status_2\ ,
            chain_in => \Timer_1:TimerUDB:sT16:timerdp:carry\ );
        Properties:
        {
            a0_init = "00000000"
            a1_init = "00000000"
            ce0_sync = 1
            ce1_sync = 1
            cl0_sync = 1
            cl1_sync = 1
            cmsb_sync = 1
            co_msb_sync = 1
            cy_dpconfig = "0000000001000000000000000100000001000000010000000000000010000000000000001000000000000000100000000000000010000000000000001000000011111111000000001111111111111111100000110000000000000001000000110000000000011000"
            d0_init = "00000000"
            d1_init = "00000000"
            f0_blk_sync = 1
            f0_bus_sync = 1
            f1_blk_sync = 1
            f1_bus_sync = 1
            ff0_sync = 1
            ff1_sync = 1
            ov_msb_sync = 1
            so_sync = 1
            z0_sync = 1
            z1_sync = 1
        }
        Clock Polarity: Active High
        Clock Enable: True
        Previous in chain : \Timer_1:TimerUDB:sT16:timerdp:u0\
    </CYPRESSTAG>
    <CYPRESSTAG name="Status register listing">
    </CYPRESSTAG>
    <CYPRESSTAG name="StatusI register listing">

    ------------------------------------------------------------
    StatusI register listing
    ------------------------------------------------------------

    statusicell: Name =\Counter_1:CounterUDB:sSTSReg:stsreg\
        PORT MAP (
            reset => Net_99 ,
            clock => Net_182 ,
            status_6 => \Counter_1:CounterUDB:status_6\ ,
            status_5 => \Counter_1:CounterUDB:status_5\ ,
            status_2 => \Counter_1:CounterUDB:overflow_status\ ,
            status_1 => \Counter_1:CounterUDB:status_1\ ,
            status_0 => \Counter_1:CounterUDB:status_0\ );
        Properties:
        {
            cy_force_order = 1
            cy_int_mask = "1111111"
            cy_md_select = "0011111"
        }
        Clock Polarity: Active High
        Clock Enable: True

    statusicell: Name =\Timer_1:TimerUDB:rstSts:stsreg\
        PORT MAP (
            reset => Net_174 ,
            clock => Net_10 ,
            status_3 => \Timer_1:TimerUDB:status_3\ ,
            status_2 => \Timer_1:TimerUDB:status_2\ ,
            status_0 => \Timer_1:TimerUDB:status_tc\ );
        Properties:
        {
            cy_force_order = 1
            cy_int_mask = "1111111"
            cy_md_select = "0000011"
        }
        Clock Polarity: Active High
        Clock Enable: True
    </CYPRESSTAG>
    <CYPRESSTAG name="Sync listing">

    ------------------------------------------------------------
    Sync listing
    ------------------------------------------------------------

    synccell: Name =\Sync_1:genblk1[0]:INST\
        PORT MAP (
            clock => Net_182 ,
            in => Net_167 ,
            out => Net_141 );
        Clock Polarity: Active High
        Clock Enable: True
    </CYPRESSTAG>
    <CYPRESSTAG name="Control register listing">

    ------------------------------------------------------------
    Control register listing
    ------------------------------------------------------------

    controlcell: Name =\Control_Reg_1:Sync:ctrl_reg\
        PORT MAP (
            reset => \Counter_1:CounterUDB:overflow_reg_i\ ,
            clock => Net_182 ,
            control_7 => \Control_Reg_1:control_7\ ,
            control_6 => \Control_Reg_1:control_6\ ,
            control_5 => \Control_Reg_1:control_5\ ,
            control_4 => \Control_Reg_1:control_4\ ,
            control_3 => \Control_Reg_1:control_3\ ,
            control_2 => \Control_Reg_1:control_2\ ,
            control_1 => \Control_Reg_1:control_1\ ,
            control_0 => Net_76 );
        Properties:
        {
            cy_ctrl_mode_0 = "00000001"
            cy_ctrl_mode_1 = "00000000"
            cy_ext_reset = 1
            cy_force_order = 1
            cy_init_value = "00000000"
        }
        Clock Polarity: Active High
        Clock Enable: True

    controlcell: Name =\Counter_1:CounterUDB:sCTRLReg:ctrlreg\
        PORT MAP (
            clock => Net_182 ,
            control_7 => \Counter_1:CounterUDB:control_7\ ,
            control_6 => \Counter_1:CounterUDB:control_6\ ,
            control_5 => \Counter_1:CounterUDB:control_5\ ,
            control_4 => \Counter_1:CounterUDB:control_4\ ,
            control_3 => \Counter_1:CounterUDB:control_3\ ,
            control_2 => \Counter_1:CounterUDB:control_2\ ,
            control_1 => \Counter_1:CounterUDB:control_1\ ,
            control_0 => \Counter_1:CounterUDB:control_0\ );
        Properties:
        {
            cy_ctrl_mode_0 = "11111111"
            cy_ctrl_mode_1 = "00000000"
            cy_ext_reset = 0
            cy_force_order = 1
            cy_init_value = "00000000"
        }
        Clock Polarity: Active High
        Clock Enable: True

    controlcell: Name =\Control_Reset:Sync:ctrl_reg\
        PORT MAP (
            clock => Net_182 ,
            control_7 => \Control_Reset:control_7\ ,
            control_6 => \Control_Reset:control_6\ ,
            control_5 => \Control_Reset:control_5\ ,
            control_4 => \Control_Reset:control_4\ ,
            control_3 => \Control_Reset:control_3\ ,
            control_2 => \Control_Reset:control_2\ ,
            control_1 => \Control_Reset:control_1\ ,
            control_0 => Net_99 );
        Properties:
        {
            cy_ctrl_mode_0 = "00000001"
            cy_ctrl_mode_1 = "00000001"
            cy_ext_reset = 1
            cy_force_order = 1
            cy_init_value = "00000000"
        }
        Clock Polarity: Active High
        Clock Enable: True

    controlcell: Name =\Control_Timer_Reset:Sync:ctrl_reg\
        PORT MAP (
            clock => Net_182 ,
            control_7 => \Control_Timer_Reset:control_7\ ,
            control_6 => \Control_Timer_Reset:control_6\ ,
            control_5 => \Control_Timer_Reset:control_5\ ,
            control_4 => \Control_Timer_Reset:control_4\ ,
            control_3 => \Control_Timer_Reset:control_3\ ,
            control_2 => \Control_Timer_Reset:control_2\ ,
            control_1 => \Control_Timer_Reset:control_1\ ,
            control_0 => Net_174 );
        Properties:
        {
            cy_ctrl_mode_0 = "00000001"
            cy_ctrl_mode_1 = "00000001"
            cy_ext_reset = 1
            cy_force_order = 1
            cy_init_value = "00000000"
        }
        Clock Polarity: Active High
        Clock Enable: True
    </CYPRESSTAG>
    <CYPRESSTAG name="Count7 listing">
    </CYPRESSTAG>
    <CYPRESSTAG name="DRQ listing">
    </CYPRESSTAG>
    <CYPRESSTAG name="Interrupt listing">

    ------------------------------------------------------------
    Interrupt listing
    ------------------------------------------------------------

    interrupt: Name =isr_1
        PORT MAP (
            interrupt => Net_189 );
        Properties:
        {
            int_type = "00"
            is_nmi = 0
        }
    </CYPRESSTAG>
</CYPRESSTAG>
<CYPRESSTAG name="Technology mapping summary" expanded>

------------------------------------------------------------
Technology mapping summary
------------------------------------------------------------

Resource Type                 : Used : Free :  Max :  % Used
============================================================
Digital Clocks                :    3 :    5 :    8 : 37.50 %
Analog Clocks                 :    0 :    4 :    4 :  0.00 %
CapSense Buffers              :    0 :    2 :    2 :  0.00 %
Digital Filter Block          :    0 :    1 :    1 :  0.00 %
Interrupts                    :    1 :   31 :   32 :  3.13 %
IO                            :   12 :   36 :   48 : 25.00 %
Segment LCD                   :    0 :    1 :    1 :  0.00 %
CAN 2.0b                      :    0 :    1 :    1 :  0.00 %
I2C                           :    0 :    1 :    1 :  0.00 %
USB                           :    0 :    1 :    1 :  0.00 %
DMA Channels                  :    0 :   24 :   24 :  0.00 %
Timer                         :    0 :    4 :    4 :  0.00 %
UDB                           :      :      :      :        
  Macrocells                  :   14 :  178 :  192 :  7.29 %
  Unique P-terms              :   17 :  367 :  384 :  4.43 %
  Total P-terms               :   17 :      :      :        
  Datapath Cells              :    3 :   21 :   24 : 12.50 %
  Status Cells                :    3 :   21 :   24 : 12.50 %
    StatusI Registers         :    2 :      :      :        
    Sync Cells (x1)           :    1 :      :      :        
  Control Cells               :    4 :   20 :   24 : 16.67 %
    Control Registers         :    4 :      :      :        
Opamp                         :    0 :    4 :    4 :  0.00 %
Comparator                    :    0 :    4 :    4 :  0.00 %
Delta-Sigma ADC               :    0 :    1 :    1 :  0.00 %
LPF                           :    0 :    2 :    2 :  0.00 %
SAR ADC                       :    0 :    2 :    2 :  0.00 %
Analog (SC/CT) Blocks         :    0 :    4 :    4 :  0.00 %
DAC                           :      :      :      :        
  VIDAC                       :    0 :    4 :    4 :  0.00 %
</CYPRESSTAG>
Technology Mapping: Elapsed time ==> 0s.187ms
Tech Mapping phase: Elapsed time ==> 0s.234ms
</CYPRESSTAG>
<CYPRESSTAG name="Analog Placement">
Initial Analog Placement Results:
IO_2@[IOP=(0)][IoId=(2)] : Echo(0) (fixed)
IO_1@[IOP=(0)][IoId=(1)] : Trigger(0) (fixed)
IO_0@[IOP=(2)][IoId=(0)] : \LCD_Char_1:LCDPort(0)\ (fixed)
IO_1@[IOP=(2)][IoId=(1)] : \LCD_Char_1:LCDPort(1)\ (fixed)
IO_2@[IOP=(2)][IoId=(2)] : \LCD_Char_1:LCDPort(2)\ (fixed)
IO_3@[IOP=(2)][IoId=(3)] : \LCD_Char_1:LCDPort(3)\ (fixed)
IO_4@[IOP=(2)][IoId=(4)] : \LCD_Char_1:LCDPort(4)\ (fixed)
IO_5@[IOP=(2)][IoId=(5)] : \LCD_Char_1:LCDPort(5)\ (fixed)
IO_6@[IOP=(2)][IoId=(6)] : \LCD_Char_1:LCDPort(6)\ (fixed)
Analog Placement phase: Elapsed time ==> 0s.015ms
</CYPRESSTAG>
<CYPRESSTAG name="Analog Routing">
Analog Routing phase: Elapsed time ==> 0s.000ms
</CYPRESSTAG>
<CYPRESSTAG name="Analog Code Generation">
============ Analog Final Answer Routes ============
Dump of CyAnalogRoutingResultsDB
Map of net to items {
}
Map of item to net {
}
Mux Info {
}
Dump of CyP35AnalogRoutingResultsDB
IsVddaHalfUsedForComp = False
IsVddaHalfUsedForSar0 = False
IsVddaHalfUsedForSar1 = False
Analog Code Generation phase: Elapsed time ==> 0s.234ms
</CYPRESSTAG>
<CYPRESSTAG name="Digital Placement">
<CYPRESSTAG name="Detailed placement messages">
I2076: Total run-time: 0.6 sec.

</CYPRESSTAG>
<CYPRESSTAG name="PLD Packing">
<CYPRESSTAG name="PLD Packing Summary" expanded>

------------------------------------------------------------
PLD Packing Summary
------------------------------------------------------------
            Resource Type : Used : Free :  Max :  % Used
    ====================================================
                     PLDs :    6 :   42 :   48 :  12.50%

<CYPRESSTAG name="PLD Statistics">

        PLD Resource Type :     Average/LAB
    =======================================
                   Inputs :            3.17
                   Pterms :            2.83
               Macrocells :            2.33
</CYPRESSTAG>
<CYPRESSTAG name="Packed PLD Contents">
Packed PLD Contents not displayed at this verbose level.</CYPRESSTAG>
</CYPRESSTAG>
PLD Packing: Elapsed time ==> 0s.015ms
</CYPRESSTAG>
<CYPRESSTAG name="Partitioning">
<CYPRESSTAG name="Initial Partitioning Summary">
Initial Partitioning Summary not displayed at this verbose level.</CYPRESSTAG>
<CYPRESSTAG name="Final Partitioning Summary">
Final Partitioning Summary not displayed at this verbose level.</CYPRESSTAG>
Partitioning: Elapsed time ==> 0s.015ms
</CYPRESSTAG>
<CYPRESSTAG name="Final Placement Summary">

------------------------------------------------------------
Final Placement Summary
------------------------------------------------------------

       Resource Type :      Count : Avg Inputs : Avg Outputs
    ========================================================
                 UDB :          6 :       2.67 :       2.33
<CYPRESSTAG name="Final Placement Details">
<CYPRESSTAG name="Component Details">

------------------------------------------------------------
Component Placement Details
------------------------------------------------------------
UDB [UDB=(0,0)] is empty.
UDB [UDB=(0,1)] is empty.
UDB [UDB=(0,2)] is empty.
UDB [UDB=(0,3)] is empty.
UDB [UDB=(0,4)] is empty.
UDB [UDB=(0,5)] is empty.
UDB [UDB=(1,0)] is empty.
UDB [UDB=(1,1)] is empty.
UDB [UDB=(1,2)] is empty.
UDB [UDB=(1,3)] contents:
LAB@[UDB=(1,3)][LB=1] #macrocells=1, #inputs=0, #pterms=0
{
    [McSlotId=0]: (empty)
    [McSlotId=1]: (empty)
    [McSlotId=2]:     MacroCell: Name=__ONE__, Mode=(Combinatorial) @ [UDB=(1,3)][LB=1][MC=2]
        Total # of inputs        : 0
        Total # of product terms : 0
            Clock Enable: True
        Main Equation            : 0 pterms
        !(
            0
        );
        Output = __ONE__ (fanout=1)
        Properties               : 
        {
        }

    [McSlotId=3]: (empty)
}

UDB [UDB=(1,4)] is empty.
UDB [UDB=(1,5)] is empty.
UDB [UDB=(2,0)] is empty.
UDB [UDB=(2,1)] is empty.
UDB [UDB=(2,2)] contents:
LAB@[UDB=(2,2)][LB=0] #macrocells=4, #inputs=7, #pterms=5
{
    [McSlotId=0]:     MacroCell: Name=\Counter_1:CounterUDB:disable_run_i\, Mode=(D-Register) @ [UDB=(2,2)][LB=0][MC=0]
        Total # of inputs        : 4
        Total # of product terms : 2
        List of special equations: 
            Clock  = (Net_182) => Global
            Clock Enable: True
        Main Equation            : 2 pterms
        (
              !Net_99 * \Counter_1:CounterUDB:disable_run_i\
            + !Net_99 * \Counter_1:CounterUDB:per_equal\ * 
              !\Counter_1:CounterUDB:overflow_reg_i\
        );
        Output = \Counter_1:CounterUDB:disable_run_i\ (fanout=2)
        Properties               : 
        {
        }

    [McSlotId=1]:     MacroCell: Name=\Counter_1:CounterUDB:count_enable\, Mode=(Combinatorial) @ [UDB=(2,2)][LB=0][MC=1]
        Total # of inputs        : 4
        Total # of product terms : 1
            Clock Enable: True
        Main Equation            : 1 pterm
        (
              \Counter_1:CounterUDB:control_7\ * 
              !\Counter_1:CounterUDB:disable_run_i\ * 
              !\Counter_1:CounterUDB:count_stored_i\ * Net_130_local
        );
        Output = \Counter_1:CounterUDB:count_enable\ (fanout=1)
        Properties               : 
        {
        }

    [McSlotId=2]:     MacroCell: Name=\Counter_1:CounterUDB:count_stored_i\, Mode=(D-Register) @ [UDB=(2,2)][LB=0][MC=2]
        Total # of inputs        : 1
        Total # of product terms : 1
        List of special equations: 
            Clock  = (Net_182) => Global
            Clock Enable: True
        Main Equation            : 1 pterm
        (
              Net_130_local
        );
        Output = \Counter_1:CounterUDB:count_stored_i\ (fanout=1)
        Properties               : 
        {
        }

    [McSlotId=3]:     MacroCell: Name=\Counter_1:CounterUDB:overflow_reg_i\, Mode=(D-Register) @ [UDB=(2,2)][LB=0][MC=3]
        Total # of inputs        : 1
        Total # of product terms : 1
        List of special equations: 
            Clock  = (Net_182) => Global
            Clock Enable: True
        Main Equation            : 1 pterm
        (
              \Counter_1:CounterUDB:per_equal\
        );
        Output = \Counter_1:CounterUDB:overflow_reg_i\ (fanout=3)
        Properties               : 
        {
        }
}

LAB@[UDB=(2,2)][LB=1] #macrocells=2, #inputs=3, #pterms=2
{
    [McSlotId=0]:     MacroCell: Name=\Counter_1:CounterUDB:overflow_status\, Mode=(Combinatorial) @ [UDB=(2,2)][LB=1][MC=0]
        Total # of inputs        : 2
        Total # of product terms : 1
            Clock Enable: True
        Main Equation            : 1 pterm
        (
              \Counter_1:CounterUDB:per_equal\ * 
              !\Counter_1:CounterUDB:overflow_reg_i\
        );
        Output = \Counter_1:CounterUDB:overflow_status\ (fanout=1)
        Properties               : 
        {
        }

    [McSlotId=1]:     MacroCell: Name=\Counter_1:CounterUDB:reload\, Mode=(Combinatorial) @ [UDB=(2,2)][LB=1][MC=1]
        Total # of inputs        : 2
        Total # of product terms : 1
            Clock Enable: True
        Main Equation            : 1 pterm
        !(
              !Net_99 * !\Counter_1:CounterUDB:per_equal\
        );
        Output = \Counter_1:CounterUDB:reload\ (fanout=1)
        Properties               : 
        {
        }

    [McSlotId=2]: (empty)
    [McSlotId=3]: (empty)
}

datapathcell: Name =\Counter_1:CounterUDB:sC8:counterdp:u0\
    PORT MAP (
        clock => Net_182 ,
        cs_addr_2 => __ONE__ ,
        cs_addr_1 => \Counter_1:CounterUDB:count_enable\ ,
        cs_addr_0 => \Counter_1:CounterUDB:reload\ ,
        ce0_comb => \Counter_1:CounterUDB:per_equal\ ,
        z0_comb => \Counter_1:CounterUDB:status_1\ ,
        cl1_comb => \Counter_1:CounterUDB:cmp_out_i\ ,
        f0_bus_stat_comb => \Counter_1:CounterUDB:status_6\ ,
        f0_blk_stat_comb => \Counter_1:CounterUDB:status_5\ );
    Properties:
    {
        a0_init = "00000000"
        a1_init = "00000000"
        ce0_sync = 1
        ce1_sync = 1
        cl0_sync = 1
        cl1_sync = 1
        cmsb_sync = 1
        co_msb_sync = 1
        cy_dpconfig = "0000000001000000000000001000000001000000010000000000000010000000000000000100000010101000010100000010000001000000101010000101000011111111000000001111111111111111101000000000000000000001000000000000000000011000"
        d0_init = "00000000"
        d1_init = "00000000"
        f0_blk_sync = 1
        f0_bus_sync = 1
        f1_blk_sync = 1
        f1_bus_sync = 1
        ff0_sync = 1
        ff1_sync = 1
        ov_msb_sync = 1
        so_sync = 1
        z0_sync = 1
        z1_sync = 1
    }
    Clock Polarity: Active High
    Clock Enable: True

statusicell: Name =\Counter_1:CounterUDB:sSTSReg:stsreg\
    PORT MAP (
        reset => Net_99 ,
        clock => Net_182 ,
        status_6 => \Counter_1:CounterUDB:status_6\ ,
        status_5 => \Counter_1:CounterUDB:status_5\ ,
        status_2 => \Counter_1:CounterUDB:overflow_status\ ,
        status_1 => \Counter_1:CounterUDB:status_1\ ,
        status_0 => \Counter_1:CounterUDB:status_0\ );
    Properties:
    {
        cy_force_order = 1
        cy_int_mask = "1111111"
        cy_md_select = "0011111"
    }
    Clock Polarity: Active High
    Clock Enable: True

controlcell: Name =\Counter_1:CounterUDB:sCTRLReg:ctrlreg\
    PORT MAP (
        clock => Net_182 ,
        control_7 => \Counter_1:CounterUDB:control_7\ ,
        control_6 => \Counter_1:CounterUDB:control_6\ ,
        control_5 => \Counter_1:CounterUDB:control_5\ ,
        control_4 => \Counter_1:CounterUDB:control_4\ ,
        control_3 => \Counter_1:CounterUDB:control_3\ ,
        control_2 => \Counter_1:CounterUDB:control_2\ ,
        control_1 => \Counter_1:CounterUDB:control_1\ ,
        control_0 => \Counter_1:CounterUDB:control_0\ );
    Properties:
    {
        cy_ctrl_mode_0 = "11111111"
        cy_ctrl_mode_1 = "00000000"
        cy_ext_reset = 0
        cy_force_order = 1
        cy_init_value = "00000000"
    }
    Clock Polarity: Active High
    Clock Enable: True

UDB [UDB=(2,3)] contents:
LAB@[UDB=(2,3)][LB=0] #macrocells=2, #inputs=2, #pterms=2
{
    [McSlotId=0]:     MacroCell: Name=\Counter_1:CounterUDB:status_0\, Mode=(Combinatorial) @ [UDB=(2,3)][LB=0][MC=0]
        Total # of inputs        : 2
        Total # of product terms : 1
            Clock Enable: True
        Main Equation            : 1 pterm
        (
              \Counter_1:CounterUDB:cmp_out_i\ * 
              !\Counter_1:CounterUDB:prevCompare\
        );
        Output = \Counter_1:CounterUDB:status_0\ (fanout=1)
        Properties               : 
        {
        }

    [McSlotId=1]:     MacroCell: Name=\Counter_1:CounterUDB:prevCompare\, Mode=(D-Register) @ [UDB=(2,3)][LB=0][MC=1]
        Total # of inputs        : 1
        Total # of product terms : 1
        List of special equations: 
            Clock  = (Net_182) => Global
            Clock Enable: True
        Main Equation            : 1 pterm
        (
              \Counter_1:CounterUDB:cmp_out_i\
        );
        Output = \Counter_1:CounterUDB:prevCompare\ (fanout=1)
        Properties               : 
        {
        }

    [McSlotId=2]: (empty)
    [McSlotId=3]: (empty)
}

LAB@[UDB=(2,3)][LB=1] #macrocells=1, #inputs=1, #pterms=1
{
    [McSlotId=0]: (empty)
    [McSlotId=1]: (empty)
    [McSlotId=2]:     MacroCell: Name=Net_189, Mode=(Combinatorial) @ [UDB=(2,3)][LB=1][MC=2]
        Total # of inputs        : 1
        Total # of product terms : 1
            Clock Enable: True
        Main Equation            : 1 pterm
        (
              !Net_141
        );
        Output = Net_189 (fanout=1)
        Properties               : 
        {
        }

    [McSlotId=3]: (empty)
}

controlcell: Name =\Control_Reg_1:Sync:ctrl_reg\
    PORT MAP (
        reset => \Counter_1:CounterUDB:overflow_reg_i\ ,
        clock => Net_182 ,
        control_7 => \Control_Reg_1:control_7\ ,
        control_6 => \Control_Reg_1:control_6\ ,
        control_5 => \Control_Reg_1:control_5\ ,
        control_4 => \Control_Reg_1:control_4\ ,
        control_3 => \Control_Reg_1:control_3\ ,
        control_2 => \Control_Reg_1:control_2\ ,
        control_1 => \Control_Reg_1:control_1\ ,
        control_0 => Net_76 );
    Properties:
    {
        cy_ctrl_mode_0 = "00000001"
        cy_ctrl_mode_1 = "00000000"
        cy_ext_reset = 1
        cy_force_order = 1
        cy_init_value = "00000000"
    }
    Clock Polarity: Active High
    Clock Enable: True

synccell: Name =\Sync_1:genblk1[0]:INST\
    PORT MAP (
        clock => Net_182 ,
        in => Net_167 ,
        out => Net_141 );
    Properties:
    {
    }
    Clock Polarity: Active High
    Clock Enable: True

UDB [UDB=(2,4)] contents:
LAB@[UDB=(2,4)][LB=1] #macrocells=4, #inputs=6, #pterms=7
{
    [McSlotId=0]:     MacroCell: Name=\Timer_1:TimerUDB:status_tc\, Mode=(Combinatorial) @ [UDB=(2,4)][LB=1][MC=0]
        Total # of inputs        : 2
        Total # of product terms : 1
            Clock Enable: True
        Main Equation            : 1 pterm
        (
              \Timer_1:TimerUDB:run_mode\ * \Timer_1:TimerUDB:per_zero\
        );
        Output = \Timer_1:TimerUDB:status_tc\ (fanout=1)
        Properties               : 
        {
        }

    [McSlotId=1]:     MacroCell: Name=\Timer_1:TimerUDB:trig_disable\, Mode=(D-Register) @ [UDB=(2,4)][LB=1][MC=1]
        Total # of inputs        : 5
        Total # of product terms : 2
        List of special equations: 
            Clock  = (Net_10) => Global
            Clock Enable: True
        Main Equation            : 2 pterms
        (
              \Timer_1:TimerUDB:timer_enable\ * \Timer_1:TimerUDB:run_mode\ * 
              \Timer_1:TimerUDB:per_zero\ * !Net_174
            + !Net_174 * \Timer_1:TimerUDB:trig_disable\
        );
        Output = \Timer_1:TimerUDB:trig_disable\ (fanout=2)
        Properties               : 
        {
        }

    [McSlotId=2]:     MacroCell: Name=\Timer_1:TimerUDB:timer_enable\, Mode=(D-Register) @ [UDB=(2,4)][LB=1][MC=2]
        Total # of inputs        : 6
        Total # of product terms : 3
        List of special equations: 
            Clock  = (Net_10) => Global
            Clock Enable: True
        Main Equation            : 3 pterms
        (
              !\Timer_1:TimerUDB:timer_enable\ * Net_141 * !Net_174 * 
              !\Timer_1:TimerUDB:trig_disable\
            + !\Timer_1:TimerUDB:run_mode\ * Net_141 * !Net_174 * 
              !\Timer_1:TimerUDB:trig_disable\
            + !\Timer_1:TimerUDB:per_zero\ * Net_141 * !Net_174 * 
              !\Timer_1:TimerUDB:trig_disable\
        );
        Output = \Timer_1:TimerUDB:timer_enable\ (fanout=4)
        Properties               : 
        {
        }

    [McSlotId=3]:     MacroCell: Name=\Timer_1:TimerUDB:run_mode\, Mode=(D-Register) @ [UDB=(2,4)][LB=1][MC=3]
        Total # of inputs        : 1
        Total # of product terms : 1
        List of special equations: 
            Clock  = (Net_10) => Global
            Clock Enable: True
        Main Equation            : 1 pterm
        (
              Net_141
        );
        Output = \Timer_1:TimerUDB:run_mode\ (fanout=3)
        Properties               : 
        {
        }
}

datapathcell: Name =\Timer_1:TimerUDB:sT16:timerdp:u1\
    PORT MAP (
        clock => Net_10 ,
        cs_addr_2 => Net_174 ,
        cs_addr_1 => \Timer_1:TimerUDB:timer_enable\ ,
        cs_addr_0 => \Timer_1:TimerUDB:per_zero\ ,
        z0_comb => \Timer_1:TimerUDB:per_zero\ ,
        f0_bus_stat_comb => \Timer_1:TimerUDB:status_3\ ,
        f0_blk_stat_comb => \Timer_1:TimerUDB:status_2\ ,
        chain_in => \Timer_1:TimerUDB:sT16:timerdp:carry\ );
    Properties:
    {
        a0_init = "00000000"
        a1_init = "00000000"
        ce0_sync = 1
        ce1_sync = 1
        cl0_sync = 1
        cl1_sync = 1
        cmsb_sync = 1
        co_msb_sync = 1
        cy_dpconfig = "0000000001000000000000000100000001000000010000000000000010000000000000001000000000000000100000000000000010000000000000001000000011111111000000001111111111111111100000110000000000000001000000110000000000011000"
        d0_init = "00000000"
        d1_init = "00000000"
        f0_blk_sync = 1
        f0_bus_sync = 1
        f1_blk_sync = 1
        f1_bus_sync = 1
        ff0_sync = 1
        ff1_sync = 1
        ov_msb_sync = 1
        so_sync = 1
        z0_sync = 1
        z1_sync = 1
    }
    Clock Polarity: Active High
    Clock Enable: True
    Previous in chain : \Timer_1:TimerUDB:sT16:timerdp:u0\

statusicell: Name =\Timer_1:TimerUDB:rstSts:stsreg\
    PORT MAP (
        reset => Net_174 ,
        clock => Net_10 ,
        status_3 => \Timer_1:TimerUDB:status_3\ ,
        status_2 => \Timer_1:TimerUDB:status_2\ ,
        status_0 => \Timer_1:TimerUDB:status_tc\ );
    Properties:
    {
        cy_force_order = 1
        cy_int_mask = "1111111"
        cy_md_select = "0000011"
    }
    Clock Polarity: Active High
    Clock Enable: True

UDB [UDB=(2,5)] is empty.
UDB [UDB=(3,0)] is empty.
UDB [UDB=(3,1)] is empty.
UDB [UDB=(3,2)] contents:
controlcell: Name =\Control_Reset:Sync:ctrl_reg\
    PORT MAP (
        clock => Net_182 ,
        control_7 => \Control_Reset:control_7\ ,
        control_6 => \Control_Reset:control_6\ ,
        control_5 => \Control_Reset:control_5\ ,
        control_4 => \Control_Reset:control_4\ ,
        control_3 => \Control_Reset:control_3\ ,
        control_2 => \Control_Reset:control_2\ ,
        control_1 => \Control_Reset:control_1\ ,
        control_0 => Net_99 );
    Properties:
    {
        cy_ctrl_mode_0 = "00000001"
        cy_ctrl_mode_1 = "00000001"
        cy_ext_reset = 1
        cy_force_order = 1
        cy_init_value = "00000000"
    }
    Clock Polarity: Active High
    Clock Enable: True

UDB [UDB=(3,3)] is empty.
UDB [UDB=(3,4)] contents:
datapathcell: Name =\Timer_1:TimerUDB:sT16:timerdp:u0\
    PORT MAP (
        clock => Net_10 ,
        cs_addr_2 => Net_174 ,
        cs_addr_1 => \Timer_1:TimerUDB:timer_enable\ ,
        cs_addr_0 => \Timer_1:TimerUDB:per_zero\ ,
        chain_out => \Timer_1:TimerUDB:sT16:timerdp:carry\ );
    Properties:
    {
        a0_init = "00000000"
        a1_init = "00000000"
        ce0_sync = 1
        ce1_sync = 1
        cl0_sync = 1
        cl1_sync = 1
        cmsb_sync = 1
        co_msb_sync = 1
        cy_dpconfig = "0000000001000000000000000100000001000000010000000000000010000000000000001000000000000000100000000000000010000000000000001000000011111111000000001111111111111111000000000000000000000001000000000000000000011000"
        d0_init = "00000000"
        d1_init = "00000000"
        f0_blk_sync = 1
        f0_bus_sync = 1
        f1_blk_sync = 1
        f1_bus_sync = 1
        ff0_sync = 1
        ff1_sync = 1
        ov_msb_sync = 1
        so_sync = 1
        z0_sync = 1
        z1_sync = 1
    }
    Clock Polarity: Active High
    Clock Enable: True
    Next in chain : \Timer_1:TimerUDB:sT16:timerdp:u1\

controlcell: Name =\Control_Timer_Reset:Sync:ctrl_reg\
    PORT MAP (
        clock => Net_182 ,
        control_7 => \Control_Timer_Reset:control_7\ ,
        control_6 => \Control_Timer_Reset:control_6\ ,
        control_5 => \Control_Timer_Reset:control_5\ ,
        control_4 => \Control_Timer_Reset:control_4\ ,
        control_3 => \Control_Timer_Reset:control_3\ ,
        control_2 => \Control_Timer_Reset:control_2\ ,
        control_1 => \Control_Timer_Reset:control_1\ ,
        control_0 => Net_174 );
    Properties:
    {
        cy_ctrl_mode_0 = "00000001"
        cy_ctrl_mode_1 = "00000001"
        cy_ext_reset = 1
        cy_force_order = 1
        cy_init_value = "00000000"
    }
    Clock Polarity: Active High
    Clock Enable: True

UDB [UDB=(3,5)] is empty.
Intr container @ [IntrContainer=(0)]: 
  Intr@ [IntrContainer=(0)][IntrId=(0)] 
    interrupt: Name =isr_1
        PORT MAP (
            interrupt => Net_189 );
        Properties:
        {
            int_type = "00"
            is_nmi = 0
        }
Drq container @ [DrqContainer=(0)]: empty
Port 0 contains the following IO cells:
[IoId=1]: 
Pin : Name = Trigger(0)
    Attributes:
        In Group/Port: True
        In Sync Option: AUTO
        Out Sync Option: NOSYNC
        Interrupt generated: False
        Interrupt mode: NONE
        Drive mode: CMOS_OUT
        VTrip: EITHER
        Slew: FAST
        Input Sync needed: False
        Output Sync needed: False
        SC shield enabled: False
        POR State: ANY
        LCD Mode: COMMON
        Register Mode: RegComb
        CaSense Mode: NEITHER
        Treat as pin: True
        Is OE Registered: False
        Uses Analog: False
        Can contain Digital: True
        Is SIO: False
        SIO Output Buf: NONREGULATED
        SIO Input Buf: SINGLE_ENDED
        SIO HiFreq: LOW
        SIO Hyst: DISABLED
        SIO Vtrip: MULTIPLIER_0_5
        SIO Multiplier Index: 0
        SIO RefSel: VCC_IO
        Required Capabilities: DIGITAL, ROUTABLE
        Initial Value: 0
        IO Voltage: 0
    PORT MAP (
        pa_out => Trigger(0)__PA ,
        pin_input => Net_76 ,
        pad => Trigger(0)_PAD );
    Properties:
    {
    }

[IoId=2]: 
Pin : Name = Echo(0)
    Attributes:
        In Group/Port: True
        In Sync Option: NOSYNC
        Out Sync Option: AUTO
        Interrupt generated: False
        Interrupt mode: NONE
        Drive mode: HI_Z_DIGITAL
        VTrip: CMOS
        Slew: FAST
        Input Sync needed: False
        Output Sync needed: False
        SC shield enabled: False
        POR State: ANY
        LCD Mode: COMMON
        Register Mode: RegComb
        CaSense Mode: NEITHER
        Treat as pin: True
        Is OE Registered: False
        Uses Analog: False
        Can contain Digital: True
        Is SIO: False
        SIO Output Buf: NONREGULATED
        SIO Input Buf: SINGLE_ENDED
        SIO HiFreq: LOW
        SIO Hyst: DISABLED
        SIO Vtrip: MULTIPLIER_0_5
        SIO Multiplier Index: 0
        SIO RefSel: VCC_IO
        Required Capabilities: DIGITAL, ROUTABLE
        Initial Value: 0
        IO Voltage: 0
    PORT MAP (
        pa_out => Echo(0)__PA ,
        fb => Net_167 ,
        pad => Echo(0)_PAD );
    Properties:
    {
    }

Port 1 contains the following IO cells:
Port 2 contains the following IO cells:
[IoId=0]: 
Pin : Name = \LCD_Char_1:LCDPort(0)\
    Attributes:
        In Group/Port: True
        In Sync Option: AUTO
        Out Sync Option: NOSYNC
        Interrupt generated: False
        Interrupt mode: NONE
        Drive mode: CMOS_OUT
        VTrip: EITHER
        Slew: FAST
        Input Sync needed: False
        Output Sync needed: False
        SC shield enabled: False
        POR State: ANY
        LCD Mode: COMMON
        Register Mode: RegComb
        CaSense Mode: NEITHER
        Treat as pin: False
        Is OE Registered: False
        Uses Analog: False
        Can contain Digital: True
        Is SIO: False
        SIO Output Buf: NONREGULATED
        SIO Input Buf: SINGLE_ENDED
        SIO HiFreq: LOW
        SIO Hyst: DISABLED
        SIO Vtrip: MULTIPLIER_0_5
        SIO Multiplier Index: 0
        SIO RefSel: VCC_IO
        Required Capabilities: DIGITAL
        Initial Value: 0
        IO Voltage: 0
    PORT MAP (
        pa_out => \LCD_Char_1:LCDPort(0)\__PA ,
        pad => \LCD_Char_1:LCDPort(0)_PAD\ );
    Properties:
    {
    }

[IoId=1]: 
Pin : Name = \LCD_Char_1:LCDPort(1)\
    Attributes:
        In Group/Port: True
        In Sync Option: AUTO
        Out Sync Option: NOSYNC
        Interrupt generated: False
        Interrupt mode: NONE
        Drive mode: CMOS_OUT
        VTrip: EITHER
        Slew: FAST
        Input Sync needed: False
        Output Sync needed: False
        SC shield enabled: False
        POR State: ANY
        LCD Mode: COMMON
        Register Mode: RegComb
        CaSense Mode: NEITHER
        Treat as pin: False
        Is OE Registered: False
        Uses Analog: False
        Can contain Digital: True
        Is SIO: False
        SIO Output Buf: NONREGULATED
        SIO Input Buf: SINGLE_ENDED
        SIO HiFreq: LOW
        SIO Hyst: DISABLED
        SIO Vtrip: MULTIPLIER_0_5
        SIO Multiplier Index: 0
        SIO RefSel: VCC_IO
        Required Capabilities: DIGITAL
        Initial Value: 0
        IO Voltage: 0
    PORT MAP (
        pa_out => \LCD_Char_1:LCDPort(1)\__PA ,
        pad => \LCD_Char_1:LCDPort(1)_PAD\ );
    Properties:
    {
    }

[IoId=2]: 
Pin : Name = \LCD_Char_1:LCDPort(2)\
    Attributes:
        In Group/Port: True
        In Sync Option: AUTO
        Out Sync Option: NOSYNC
        Interrupt generated: False
        Interrupt mode: NONE
        Drive mode: CMOS_OUT
        VTrip: EITHER
        Slew: FAST
        Input Sync needed: False
        Output Sync needed: False
        SC shield enabled: False
        POR State: ANY
        LCD Mode: COMMON
        Register Mode: RegComb
        CaSense Mode: NEITHER
        Treat as pin: False
        Is OE Registered: False
        Uses Analog: False
        Can contain Digital: True
        Is SIO: False
        SIO Output Buf: NONREGULATED
        SIO Input Buf: SINGLE_ENDED
        SIO HiFreq: LOW
        SIO Hyst: DISABLED
        SIO Vtrip: MULTIPLIER_0_5
        SIO Multiplier Index: 0
        SIO RefSel: VCC_IO
        Required Capabilities: DIGITAL
        Initial Value: 0
        IO Voltage: 0
    PORT MAP (
        pa_out => \LCD_Char_1:LCDPort(2)\__PA ,
        pad => \LCD_Char_1:LCDPort(2)_PAD\ );
    Properties:
    {
    }

[IoId=3]: 
Pin : Name = \LCD_Char_1:LCDPort(3)\
    Attributes:
        In Group/Port: True
        In Sync Option: AUTO
        Out Sync Option: NOSYNC
        Interrupt generated: False
        Interrupt mode: NONE
        Drive mode: CMOS_OUT
        VTrip: EITHER
        Slew: FAST
        Input Sync needed: False
        Output Sync needed: False
        SC shield enabled: False
        POR State: ANY
        LCD Mode: COMMON
        Register Mode: RegComb
        CaSense Mode: NEITHER
        Treat as pin: False
        Is OE Registered: False
        Uses Analog: False
        Can contain Digital: True
        Is SIO: False
        SIO Output Buf: NONREGULATED
        SIO Input Buf: SINGLE_ENDED
        SIO HiFreq: LOW
        SIO Hyst: DISABLED
        SIO Vtrip: MULTIPLIER_0_5
        SIO Multiplier Index: 0
        SIO RefSel: VCC_IO
        Required Capabilities: DIGITAL
        Initial Value: 0
        IO Voltage: 0
    PORT MAP (
        pa_out => \LCD_Char_1:LCDPort(3)\__PA ,
        pad => \LCD_Char_1:LCDPort(3)_PAD\ );
    Properties:
    {
    }

[IoId=4]: 
Pin : Name = \LCD_Char_1:LCDPort(4)\
    Attributes:
        In Group/Port: True
        In Sync Option: AUTO
        Out Sync Option: NOSYNC
        Interrupt generated: False
        Interrupt mode: NONE
        Drive mode: CMOS_OUT
        VTrip: EITHER
        Slew: FAST
        Input Sync needed: False
        Output Sync needed: False
        SC shield enabled: False
        POR State: ANY
        LCD Mode: COMMON
        Register Mode: RegComb
        CaSense Mode: NEITHER
        Treat as pin: False
        Is OE Registered: False
        Uses Analog: False
        Can contain Digital: True
        Is SIO: False
        SIO Output Buf: NONREGULATED
        SIO Input Buf: SINGLE_ENDED
        SIO HiFreq: LOW
        SIO Hyst: DISABLED
        SIO Vtrip: MULTIPLIER_0_5
        SIO Multiplier Index: 0
        SIO RefSel: VCC_IO
        Required Capabilities: DIGITAL
        Initial Value: 0
        IO Voltage: 0
    PORT MAP (
        pa_out => \LCD_Char_1:LCDPort(4)\__PA ,
        pad => \LCD_Char_1:LCDPort(4)_PAD\ );
    Properties:
    {
    }

[IoId=5]: 
Pin : Name = \LCD_Char_1:LCDPort(5)\
    Attributes:
        In Group/Port: True
        In Sync Option: AUTO
        Out Sync Option: NOSYNC
        Interrupt generated: False
        Interrupt mode: NONE
        Drive mode: CMOS_OUT
        VTrip: EITHER
        Slew: FAST
        Input Sync needed: False
        Output Sync needed: False
        SC shield enabled: False
        POR State: ANY
        LCD Mode: COMMON
        Register Mode: RegComb
        CaSense Mode: NEITHER
        Treat as pin: False
        Is OE Registered: False
        Uses Analog: False
        Can contain Digital: True
        Is SIO: False
        SIO Output Buf: NONREGULATED
        SIO Input Buf: SINGLE_ENDED
        SIO HiFreq: LOW
        SIO Hyst: DISABLED
        SIO Vtrip: MULTIPLIER_0_5
        SIO Multiplier Index: 0
        SIO RefSel: VCC_IO
        Required Capabilities: DIGITAL
        Initial Value: 0
        IO Voltage: 0
    PORT MAP (
        pa_out => \LCD_Char_1:LCDPort(5)\__PA ,
        pad => \LCD_Char_1:LCDPort(5)_PAD\ );
    Properties:
    {
    }

[IoId=6]: 
Pin : Name = \LCD_Char_1:LCDPort(6)\
    Attributes:
        In Group/Port: True
        In Sync Option: AUTO
        Out Sync Option: NOSYNC
        Interrupt generated: False
        Interrupt mode: NONE
        Drive mode: CMOS_OUT
        VTrip: EITHER
        Slew: FAST
        Input Sync needed: False
        Output Sync needed: False
        SC shield enabled: False
        POR State: ANY
        LCD Mode: COMMON
        Register Mode: RegComb
        CaSense Mode: NEITHER
        Treat as pin: False
        Is OE Registered: False
        Uses Analog: False
        Can contain Digital: True
        Is SIO: False
        SIO Output Buf: NONREGULATED
        SIO Input Buf: SINGLE_ENDED
        SIO HiFreq: LOW
        SIO Hyst: DISABLED
        SIO Vtrip: MULTIPLIER_0_5
        SIO Multiplier Index: 0
        SIO RefSel: VCC_IO
        Required Capabilities: DIGITAL
        Initial Value: 0
        IO Voltage: 0
    PORT MAP (
        pa_out => \LCD_Char_1:LCDPort(6)\__PA ,
        pad => \LCD_Char_1:LCDPort(6)_PAD\ );
    Properties:
    {
    }

Port 3 contains the following IO cells:
Port 12 contains the following IO cells:
Port 15 contains the following IO cells:
ARM group 0: empty
CAN group 0: empty
Cache group 0: empty
CapSense group 0: empty
Clock group 0: 
    Clock Block @ F(Clock,0): 
    clockblockcell: Name =ClockBlock
        PORT MAP (
            imo => ClockBlock_IMO ,
            pllout => ClockBlock_PLL_OUT ,
            ilo => ClockBlock_ILO ,
            clk_100k => ClockBlock_100k ,
            clk_1k => ClockBlock_1k ,
            clk_32k => ClockBlock_32k ,
            xtal => ClockBlock_XTAL ,
            clk_32k_xtal => ClockBlock_XTAL_32KHZ ,
            clk_sync => ClockBlock_MASTER_CLK ,
            clk_bus_glb => ClockBlock_BUS_CLK ,
            clk_bus => ClockBlock_BUS_CLK_local ,
            dclk_glb_0 => Net_182 ,
            dclk_0 => Net_182_local ,
            dclk_glb_1 => Net_10 ,
            dclk_1 => Net_10_local ,
            dclk_glb_2 => Net_130 ,
            dclk_2 => Net_130_local );
        Properties:
        {
        }
Comparator group 0: empty
DFB group 0: empty
DSM group 0: empty
Decimator group 0: empty
EMIF group 0: empty
I2C group 0: empty
LCD group 0: empty
LVD group 0: empty
PICU group 0: empty
PM group 0: empty
SC group 0: empty
SPC group 0: empty
Timer group 0: empty
USB group 0: empty
VIDAC group 0: empty
OpAmp group 0: empty
CsAbuf group 0: empty
Vref group 0: empty
LPF group 0: empty
SAR group 0: empty
ANAIF group 0: empty
PHUB group 0: empty
</CYPRESSTAG>
<CYPRESSTAG name="Port Configuration Details">

------------------------------------------------------------
Port Configuration report
------------------------------------------------------------
     |     |       | Interrupt |                  |                         | 
Port | Pin | Fixed |      Type |       Drive Mode |                    Name | Connections
-----+-----+-------+-----------+------------------+-------------------------+------------
   0 |   1 |     * |      NONE |         CMOS_OUT |              Trigger(0) | In(Net_76)
     |   2 |     * |      NONE |     HI_Z_DIGITAL |                 Echo(0) | FB(Net_167)
-----+-----+-------+-----------+------------------+-------------------------+------------
   2 |   0 |     * |      NONE |         CMOS_OUT | \LCD_Char_1:LCDPort(0)\ | 
     |   1 |     * |      NONE |         CMOS_OUT | \LCD_Char_1:LCDPort(1)\ | 
     |   2 |     * |      NONE |         CMOS_OUT | \LCD_Char_1:LCDPort(2)\ | 
     |   3 |     * |      NONE |         CMOS_OUT | \LCD_Char_1:LCDPort(3)\ | 
     |   4 |     * |      NONE |         CMOS_OUT | \LCD_Char_1:LCDPort(4)\ | 
     |   5 |     * |      NONE |         CMOS_OUT | \LCD_Char_1:LCDPort(5)\ | 
     |   6 |     * |      NONE |         CMOS_OUT | \LCD_Char_1:LCDPort(6)\ | 
-----------------------------------------------------------------------------------------
</CYPRESSTAG>
</CYPRESSTAG>
</CYPRESSTAG>
Digital component placer commit/Report: Elapsed time ==> 0s.015ms
Digital Placement phase: Elapsed time ==> 0s.921ms
</CYPRESSTAG>
<CYPRESSTAG name="Digital Routing">
"C:\Program Files (x86)\Cypress\PSoC Creator\4.2\PSoC Creator\bin/sjrouter.exe" --xml-path "C:\Program Files (x86)\Cypress\PSoC Creator\4.2\PSoC Creator\dev\psoc5/psoc5lp/route_arch-rrg.cydata" --vh2-path "part2a_r.vh2" --pcf-path "part2a.pco" --des-name "part2a" --dsf-path "part2a.dsf" --sdc-path "part2a.sdc" --lib-path "part2a_r.lib"
Routing successful.
Digital Routing phase: Elapsed time ==> 1s.155ms
</CYPRESSTAG>
<CYPRESSTAG name="Bitstream Generation">
Bitstream Generation phase: Elapsed time ==> 0s.187ms
</CYPRESSTAG>
<CYPRESSTAG name="Bitstream Verification">
Bitstream Verification phase: Elapsed time ==> 0s.031ms
</CYPRESSTAG>
<CYPRESSTAG name="Static timing analysis">
Warning: sta.M0021: part2a_timing.html: Warning-1350: Asynchronous path(s) exist from "Clock_2(routed)" to "Clock_1". See the timing report for details. (File=C:\Users\narking\Desktop\CE121\narking\labs\lab1\design\WorkspaceLab01\part2a.cydsn\part2a_timing.html)
Timing report is in part2a_timing.html.
Static timing analysis phase: Elapsed time ==> 0s.328ms
</CYPRESSTAG>
<CYPRESSTAG name="Data reporting">
Data reporting phase: Elapsed time ==> 0s.000ms
</CYPRESSTAG>
<CYPRESSTAG name="Database update...">
Design database save phase: Elapsed time ==> 0s.171ms
</CYPRESSTAG>
cydsfit: Elapsed time ==> 3s.327ms
</CYPRESSTAG>
Fitter phase: Elapsed time ==> 3s.327ms
API generation phase: Elapsed time ==> 0s.940ms
Dependency generation phase: Elapsed time ==> 0s.015ms
Cleanup phase: Elapsed time ==> 0s.000ms
